#
# There is insufficient memory for the Java Runtime Environment to continue.
# Native memory allocation (mmap) failed to map 48234496 bytes for G1 virtual space
# Possible reasons:
#   The system is out of physical RAM or swap space
#   The process is running with CompressedOops enabled, and the Java Heap may be blocking the growth of the native heap
# Possible solutions:
#   Reduce memory load on the system
#   Increase physical memory or swap space
#   Check if swap backing store is full
#   Decrease Java heap size (-Xmx/-Xms)
#   Decrease number of Java threads
#   Decrease Java thread stack sizes (-Xss)
#   Set larger code cache with -XX:ReservedCodeCacheSize=
#   JVM is running with Unscaled Compressed Oops mode in which the Java heap is
#     placed in the first 4GB address space. The Java Heap base address is the
#     maximum limit for the native heap growth. Please use -XX:HeapBaseMinAddress
#     to set the Java Heap base and to place the Java Heap above 4GB virtual address.
# This output file may be truncated or incomplete.
#
#  Out of Memory Error (os_windows.cpp:3769), pid=8668, tid=10208
#
# JRE version: OpenJDK Runtime Environment (17.0.6) (build 17.0.6+0-b2043.56-10027231)
# Java VM: OpenJDK 64-Bit Server VM (17.0.6+0-b2043.56-10027231, mixed mode, tiered, compressed oops, compressed class ptrs, g1 gc, windows-amd64)
# No core dump will be written. Minidumps are not enabled by default on client versions of Windows
#

---------------  S U M M A R Y ------------

Command Line: --add-opens=java.base/java.util=ALL-UNNAMED --add-opens=java.base/java.lang=ALL-UNNAMED --add-opens=java.base/java.lang.invoke=ALL-UNNAMED --add-opens=java.base/java.util=ALL-UNNAMED --add-opens=java.prefs/java.util.prefs=ALL-UNNAMED --add-opens=java.prefs/java.util.prefs=ALL-UNNAMED --add-opens=java.base/java.nio.charset=ALL-UNNAMED --add-opens=java.base/java.net=ALL-UNNAMED --add-opens=java.base/java.util.concurrent.atomic=ALL-UNNAMED -Xmx1536m -Dfile.encoding=GBK -Duser.country=CN -Duser.language=zh -Duser.variant org.gradle.launcher.daemon.bootstrap.GradleDaemon 7.3.3

Host: Intel(R) Celeron(R) CPU 2950M @ 2.00GHz, 2 cores, 7G,  Windows 11 , 64 bit Build 22621 (10.0.22621.2215)
Time: Sun Sep  3 11:46:08 2023  Windows 11 , 64 bit Build 22621 (10.0.22621.2215) elapsed time: 80.425162 seconds (0d 0h 1m 20s)

---------------  T H R E A D  ---------------

Current thread (0x00000263fabcfa90):  VMThread "VM Thread" [stack: 0x000000fc25900000,0x000000fc25a00000] [id=10208]

Stack: [0x000000fc25900000,0x000000fc25a00000]
Native frames: (J=compiled Java code, j=interpreted, Vv=VM code, C=native code)
V  [jvm.dll+0x683c9a]
V  [jvm.dll+0x8427a4]
V  [jvm.dll+0x843f9e]
V  [jvm.dll+0x844603]
V  [jvm.dll+0x249b75]
V  [jvm.dll+0x680b69]
V  [jvm.dll+0x67505a]
V  [jvm.dll+0x309acb]
V  [jvm.dll+0x310f86]
V  [jvm.dll+0x3608ee]
V  [jvm.dll+0x360b1f]
V  [jvm.dll+0x2dfbf8]
V  [jvm.dll+0x2e2ce6]
V  [jvm.dll+0x2ed478]
V  [jvm.dll+0x322150]
V  [jvm.dll+0x848ccb]
V  [jvm.dll+0x849a04]
V  [jvm.dll+0x849f1d]
V  [jvm.dll+0x84a2f4]
V  [jvm.dll+0x84a3c0]
V  [jvm.dll+0x7f274a]
V  [jvm.dll+0x682ad5]
C  [ucrtbase.dll+0x29363]
C  [KERNEL32.DLL+0x1257d]
C  [ntdll.dll+0x5aa68]

VM_Operation (0x000000fc255ff6f0): G1Concurrent, mode: safepoint, requested by thread 0x00000263e2df08e0


---------------  P R O C E S S  ---------------

Threads class SMR info:
_java_thread_list=0x00000263fea5d560, length=60, elements={
0x00000263e2d98f60, 0x00000263fac17410, 0x00000263fac18500, 0x00000263fac77930,
0x00000263fac396c0, 0x00000263fac3b180, 0x00000263fac3bb30, 0x00000263fb82cef0,
0x00000263fb893790, 0x00000263fac7cb90, 0x00000263fb99ba00, 0x00000263fb9ad930,
0x00000263fca413d0, 0x00000263fc9746d0, 0x00000263fd223ac0, 0x00000263fd223f90,
0x00000263fcaa1430, 0x00000263fc446430, 0x00000263fc446900, 0x00000263fd276380,
0x00000263fca76550, 0x00000263fca73a00, 0x00000263fca74870, 0x00000263fca73ed0,
0x00000263fca76a20, 0x00000263fca743a0, 0x00000263fca75210, 0x00000263fca756e0,
0x00000263fca73530, 0x00000263fca76080, 0x00000263fca75bb0, 0x00000263fe04f970,
0x00000263fe04e630, 0x00000263fe051650, 0x00000263fe051b20, 0x00000263fe04fe40,
0x00000263fe050cb0, 0x00000263fe04efd0, 0x00000263fe050310, 0x00000263fe04dc90,
0x00000263fe04eb00, 0x00000263fe053800, 0x00000263fe04f4a0, 0x00000263fe04d7c0,
0x00000263fe04c950, 0x00000263fe053cd0, 0x00000263fe051180, 0x00000263fe051ff0,
0x00000263fe04c480, 0x00000263fe04ce20, 0x00000263fe04d2f0, 0x00000263fe36c3f0,
0x00000263fe36cd90, 0x00000263fe36ea70, 0x00000263fe36b580, 0x00000263fe36a240,
0x00000263fe36d730, 0x00000263fe36ba50, 0x00000263fe36dc00, 0x00000263fe3698a0
}
_to_delete_list=0x00000263807b48f0, length=61, elements={
0x00000263e2d98f60, 0x00000263fac17410, 0x00000263fac18500, 0x00000263fac77930,
0x00000263fac396c0, 0x00000263fac3b180, 0x00000263fac3bb30, 0x00000263fb82cef0,
0x00000263fb893790, 0x00000263fac7cb90, 0x00000263fb99ba00, 0x00000263fb9ad930,
0x00000263fca413d0, 0x00000263fc9746d0, 0x00000263fd223ac0, 0x00000263fd223f90,
0x00000263fcaa1430, 0x00000263fc446430, 0x00000263fc446900, 0x00000263fd276380,
0x00000263fca73060, 0x00000263fca76550, 0x00000263fca73a00, 0x00000263fca74870,
0x00000263fca73ed0, 0x00000263fca76a20, 0x00000263fca743a0, 0x00000263fca75210,
0x00000263fca756e0, 0x00000263fca73530, 0x00000263fca76080, 0x00000263fca75bb0,
0x00000263fe04f970, 0x00000263fe04e630, 0x00000263fe051650, 0x00000263fe051b20,
0x00000263fe04fe40, 0x00000263fe050cb0, 0x00000263fe04efd0, 0x00000263fe050310,
0x00000263fe04dc90, 0x00000263fe04eb00, 0x00000263fe053800, 0x00000263fe04f4a0,
0x00000263fe04d7c0, 0x00000263fe04c950, 0x00000263fe053cd0, 0x00000263fe051180,
0x00000263fe051ff0, 0x00000263fe04c480, 0x00000263fe04ce20, 0x00000263fe04d2f0,
0x00000263fe36c3f0, 0x00000263fe36cd90, 0x00000263fe36ea70, 0x00000263fe36b580,
0x00000263fe36a240, 0x00000263fe36d730, 0x00000263fe36ba50, 0x00000263fe36dc00,
0x00000263fe3698a0
}

Java Threads: ( => current thread )
  0x00000263e2d98f60 JavaThread "main" [_thread_blocked, id=11868, stack(0x000000fc25300000,0x000000fc25400000)]
  0x00000263fac17410 JavaThread "Reference Handler" daemon [_thread_blocked, id=8084, stack(0x000000fc25a00000,0x000000fc25b00000)]
  0x00000263fac18500 JavaThread "Finalizer" daemon [_thread_blocked, id=8836, stack(0x000000fc25b00000,0x000000fc25c00000)]
  0x00000263fac77930 JavaThread "Signal Dispatcher" daemon [_thread_blocked, id=6228, stack(0x000000fc25c00000,0x000000fc25d00000)]
  0x00000263fac396c0 JavaThread "Attach Listener" daemon [_thread_blocked, id=12396, stack(0x000000fc25d00000,0x000000fc25e00000)]
  0x00000263fac3b180 JavaThread "Service Thread" daemon [_thread_blocked, id=12248, stack(0x000000fc25e00000,0x000000fc25f00000)]
  0x00000263fac3bb30 JavaThread "Monitor Deflation Thread" daemon [_thread_blocked, id=10844, stack(0x000000fc25f00000,0x000000fc26000000)]
  0x00000263fb82cef0 JavaThread "C2 CompilerThread0" daemon [_thread_blocked, id=9012, stack(0x000000fc26000000,0x000000fc26100000)]
  0x00000263fb893790 JavaThread "C1 CompilerThread0" daemon [_thread_blocked, id=11144, stack(0x000000fc26100000,0x000000fc26200000)]
  0x00000263fac7cb90 JavaThread "Sweeper thread" daemon [_thread_blocked, id=10016, stack(0x000000fc26200000,0x000000fc26300000)]
  0x00000263fb99ba00 JavaThread "Common-Cleaner" daemon [_thread_blocked, id=6140, stack(0x000000fc26300000,0x000000fc26400000)]
  0x00000263fb9ad930 JavaThread "Notification Thread" daemon [_thread_blocked, id=10232, stack(0x000000fc26400000,0x000000fc26500000)]
  0x00000263fca413d0 JavaThread "Daemon health stats" [_thread_blocked, id=4876, stack(0x000000fc26700000,0x000000fc26800000)]
  0x00000263fc9746d0 JavaThread "Incoming local TCP Connector on port 50681" [_thread_in_native, id=9824, stack(0x000000fc26800000,0x000000fc26900000)]
  0x00000263fd223ac0 JavaThread "Daemon periodic checks" [_thread_blocked, id=2320, stack(0x000000fc26900000,0x000000fc26a00000)]
  0x00000263fd223f90 JavaThread "Daemon" [_thread_blocked, id=12940, stack(0x000000fc26a00000,0x000000fc26b00000)]
  0x00000263fcaa1430 JavaThread "Handler for socket connection from /127.0.0.1:50681 to /127.0.0.1:50682" [_thread_in_native, id=12672, stack(0x000000fc26b00000,0x000000fc26c00000)]
  0x00000263fc446430 JavaThread "Cancel handler" [_thread_blocked, id=444, stack(0x000000fc26c00000,0x000000fc26d00000)]
  0x00000263fc446900 JavaThread "Daemon worker" [_thread_blocked, id=10936, stack(0x000000fc26d00000,0x000000fc26e00000)]
  0x00000263fd276380 JavaThread "Asynchronous log dispatcher for DefaultDaemonConnection: socket connection from /127.0.0.1:50681 to /127.0.0.1:50682" [_thread_blocked, id=11864, stack(0x000000fc26e00000,0x000000fc26f00000)]
  0x00000263fca76550 JavaThread "Daemon client event forwarder" [_thread_blocked, id=12984, stack(0x000000fc27000000,0x000000fc27100000)]
  0x00000263fca73a00 JavaThread "Cache worker for journal cache (C:\Users\LiuJu\.gradle\caches\journal-1)" [_thread_blocked, id=11628, stack(0x000000fc27100000,0x000000fc27200000)]
  0x00000263fca74870 JavaThread "File lock request listener" [_thread_in_native, id=1772, stack(0x000000fc27200000,0x000000fc27300000)]
  0x00000263fca73ed0 JavaThread "Cache worker for file hash cache (C:\Users\LiuJu\.gradle\caches\7.3.3\fileHashes)" [_thread_blocked, id=2448, stack(0x000000fc27300000,0x000000fc27400000)]
  0x00000263fca76a20 JavaThread "Cache worker for file hash cache (D:\StudioProjects\aueUI_DexMode\.gradle\7.3.3\fileHashes)" [_thread_blocked, id=11224, stack(0x000000fc27400000,0x000000fc27500000)]
  0x00000263fca743a0 JavaThread "File lock release action executor" [_thread_blocked, id=13100, stack(0x000000fc27500000,0x000000fc27600000)]
  0x00000263fca75210 JavaThread "File watcher server" daemon [_thread_in_native, id=4392, stack(0x000000fc27600000,0x000000fc27700000)]
  0x00000263fca756e0 JavaThread "File watcher consumer" daemon [_thread_blocked, id=12988, stack(0x000000fc27700000,0x000000fc27800000)]
  0x00000263fca73530 JavaThread "jar transforms" [_thread_blocked, id=7100, stack(0x000000fc27800000,0x000000fc27900000)]
  0x00000263fca76080 JavaThread "jar transforms Thread 2" [_thread_blocked, id=5424, stack(0x000000fc27900000,0x000000fc27a00000)]
  0x00000263fca75bb0 JavaThread "Cache worker for checksums cache (D:\StudioProjects\aueUI_DexMode\.gradle\7.3.3\checksums)" [_thread_blocked, id=5616, stack(0x000000fc27a00000,0x000000fc27b00000)]
  0x00000263fe04f970 JavaThread "Cache worker for cache directory md-supplier (C:\Users\LiuJu\.gradle\caches\7.3.3\md-supplier)" [_thread_blocked, id=10664, stack(0x000000fc27b00000,0x000000fc27c00000)]
  0x00000263fe04e630 JavaThread "Cache worker for cache directory md-rule (C:\Users\LiuJu\.gradle\caches\7.3.3\md-rule)" [_thread_blocked, id=8128, stack(0x000000fc27c00000,0x000000fc27d00000)]
  0x00000263fe051650 JavaThread "Cache worker for execution history cache (C:\Users\LiuJu\.gradle\caches\7.3.3\executionHistory)" [_thread_blocked, id=8592, stack(0x000000fc27d00000,0x000000fc27e00000)]
  0x00000263fe051b20 JavaThread "Cache worker for file content cache (C:\Users\LiuJu\.gradle\caches\7.3.3\fileContent)" [_thread_blocked, id=6548, stack(0x000000fc27e00000,0x000000fc27f00000)]
  0x00000263fe04fe40 JavaThread "Cache worker for dependencies-accessors (D:\StudioProjects\aueUI_DexMode\.gradle\7.3.3\dependencies-accessors)" [_thread_blocked, id=12632, stack(0x000000fc28100000,0x000000fc28200000)]
  0x00000263fe050cb0 JavaThread "Cache worker for Build Output Cleanup Cache (D:\StudioProjects\aueUI_DexMode\.gradle\buildOutputCleanup)" [_thread_blocked, id=1912, stack(0x000000fc28200000,0x000000fc28300000)]
  0x00000263fe04efd0 JavaThread "Unconstrained build operations" [_thread_blocked, id=11364, stack(0x000000fc28300000,0x000000fc28400000)]
  0x00000263fe050310 JavaThread "Unconstrained build operations Thread 2" [_thread_blocked, id=1264, stack(0x000000fc28400000,0x000000fc28500000)]
  0x00000263fe04dc90 JavaThread "Unconstrained build operations Thread 3" [_thread_blocked, id=8832, stack(0x000000fc28500000,0x000000fc28600000)]
  0x00000263fe04eb00 JavaThread "Unconstrained build operations Thread 4" [_thread_blocked, id=3068, stack(0x000000fc28600000,0x000000fc28700000)]
  0x00000263fe053800 JavaThread "Unconstrained build operations Thread 5" [_thread_blocked, id=12484, stack(0x000000fc28700000,0x000000fc28800000)]
  0x00000263fe04f4a0 JavaThread "Unconstrained build operations Thread 6" [_thread_blocked, id=44, stack(0x000000fc28800000,0x000000fc28900000)]
  0x00000263fe04d7c0 JavaThread "Unconstrained build operations Thread 7" [_thread_blocked, id=12960, stack(0x000000fc28900000,0x000000fc28a00000)]
  0x00000263fe04c950 JavaThread "Unconstrained build operations Thread 8" [_thread_blocked, id=11008, stack(0x000000fc28a00000,0x000000fc28b00000)]
  0x00000263fe053cd0 JavaThread "Unconstrained build operations Thread 9" [_thread_blocked, id=10800, stack(0x000000fc28b00000,0x000000fc28c00000)]
  0x00000263fe051180 JavaThread "Unconstrained build operations Thread 10" [_thread_blocked, id=6152, stack(0x000000fc28c00000,0x000000fc28d00000)]
  0x00000263fe051ff0 JavaThread "Unconstrained build operations Thread 11" [_thread_blocked, id=12900, stack(0x000000fc28d00000,0x000000fc28e00000)]
  0x00000263fe04c480 JavaThread "Unconstrained build operations Thread 12" [_thread_blocked, id=12532, stack(0x000000fc28e00000,0x000000fc28f00000)]
  0x00000263fe04ce20 JavaThread "Unconstrained build operations Thread 13" [_thread_blocked, id=3704, stack(0x000000fc28f00000,0x000000fc29000000)]
  0x00000263fe04d2f0 JavaThread "Unconstrained build operations Thread 14" [_thread_blocked, id=10472, stack(0x000000fc29000000,0x000000fc29100000)]
  0x00000263fe36c3f0 JavaThread "Unconstrained build operations Thread 15" [_thread_blocked, id=10100, stack(0x000000fc29100000,0x000000fc29200000)]
  0x00000263fe36cd90 JavaThread "Unconstrained build operations Thread 16" [_thread_blocked, id=1704, stack(0x000000fc29200000,0x000000fc29300000)]
  0x00000263fe36ea70 JavaThread "Unconstrained build operations Thread 17" [_thread_blocked, id=9756, stack(0x000000fc29300000,0x000000fc29400000)]
  0x00000263fe36b580 JavaThread "Unconstrained build operations Thread 18" [_thread_blocked, id=5124, stack(0x000000fc29400000,0x000000fc29500000)]
  0x00000263fe36a240 JavaThread "Unconstrained build operations Thread 19" [_thread_blocked, id=11236, stack(0x000000fc29500000,0x000000fc29600000)]
  0x00000263fe36d730 JavaThread "Unconstrained build operations Thread 20" [_thread_blocked, id=13052, stack(0x000000fc29600000,0x000000fc29700000)]
  0x00000263fe36ba50 JavaThread "Memory manager" [_thread_blocked, id=11036, stack(0x000000fc25100000,0x000000fc25200000)]
  0x00000263fe36dc00 JavaThread "Cache worker for execution history cache (D:\StudioProjects\aueUI_DexMode\.gradle\7.3.3\executionHistory)" [_thread_blocked, id=1860, stack(0x000000fc29700000,0x000000fc29800000)]
  0x00000263fe3698a0 JavaThread "idea-tooling-model-converter" [_thread_blocked, id=756, stack(0x000000fc25200000,0x000000fc25300000)]

Other Threads:
=>0x00000263fabcfa90 VMThread "VM Thread" [stack: 0x000000fc25900000,0x000000fc25a00000] [id=10208]
  0x00000263fb9afe10 WatcherThread [stack: 0x000000fc26500000,0x000000fc26600000] [id=9644]
  0x00000263e2de39a0 GCTaskThread "GC Thread#0" [stack: 0x000000fc25400000,0x000000fc25500000] [id=5312]
  0x00000263fba5d060 GCTaskThread "GC Thread#1" [stack: 0x000000fc26600000,0x000000fc26700000] [id=6132]
  0x00000263e2df08e0 ConcurrentGCThread "G1 Main Marker" [stack: 0x000000fc25500000,0x000000fc25600000] [id=13028]
  0x00000263e2df2300 ConcurrentGCThread "G1 Conc#0" [stack: 0x000000fc25600000,0x000000fc25700000] [id=4924]
  0x00000263faa90090 ConcurrentGCThread "G1 Refine#0" [stack: 0x000000fc25700000,0x000000fc25800000] [id=10944]
  0x00000263faa91250 ConcurrentGCThread "G1 Service" [stack: 0x000000fc25800000,0x000000fc25900000] [id=12856]

Threads with active compile tasks:
C2 CompilerThread0    80606 8881       4       groovy.lang.MetaClassImpl::createMetaBeanProperty (35 bytes)

VM state: at safepoint (normal execution)

VM Mutex/Monitor currently owned by a thread:  ([mutex/lock_event])
[0x00000263e2d93e70] Threads_lock - owner thread: 0x00000263fabcfa90
[0x00000263e2d94260] Heap_lock - owner thread: 0x00000263e2df08e0

Heap address: 0x00000000a0000000, size: 1536 MB, Compressed Oops mode: 32-bit

CDS archive(s) not mapped
Compressed class space mapped at: 0x0000000100000000-0x0000000140000000, reserved size: 1073741824
Narrow klass base: 0x0000000000000000, Narrow klass shift: 3, Narrow klass range: 0x140000000

GC Precious Log:
 CPUs: 2 total, 2 available
 Memory: 8108M
 Large Page Support: Disabled
 NUMA Support: Disabled
 Compressed Oops: Enabled (32-bit)
 Heap Region Size: 1M
 Heap Min Capacity: 8M
 Heap Initial Capacity: 128M
 Heap Max Capacity: 1536M
 Pre-touch: Disabled
 Parallel Workers: 2
 Concurrent Workers: 1
 Concurrent Refinement Workers: 2
 Periodic GC: Disabled

Heap:
 garbage-first heap   total 173056K, used 130175K [0x00000000a0000000, 0x0000000100000000)
  region size 1024K, 3 young (3072K), 2 survivors (2048K)
 Metaspace       used 79707K, committed 80384K, reserved 1122304K
  class space    used 10697K, committed 11008K, reserved 1048576K

Heap Regions: E=young(eden), S=young(survivor), O=old, HS=humongous(starts), HC=humongous(continues), CS=collection set, F=free, OA=open archive, CA=closed archive, TAMS=top-at-mark-start (previous, next)
|   0|0x00000000a0000000, 0x00000000a0100000, 0x00000000a0100000|100%| O|  |TAMS 0x00000000a0100000, 0x00000000a0000000| Untracked 
|   1|0x00000000a0100000, 0x00000000a0200000, 0x00000000a0200000|100%|HS|  |TAMS 0x00000000a0200000, 0x00000000a0100000| Complete 
|   2|0x00000000a0200000, 0x00000000a0300000, 0x00000000a0300000|100%|HC|  |TAMS 0x00000000a0300000, 0x00000000a0200000| Complete 
|   3|0x00000000a0300000, 0x00000000a0400000, 0x00000000a0400000|100%|HC|  |TAMS 0x00000000a0400000, 0x00000000a0300000| Complete 
|   4|0x00000000a0400000, 0x00000000a0500000, 0x00000000a0500000|100%| O|  |TAMS 0x00000000a0500000, 0x00000000a0400000| Untracked 
|   5|0x00000000a0500000, 0x00000000a0600000, 0x00000000a0600000|100%| O|  |TAMS 0x00000000a0600000, 0x00000000a0500000| Untracked 
|   6|0x00000000a0600000, 0x00000000a0700000, 0x00000000a0700000|100%| O|  |TAMS 0x00000000a0700000, 0x00000000a0600000| Updating 
|   7|0x00000000a0700000, 0x00000000a0800000, 0x00000000a0800000|100%| O|  |TAMS 0x00000000a0800000, 0x00000000a0700000| Untracked 
|   8|0x00000000a0800000, 0x00000000a08f8400, 0x00000000a0900000| 96%| O|  |TAMS 0x00000000a08f8400, 0x00000000a0800000| Untracked 
|   9|0x00000000a0900000, 0x00000000a0a00000, 0x00000000a0a00000|100%| O|  |TAMS 0x00000000a0a00000, 0x00000000a0900000| Untracked 
|  10|0x00000000a0a00000, 0x00000000a0b00000, 0x00000000a0b00000|100%| O|  |TAMS 0x00000000a0b00000, 0x00000000a0a00000| Untracked 
|  11|0x00000000a0b00000, 0x00000000a0c00000, 0x00000000a0c00000|100%| O|  |TAMS 0x00000000a0c00000, 0x00000000a0b00000| Untracked 
|  12|0x00000000a0c00000, 0x00000000a0d00000, 0x00000000a0d00000|100%| O|  |TAMS 0x00000000a0d00000, 0x00000000a0c00000| Untracked 
|  13|0x00000000a0d00000, 0x00000000a0e00000, 0x00000000a0e00000|100%| O|  |TAMS 0x00000000a0e00000, 0x00000000a0d00000| Untracked 
|  14|0x00000000a0e00000, 0x00000000a0f00000, 0x00000000a0f00000|100%| O|  |TAMS 0x00000000a0f00000, 0x00000000a0e00000| Untracked 
|  15|0x00000000a0f00000, 0x00000000a1000000, 0x00000000a1000000|100%| O|  |TAMS 0x00000000a1000000, 0x00000000a0f00000| Untracked 
|  16|0x00000000a1000000, 0x00000000a1100000, 0x00000000a1100000|100%| O|  |TAMS 0x00000000a1100000, 0x00000000a1000000| Untracked 
|  17|0x00000000a1100000, 0x00000000a1200000, 0x00000000a1200000|100%|HS|  |TAMS 0x00000000a1200000, 0x00000000a1100000| Complete 
|  18|0x00000000a1200000, 0x00000000a1300000, 0x00000000a1300000|100%|HC|  |TAMS 0x00000000a1300000, 0x00000000a1200000| Complete 
|  19|0x00000000a1300000, 0x00000000a1400000, 0x00000000a1400000|100%|HS|  |TAMS 0x00000000a1400000, 0x00000000a1300000| Complete 
|  20|0x00000000a1400000, 0x00000000a1500000, 0x00000000a1500000|100%|HC|  |TAMS 0x00000000a1500000, 0x00000000a1400000| Complete 
|  21|0x00000000a1500000, 0x00000000a1600000, 0x00000000a1600000|100%|HC|  |TAMS 0x00000000a1600000, 0x00000000a1500000| Complete 
|  22|0x00000000a1600000, 0x00000000a1700000, 0x00000000a1700000|100%| O|  |TAMS 0x00000000a1700000, 0x00000000a1600000| Updating 
|  23|0x00000000a1700000, 0x00000000a1800000, 0x00000000a1800000|100%| O|  |TAMS 0x00000000a1800000, 0x00000000a1700000| Untracked 
|  24|0x00000000a1800000, 0x00000000a1900000, 0x00000000a1900000|100%|HS|  |TAMS 0x00000000a1900000, 0x00000000a1800000| Complete 
|  25|0x00000000a1900000, 0x00000000a1a00000, 0x00000000a1a00000|100%|HC|  |TAMS 0x00000000a1a00000, 0x00000000a1900000| Complete 
|  26|0x00000000a1a00000, 0x00000000a1b00000, 0x00000000a1b00000|100%|HC|  |TAMS 0x00000000a1b00000, 0x00000000a1a00000| Complete 
|  27|0x00000000a1b00000, 0x00000000a1c00000, 0x00000000a1c00000|100%|HS|  |TAMS 0x00000000a1c00000, 0x00000000a1b00000| Complete 
|  28|0x00000000a1c00000, 0x00000000a1d00000, 0x00000000a1d00000|100%| O|  |TAMS 0x00000000a1d00000, 0x00000000a1c00000| Updating 
|  29|0x00000000a1d00000, 0x00000000a1e00000, 0x00000000a1e00000|100%| O|  |TAMS 0x00000000a1e00000, 0x00000000a1d00000| Untracked 
|  30|0x00000000a1e00000, 0x00000000a1f00000, 0x00000000a1f00000|100%| O|  |TAMS 0x00000000a1f00000, 0x00000000a1e00000| Untracked 
|  31|0x00000000a1f00000, 0x00000000a2000000, 0x00000000a2000000|100%|HS|  |TAMS 0x00000000a2000000, 0x00000000a1f00000| Complete 
|  32|0x00000000a2000000, 0x00000000a2100000, 0x00000000a2100000|100%|HC|  |TAMS 0x00000000a2100000, 0x00000000a2000000| Complete 
|  33|0x00000000a2100000, 0x00000000a2200000, 0x00000000a2200000|100%| O|  |TAMS 0x00000000a2200000, 0x00000000a2100000| Updating 
|  34|0x00000000a2200000, 0x00000000a2300000, 0x00000000a2300000|100%| O|  |TAMS 0x00000000a2300000, 0x00000000a2200000| Updating 
|  35|0x00000000a2300000, 0x00000000a2400000, 0x00000000a2400000|100%| O|  |TAMS 0x00000000a2400000, 0x00000000a2300000| Untracked 
|  36|0x00000000a2400000, 0x00000000a2500000, 0x00000000a2500000|100%| O|  |TAMS 0x00000000a2500000, 0x00000000a2400000| Untracked 
|  37|0x00000000a2500000, 0x00000000a2600000, 0x00000000a2600000|100%| O|  |TAMS 0x00000000a2600000, 0x00000000a2500000| Untracked 
|  38|0x00000000a2600000, 0x00000000a2700000, 0x00000000a2700000|100%| O|  |TAMS 0x00000000a2700000, 0x00000000a2600000| Untracked 
|  39|0x00000000a2700000, 0x00000000a2800000, 0x00000000a2800000|100%| O|  |TAMS 0x00000000a2800000, 0x00000000a2700000| Untracked 
|  40|0x00000000a2800000, 0x00000000a2900000, 0x00000000a2900000|100%| O|  |TAMS 0x00000000a2900000, 0x00000000a2800000| Untracked 
|  41|0x00000000a2900000, 0x00000000a2a00000, 0x00000000a2a00000|100%|HS|  |TAMS 0x00000000a2a00000, 0x00000000a2900000| Complete 
|  42|0x00000000a2a00000, 0x00000000a2b00000, 0x00000000a2b00000|100%|HC|  |TAMS 0x00000000a2b00000, 0x00000000a2a00000| Complete 
|  43|0x00000000a2b00000, 0x00000000a2c00000, 0x00000000a2c00000|100%|HC|  |TAMS 0x00000000a2c00000, 0x00000000a2b00000| Complete 
|  44|0x00000000a2c00000, 0x00000000a2d00000, 0x00000000a2d00000|100%|HC|  |TAMS 0x00000000a2d00000, 0x00000000a2c00000| Complete 
|  45|0x00000000a2d00000, 0x00000000a2e00000, 0x00000000a2e00000|100%|HC|  |TAMS 0x00000000a2e00000, 0x00000000a2d00000| Complete 
|  46|0x00000000a2e00000, 0x00000000a2f00000, 0x00000000a2f00000|100%|HC|  |TAMS 0x00000000a2f00000, 0x00000000a2e00000| Complete 
|  47|0x00000000a2f00000, 0x00000000a3000000, 0x00000000a3000000|100%|HC|  |TAMS 0x00000000a3000000, 0x00000000a2f00000| Complete 
|  48|0x00000000a3000000, 0x00000000a3100000, 0x00000000a3100000|100%|HC|  |TAMS 0x00000000a3100000, 0x00000000a3000000| Complete 
|  49|0x00000000a3100000, 0x00000000a3200000, 0x00000000a3200000|100%|HC|  |TAMS 0x00000000a3200000, 0x00000000a3100000| Complete 
|  50|0x00000000a3200000, 0x00000000a3300000, 0x00000000a3300000|100%|HC|  |TAMS 0x00000000a3300000, 0x00000000a3200000| Complete 
|  51|0x00000000a3300000, 0x00000000a3400000, 0x00000000a3400000|100%|HC|  |TAMS 0x00000000a3400000, 0x00000000a3300000| Complete 
|  52|0x00000000a3400000, 0x00000000a3500000, 0x00000000a3500000|100%|HC|  |TAMS 0x00000000a3500000, 0x00000000a3400000| Complete 
|  53|0x00000000a3500000, 0x00000000a3600000, 0x00000000a3600000|100%| O|  |TAMS 0x00000000a3600000, 0x00000000a3500000| Untracked 
|  54|0x00000000a3600000, 0x00000000a3700000, 0x00000000a3700000|100%| O|  |TAMS 0x00000000a3700000, 0x00000000a3600000| Untracked 
|  55|0x00000000a3700000, 0x00000000a3800000, 0x00000000a3800000|100%| O|  |TAMS 0x00000000a3800000, 0x00000000a3700000| Updating 
|  56|0x00000000a3800000, 0x00000000a3900000, 0x00000000a3900000|100%|HS|  |TAMS 0x00000000a3900000, 0x00000000a3800000| Complete 
|  57|0x00000000a3900000, 0x00000000a3a00000, 0x00000000a3a00000|100%|HC|  |TAMS 0x00000000a3a00000, 0x00000000a3900000| Complete 
|  58|0x00000000a3a00000, 0x00000000a3b00000, 0x00000000a3b00000|100%|HC|  |TAMS 0x00000000a3b00000, 0x00000000a3a00000| Complete 
|  59|0x00000000a3b00000, 0x00000000a3c00000, 0x00000000a3c00000|100%|HS|  |TAMS 0x00000000a3c00000, 0x00000000a3b00000| Complete 
|  60|0x00000000a3c00000, 0x00000000a3d00000, 0x00000000a3d00000|100%|HC|  |TAMS 0x00000000a3d00000, 0x00000000a3c00000| Complete 
|  61|0x00000000a3d00000, 0x00000000a3e00000, 0x00000000a3e00000|100%|HC|  |TAMS 0x00000000a3e00000, 0x00000000a3d00000| Complete 
|  62|0x00000000a3e00000, 0x00000000a3f00000, 0x00000000a3f00000|100%| O|  |TAMS 0x00000000a3f00000, 0x00000000a3e00000| Updating 
|  63|0x00000000a3f00000, 0x00000000a4000000, 0x00000000a4000000|100%| O|  |TAMS 0x00000000a4000000, 0x00000000a3f00000| Untracked 
|  64|0x00000000a4000000, 0x00000000a4100000, 0x00000000a4100000|100%| O|  |TAMS 0x00000000a4100000, 0x00000000a4000000| Untracked 
|  65|0x00000000a4100000, 0x00000000a4200000, 0x00000000a4200000|100%| O|  |TAMS 0x00000000a4200000, 0x00000000a4100000| Untracked 
|  66|0x00000000a4200000, 0x00000000a4300000, 0x00000000a4300000|100%| O|  |TAMS 0x00000000a4300000, 0x00000000a4200000| Untracked 
|  67|0x00000000a4300000, 0x00000000a4400000, 0x00000000a4400000|100%| O|  |TAMS 0x00000000a4400000, 0x00000000a4300000| Untracked 
|  68|0x00000000a4400000, 0x00000000a4500000, 0x00000000a4500000|100%| O|  |TAMS 0x00000000a4500000, 0x00000000a4400000| Untracked 
|  69|0x00000000a4500000, 0x00000000a4600000, 0x00000000a4600000|100%|HS|  |TAMS 0x00000000a4600000, 0x00000000a4500000| Complete 
|  70|0x00000000a4600000, 0x00000000a4700000, 0x00000000a4700000|100%| O|  |TAMS 0x00000000a4700000, 0x00000000a4600000| Untracked 
|  71|0x00000000a4700000, 0x00000000a4800000, 0x00000000a4800000|100%| O|  |TAMS 0x00000000a4800000, 0x00000000a4700000| Untracked 
|  72|0x00000000a4800000, 0x00000000a4900000, 0x00000000a4900000|100%| O|  |TAMS 0x00000000a4900000, 0x00000000a4800000| Untracked 
|  73|0x00000000a4900000, 0x00000000a4a00000, 0x00000000a4a00000|100%|HS|  |TAMS 0x00000000a4a00000, 0x00000000a4900000| Complete 
|  74|0x00000000a4a00000, 0x00000000a4b00000, 0x00000000a4b00000|100%|HC|  |TAMS 0x00000000a4b00000, 0x00000000a4a00000| Complete 
|  75|0x00000000a4b00000, 0x00000000a4b00000, 0x00000000a4c00000|  0%| F|  |TAMS 0x00000000a4b00000, 0x00000000a4b00000| Untracked 
|  76|0x00000000a4c00000, 0x00000000a4d00000, 0x00000000a4d00000|100%| O|  |TAMS 0x00000000a4d00000, 0x00000000a4c00000| Untracked 
|  77|0x00000000a4d00000, 0x00000000a4e00000, 0x00000000a4e00000|100%| O|  |TAMS 0x00000000a4e00000, 0x00000000a4d00000| Untracked 
|  78|0x00000000a4e00000, 0x00000000a4f00000, 0x00000000a4f00000|100%| O|  |TAMS 0x00000000a4f00000, 0x00000000a4e00000| Untracked 
|  79|0x00000000a4f00000, 0x00000000a5000000, 0x00000000a5000000|100%| O|  |TAMS 0x00000000a5000000, 0x00000000a4f00000| Untracked 
|  80|0x00000000a5000000, 0x00000000a5100000, 0x00000000a5100000|100%| O|  |TAMS 0x00000000a5100000, 0x00000000a5000000| Untracked 
|  81|0x00000000a5100000, 0x00000000a5200000, 0x00000000a5200000|100%| O|  |TAMS 0x00000000a5200000, 0x00000000a5100000| Updating 
|  82|0x00000000a5200000, 0x00000000a5300000, 0x00000000a5300000|100%| O|  |TAMS 0x00000000a5300000, 0x00000000a5200000| Untracked 
|  83|0x00000000a5300000, 0x00000000a5400000, 0x00000000a5400000|100%| O|  |TAMS 0x00000000a5400000, 0x00000000a5300000| Untracked 
|  84|0x00000000a5400000, 0x00000000a5500000, 0x00000000a5500000|100%| O|  |TAMS 0x00000000a5500000, 0x00000000a5400000| Untracked 
|  85|0x00000000a5500000, 0x00000000a5600000, 0x00000000a5600000|100%| O|  |TAMS 0x00000000a5600000, 0x00000000a5500000| Untracked 
|  86|0x00000000a5600000, 0x00000000a5700000, 0x00000000a5700000|100%| O|  |TAMS 0x00000000a5700000, 0x00000000a5600000| Updating 
|  87|0x00000000a5700000, 0x00000000a5800000, 0x00000000a5800000|100%| O|  |TAMS 0x00000000a5800000, 0x00000000a5700000| Untracked 
|  88|0x00000000a5800000, 0x00000000a5900000, 0x00000000a5900000|100%| O|  |TAMS 0x00000000a5900000, 0x00000000a5800000| Untracked 
|  89|0x00000000a5900000, 0x00000000a5a00000, 0x00000000a5a00000|100%| O|  |TAMS 0x00000000a5a00000, 0x00000000a5900000| Untracked 
|  90|0x00000000a5a00000, 0x00000000a5b00000, 0x00000000a5b00000|100%| O|  |TAMS 0x00000000a5b00000, 0x00000000a5a00000| Untracked 
|  91|0x00000000a5b00000, 0x00000000a5c00000, 0x00000000a5c00000|100%| O|  |TAMS 0x00000000a5c00000, 0x00000000a5b00000| Untracked 
|  92|0x00000000a5c00000, 0x00000000a5d00000, 0x00000000a5d00000|100%| O|  |TAMS 0x00000000a5d00000, 0x00000000a5c00000| Untracked 
|  93|0x00000000a5d00000, 0x00000000a5e00000, 0x00000000a5e00000|100%| O|  |TAMS 0x00000000a5e00000, 0x00000000a5d00000| Untracked 
|  94|0x00000000a5e00000, 0x00000000a5f00000, 0x00000000a5f00000|100%| O|  |TAMS 0x00000000a5f00000, 0x00000000a5e00000| Untracked 
|  95|0x00000000a5f00000, 0x00000000a6000000, 0x00000000a6000000|100%| O|  |TAMS 0x00000000a6000000, 0x00000000a5f00000| Updating 
|  96|0x00000000a6000000, 0x00000000a6100000, 0x00000000a6100000|100%|HS|  |TAMS 0x00000000a6100000, 0x00000000a6000000| Complete 
|  97|0x00000000a6100000, 0x00000000a6200000, 0x00000000a6200000|100%|HC|  |TAMS 0x00000000a6200000, 0x00000000a6100000| Complete 
|  98|0x00000000a6200000, 0x00000000a6300000, 0x00000000a6300000|100%|HS|  |TAMS 0x00000000a6300000, 0x00000000a6200000| Complete 
|  99|0x00000000a6300000, 0x00000000a6400000, 0x00000000a6400000|100%|HC|  |TAMS 0x00000000a6400000, 0x00000000a6300000| Complete 
| 100|0x00000000a6400000, 0x00000000a6500000, 0x00000000a6500000|100%|HC|  |TAMS 0x00000000a6500000, 0x00000000a6400000| Complete 
| 101|0x00000000a6500000, 0x00000000a6600000, 0x00000000a6600000|100%|HS|  |TAMS 0x00000000a6600000, 0x00000000a6500000| Complete 
| 102|0x00000000a6600000, 0x00000000a6700000, 0x00000000a6700000|100%|HC|  |TAMS 0x00000000a6700000, 0x00000000a6600000| Complete 
| 103|0x00000000a6700000, 0x00000000a6800000, 0x00000000a6800000|100%|HC|  |TAMS 0x00000000a6800000, 0x00000000a6700000| Complete 
| 104|0x00000000a6800000, 0x00000000a6900000, 0x00000000a6900000|100%|HS|  |TAMS 0x00000000a6900000, 0x00000000a6800000| Complete 
| 105|0x00000000a6900000, 0x00000000a6a00000, 0x00000000a6a00000|100%|HC|  |TAMS 0x00000000a6a00000, 0x00000000a6900000| Complete 
| 106|0x00000000a6a00000, 0x00000000a6b00000, 0x00000000a6b00000|100%|HC|  |TAMS 0x00000000a6b00000, 0x00000000a6a00000| Complete 
| 107|0x00000000a6b00000, 0x00000000a6c00000, 0x00000000a6c00000|100%|HC|  |TAMS 0x00000000a6c00000, 0x00000000a6b00000| Complete 
| 108|0x00000000a6c00000, 0x00000000a6d00000, 0x00000000a6d00000|100%|HC|  |TAMS 0x00000000a6d00000, 0x00000000a6c00000| Complete 
| 109|0x00000000a6d00000, 0x00000000a6e00000, 0x00000000a6e00000|100%|HC|  |TAMS 0x00000000a6e00000, 0x00000000a6d00000| Complete 
| 110|0x00000000a6e00000, 0x00000000a6f00000, 0x00000000a6f00000|100%|HC|  |TAMS 0x00000000a6f00000, 0x00000000a6e00000| Complete 
| 111|0x00000000a6f00000, 0x00000000a7000000, 0x00000000a7000000|100%|HC|  |TAMS 0x00000000a7000000, 0x00000000a6f00000| Complete 
| 112|0x00000000a7000000, 0x00000000a7100000, 0x00000000a7100000|100%|HC|  |TAMS 0x00000000a7100000, 0x00000000a7000000| Complete 
| 113|0x00000000a7100000, 0x00000000a7200000, 0x00000000a7200000|100%|HC|  |TAMS 0x00000000a7200000, 0x00000000a7100000| Complete 
| 114|0x00000000a7200000, 0x00000000a7300000, 0x00000000a7300000|100%|HC|  |TAMS 0x00000000a7300000, 0x00000000a7200000| Complete 
| 115|0x00000000a7300000, 0x00000000a7400000, 0x00000000a7400000|100%|HC|  |TAMS 0x00000000a7400000, 0x00000000a7300000| Complete 
| 116|0x00000000a7400000, 0x00000000a7500000, 0x00000000a7500000|100%|HS|  |TAMS 0x00000000a7500000, 0x00000000a7400000| Complete 
| 117|0x00000000a7500000, 0x00000000a7600000, 0x00000000a7600000|100%|HC|  |TAMS 0x00000000a7600000, 0x00000000a7500000| Complete 
| 118|0x00000000a7600000, 0x00000000a7700000, 0x00000000a7700000|100%| O|  |TAMS 0x00000000a7700000, 0x00000000a7600000| Untracked 
| 119|0x00000000a7700000, 0x00000000a7800000, 0x00000000a7800000|100%| O|  |TAMS 0x00000000a7800000, 0x00000000a7700000| Untracked 
| 120|0x00000000a7800000, 0x00000000a7900000, 0x00000000a7900000|100%| O|  |TAMS 0x00000000a7900000, 0x00000000a7800000| Untracked 
| 121|0x00000000a7900000, 0x00000000a7a00000, 0x00000000a7a00000|100%| O|  |TAMS 0x00000000a7a00000, 0x00000000a7900000| Updating 
| 122|0x00000000a7a00000, 0x00000000a7b00000, 0x00000000a7b00000|100%| O|  |TAMS 0x00000000a7b00000, 0x00000000a7a00000| Updating 
| 123|0x00000000a7b00000, 0x00000000a7c00000, 0x00000000a7c00000|100%| O|  |TAMS 0x00000000a7c00000, 0x00000000a7b00000| Updating 
| 124|0x00000000a7c00000, 0x00000000a7d00000, 0x00000000a7d00000|100%| O|  |TAMS 0x00000000a7d00000, 0x00000000a7c00000| Untracked 
| 125|0x00000000a7d00000, 0x00000000a7e00000, 0x00000000a7e00000|100%| O|  |TAMS 0x00000000a7e00000, 0x00000000a7d00000| Untracked 
| 126|0x00000000a7e00000, 0x00000000a7e93800, 0x00000000a7f00000| 57%| O|  |TAMS 0x00000000a7e93800, 0x00000000a7e00000| Updating 
| 127|0x00000000a7f00000, 0x00000000a7f00000, 0x00000000a8000000|  0%| F|  |TAMS 0x00000000a7f00000, 0x00000000a7f00000| Untracked 
| 128|0x00000000a8000000, 0x00000000a8000000, 0x00000000a8100000|  0%| F|  |TAMS 0x00000000a8000000, 0x00000000a8000000| Untracked 
| 129|0x00000000a8100000, 0x00000000a8100000, 0x00000000a8200000|  0%| F|  |TAMS 0x00000000a8100000, 0x00000000a8100000| Untracked 
| 130|0x00000000a8200000, 0x00000000a8200000, 0x00000000a8300000|  0%| F|  |TAMS 0x00000000a8200000, 0x00000000a8200000| Untracked 
| 131|0x00000000a8300000, 0x00000000a8300000, 0x00000000a8400000|  0%| F|  |TAMS 0x00000000a8300000, 0x00000000a8300000| Untracked 
| 132|0x00000000a8400000, 0x00000000a8400000, 0x00000000a8500000|  0%| F|  |TAMS 0x00000000a8400000, 0x00000000a8400000| Untracked 
| 133|0x00000000a8500000, 0x00000000a8500000, 0x00000000a8600000|  0%| F|  |TAMS 0x00000000a8500000, 0x00000000a8500000| Untracked 
| 134|0x00000000a8600000, 0x00000000a8600000, 0x00000000a8700000|  0%| F|  |TAMS 0x00000000a8600000, 0x00000000a8600000| Untracked 
| 135|0x00000000a8700000, 0x00000000a8700000, 0x00000000a8800000|  0%| F|  |TAMS 0x00000000a8700000, 0x00000000a8700000| Untracked 
| 136|0x00000000a8800000, 0x00000000a8800000, 0x00000000a8900000|  0%| F|  |TAMS 0x00000000a8800000, 0x00000000a8800000| Untracked 
| 137|0x00000000a8900000, 0x00000000a8900000, 0x00000000a8a00000|  0%| F|  |TAMS 0x00000000a8900000, 0x00000000a8900000| Untracked 
| 138|0x00000000a8a00000, 0x00000000a8a00000, 0x00000000a8b00000|  0%| F|  |TAMS 0x00000000a8a00000, 0x00000000a8a00000| Untracked 
| 139|0x00000000a8b00000, 0x00000000a8b00000, 0x00000000a8c00000|  0%| F|  |TAMS 0x00000000a8b00000, 0x00000000a8b00000| Untracked 
| 140|0x00000000a8c00000, 0x00000000a8c00000, 0x00000000a8d00000|  0%| F|  |TAMS 0x00000000a8c00000, 0x00000000a8c00000| Untracked 
| 141|0x00000000a8d00000, 0x00000000a8d00000, 0x00000000a8e00000|  0%| F|  |TAMS 0x00000000a8d00000, 0x00000000a8d00000| Untracked 
| 142|0x00000000a8e00000, 0x00000000a8e00000, 0x00000000a8f00000|  0%| F|  |TAMS 0x00000000a8e00000, 0x00000000a8e00000| Untracked 
| 143|0x00000000a8f00000, 0x00000000a8f00000, 0x00000000a9000000|  0%| F|  |TAMS 0x00000000a8f00000, 0x00000000a8f00000| Untracked 
| 144|0x00000000a9000000, 0x00000000a9000000, 0x00000000a9100000|  0%| F|  |TAMS 0x00000000a9000000, 0x00000000a9000000| Untracked 
| 145|0x00000000a9100000, 0x00000000a9100000, 0x00000000a9200000|  0%| F|  |TAMS 0x00000000a9100000, 0x00000000a9100000| Untracked 
| 146|0x00000000a9200000, 0x00000000a9200000, 0x00000000a9300000|  0%| F|  |TAMS 0x00000000a9200000, 0x00000000a9200000| Untracked 
| 147|0x00000000a9300000, 0x00000000a9300000, 0x00000000a9400000|  0%| F|  |TAMS 0x00000000a9300000, 0x00000000a9300000| Untracked 
| 148|0x00000000a9400000, 0x00000000a9400000, 0x00000000a9500000|  0%| F|  |TAMS 0x00000000a9400000, 0x00000000a9400000| Untracked 
| 149|0x00000000a9500000, 0x00000000a9594068, 0x00000000a9600000| 57%| S|CS|TAMS 0x00000000a9500000, 0x00000000a9500000| Complete 
| 150|0x00000000a9600000, 0x00000000a9700000, 0x00000000a9700000|100%| S|CS|TAMS 0x00000000a9600000, 0x00000000a9600000| Complete 
| 151|0x00000000a9700000, 0x00000000a9700000, 0x00000000a9800000|  0%| F|  |TAMS 0x00000000a9700000, 0x00000000a9700000| Untracked 
| 152|0x00000000a9800000, 0x00000000a9800000, 0x00000000a9900000|  0%| F|  |TAMS 0x00000000a9800000, 0x00000000a9800000| Untracked 
| 153|0x00000000a9900000, 0x00000000a9900000, 0x00000000a9a00000|  0%| F|  |TAMS 0x00000000a9900000, 0x00000000a9900000| Untracked 
| 154|0x00000000a9a00000, 0x00000000a9a00000, 0x00000000a9b00000|  0%| F|  |TAMS 0x00000000a9a00000, 0x00000000a9a00000| Untracked 
| 155|0x00000000a9b00000, 0x00000000a9b00000, 0x00000000a9c00000|  0%| F|  |TAMS 0x00000000a9b00000, 0x00000000a9b00000| Untracked 
| 156|0x00000000a9c00000, 0x00000000a9c00000, 0x00000000a9d00000|  0%| F|  |TAMS 0x00000000a9c00000, 0x00000000a9c00000| Untracked 
| 157|0x00000000a9d00000, 0x00000000a9d00000, 0x00000000a9e00000|  0%| F|  |TAMS 0x00000000a9d00000, 0x00000000a9d00000| Untracked 
| 158|0x00000000a9e00000, 0x00000000a9e00000, 0x00000000a9f00000|  0%| F|  |TAMS 0x00000000a9e00000, 0x00000000a9e00000| Untracked 
| 159|0x00000000a9f00000, 0x00000000a9f00000, 0x00000000aa000000|  0%| F|  |TAMS 0x00000000a9f00000, 0x00000000a9f00000| Untracked 
| 160|0x00000000aa000000, 0x00000000aa000000, 0x00000000aa100000|  0%| F|  |TAMS 0x00000000aa000000, 0x00000000aa000000| Untracked 
| 161|0x00000000aa100000, 0x00000000aa100000, 0x00000000aa200000|  0%| F|  |TAMS 0x00000000aa100000, 0x00000000aa100000| Untracked 
| 162|0x00000000aa200000, 0x00000000aa200000, 0x00000000aa300000|  0%| F|  |TAMS 0x00000000aa200000, 0x00000000aa200000| Untracked 
| 163|0x00000000aa300000, 0x00000000aa300000, 0x00000000aa400000|  0%| F|  |TAMS 0x00000000aa300000, 0x00000000aa300000| Untracked 
| 164|0x00000000aa400000, 0x00000000aa400000, 0x00000000aa500000|  0%| F|  |TAMS 0x00000000aa400000, 0x00000000aa400000| Untracked 
| 165|0x00000000aa500000, 0x00000000aa500000, 0x00000000aa600000|  0%| F|  |TAMS 0x00000000aa500000, 0x00000000aa500000| Untracked 
| 166|0x00000000aa600000, 0x00000000aa600000, 0x00000000aa700000|  0%| F|  |TAMS 0x00000000aa600000, 0x00000000aa600000| Untracked 
| 167|0x00000000aa700000, 0x00000000aa700000, 0x00000000aa800000|  0%| F|  |TAMS 0x00000000aa700000, 0x00000000aa700000| Untracked 
| 168|0x00000000aa800000, 0x00000000aa89fe58, 0x00000000aa900000| 62%| E|  |TAMS 0x00000000aa800000, 0x00000000aa800000| Complete 

Card table byte_map: [0x00000263f5260000,0x00000263f5560000] _byte_map_base: 0x00000263f4d60000

Marking Bits (Prev, Next): (CMBitMap*) 0x00000263e2de3ff0, (CMBitMap*) 0x00000263e2de3fb0
 Prev Bits: [0x00000263f7060000, 0x00000263f8860000)
 Next Bits: [0x00000263f5860000, 0x00000263f7060000)

Polling page: 0x00000263e0cd0000

Metaspace:

Usage:
  Non-class:     67.39 MB used.
      Class:     10.45 MB used.
       Both:     77.84 MB used.

Virtual space:
  Non-class space:       72.00 MB reserved,      67.75 MB ( 94%) committed,  9 nodes.
      Class space:        1.00 GB reserved,      10.75 MB (  1%) committed,  1 nodes.
             Both:        1.07 GB reserved,      78.50 MB (  7%) committed. 

Chunk freelists:
   Non-Class:  100.00 KB
       Class:  1.29 MB
        Both:  1.38 MB

MaxMetaspaceSize: unlimited
CompressedClassSpaceSize: 1.00 GB
Initial GC threshold: 21.00 MB
Current GC threshold: 124.50 MB
CDS: off
MetaspaceReclaimPolicy: balanced
 - commit_granule_bytes: 65536.
 - commit_granule_words: 8192.
 - virtual_space_node_default_size: 1048576.
 - enlarge_chunks_in_place: 1.
 - new_chunks_are_fully_committed: 0.
 - uncommit_free_chunks: 1.
 - use_allocation_guard: 0.
 - handle_deallocations: 1.


Internal statistics:

num_allocs_failed_limit: 3.
num_arena_births: 746.
num_arena_deaths: 0.
num_vsnodes_births: 10.
num_vsnodes_deaths: 0.
num_space_committed: 1256.
num_space_uncommitted: 0.
num_chunks_returned_to_freelist: 3.
num_chunks_taken_from_freelist: 3598.
num_chunk_merges: 3.
num_chunk_splits: 2358.
num_chunks_enlarged: 1558.
num_purges: 0.
num_inconsistent_stats: 0.

CodeHeap 'non-profiled nmethods': size=120064Kb used=4858Kb max_used=4858Kb free=115205Kb
 bounds [0x00000263edd20000, 0x00000263ee1e0000, 0x00000263f5260000]
CodeHeap 'profiled nmethods': size=120000Kb used=16071Kb max_used=16071Kb free=103928Kb
 bounds [0x00000263e6260000, 0x00000263e7220000, 0x00000263ed790000]
CodeHeap 'non-nmethods': size=5696Kb used=2362Kb max_used=2401Kb free=3333Kb
 bounds [0x00000263ed790000, 0x00000263eda00000, 0x00000263edd20000]
 total_blobs=8926 nmethods=8028 adapters=811
 compilation: enabled
              stopped_count=0, restarted_count=0
 full_count=0

Compilation events (20 events):
Event: 80.099 Thread 0x00000263fb893790 nmethod 8870 0x00000263ee1dc310 code [0x00000263ee1dc4a0, 0x00000263ee1dc558]
Event: 80.116 Thread 0x00000263fb893790 8871       1       org.gradle.tooling.internal.adapter.ProtocolToModelAdapter$NoOpDecoration::isNoOp (2 bytes)
Event: 80.116 Thread 0x00000263fb893790 nmethod 8871 0x00000263ee1dc610 code [0x00000263ee1dc7a0, 0x00000263ee1dc878]
Event: 80.116 Thread 0x00000263fb893790 8872       3       java.lang.reflect.ProxyGenerator::generateClassFile (281 bytes)
Event: 80.118 Thread 0x00000263fb893790 nmethod 8872 0x00000263e720d490 code [0x00000263e720d880, 0x00000263e720f188]
Event: 80.199 Thread 0x00000263fb893790 8873       3       org.codehaus.groovy.reflection.ClassInfo::getVersion (8 bytes)
Event: 80.199 Thread 0x00000263fb893790 nmethod 8873 0x00000263e720f910 code [0x00000263e720faa0, 0x00000263e720fbd8]
Event: 80.199 Thread 0x00000263fb893790 8874       1       org.gradle.internal.operations.OperationIdentifier::getId (5 bytes)
Event: 80.199 Thread 0x00000263fb893790 nmethod 8874 0x00000263ee1dc910 code [0x00000263ee1dcaa0, 0x00000263ee1dcb78]
Event: 80.341 Thread 0x00000263fb893790 8876       3       com.google.common.collect.Lists::indexOfImpl (51 bytes)
Event: 80.341 Thread 0x00000263fb893790 nmethod 8876 0x00000263e720fc90 code [0x00000263e720fec0, 0x00000263e7210738]
Event: 80.342 Thread 0x00000263fb893790 8877       3       org.gradle.api.internal.collections.AbstractIterationOrderRetainingElementSource::realizePending (54 bytes)
Event: 80.342 Thread 0x00000263fb893790 nmethod 8877 0x00000263e7210910 code [0x00000263e7210b00, 0x00000263e7211098]
Event: 80.343 Thread 0x00000263fb893790 8878       3       org.codehaus.groovy.runtime.InvokerHelper::invokePojoMethod (18 bytes)
Event: 80.344 Thread 0x00000263fb893790 nmethod 8878 0x00000263e7211290 code [0x00000263e7211540, 0x00000263e7212888]
Event: 80.345 Thread 0x00000263fb893790 8879       3       org.codehaus.groovy.reflection.ClassInfo::getWeakMetaClass (21 bytes)
Event: 80.345 Thread 0x00000263fb893790 nmethod 8879 0x00000263e7212d90 code [0x00000263e7212f40, 0x00000263e72132e8]
Event: 80.349 Thread 0x00000263fb82cef0 8880       4       groovy.lang.MetaClassImpl::makeReplacementMetaProperty (241 bytes)
Event: 80.383 Thread 0x00000263fb82cef0 nmethod 8880 0x00000263ee1dcc10 code [0x00000263ee1dce20, 0x00000263ee1de2e0]
Event: 80.383 Thread 0x00000263fb82cef0 8881       4       groovy.lang.MetaClassImpl::createMetaBeanProperty (35 bytes)

GC Heap History (20 events):
Event: 62.591 GC heap before
{Heap before GC invocations=45 (full 0):
 garbage-first heap   total 145408K, used 88823K [0x00000000a0000000, 0x0000000100000000)
  region size 1024K, 3 young (3072K), 1 survivors (1024K)
 Metaspace       used 67986K, committed 68608K, reserved 1114112K
  class space    used 8851K, committed 9152K, reserved 1048576K
}
Event: 62.596 GC heap after
{Heap after GC invocations=46 (full 0):
 garbage-first heap   total 145408K, used 88041K [0x00000000a0000000, 0x0000000100000000)
  region size 1024K, 1 young (1024K), 1 survivors (1024K)
 Metaspace       used 67986K, committed 68608K, reserved 1114112K
  class space    used 8851K, committed 9152K, reserved 1048576K
}
Event: 65.296 GC heap before
{Heap before GC invocations=47 (full 0):
 garbage-first heap   total 150528K, used 115689K [0x00000000a0000000, 0x0000000100000000)
  region size 1024K, 27 young (27648K), 1 survivors (1024K)
 Metaspace       used 68837K, committed 69440K, reserved 1114112K
  class space    used 8991K, committed 9280K, reserved 1048576K
}
Event: 65.306 GC heap after
{Heap after GC invocations=48 (full 0):
 garbage-first heap   total 150528K, used 89846K [0x00000000a0000000, 0x0000000100000000)
  region size 1024K, 3 young (3072K), 3 survivors (3072K)
 Metaspace       used 68837K, committed 69440K, reserved 1114112K
  class space    used 8991K, committed 9280K, reserved 1048576K
}
Event: 65.748 GC heap before
{Heap before GC invocations=48 (full 0):
 garbage-first heap   total 150528K, used 93942K [0x00000000a0000000, 0x0000000100000000)
  region size 1024K, 7 young (7168K), 3 survivors (3072K)
 Metaspace       used 69023K, committed 69632K, reserved 1114112K
  class space    used 9008K, committed 9280K, reserved 1048576K
}
Event: 65.759 GC heap after
{Heap after GC invocations=49 (full 0):
 garbage-first heap   total 150528K, used 90500K [0x00000000a0000000, 0x0000000100000000)
  region size 1024K, 1 young (1024K), 1 survivors (1024K)
 Metaspace       used 69023K, committed 69632K, reserved 1114112K
  class space    used 9008K, committed 9280K, reserved 1048576K
}
Event: 68.947 GC heap before
{Heap before GC invocations=49 (full 0):
 garbage-first heap   total 150528K, used 120196K [0x00000000a0000000, 0x0000000100000000)
  region size 1024K, 30 young (30720K), 1 survivors (1024K)
 Metaspace       used 70677K, committed 71296K, reserved 1114112K
  class space    used 9253K, committed 9536K, reserved 1048576K
}
Event: 68.957 GC heap after
{Heap after GC invocations=50 (full 0):
 garbage-first heap   total 150528K, used 92408K [0x00000000a0000000, 0x0000000100000000)
  region size 1024K, 3 young (3072K), 3 survivors (3072K)
 Metaspace       used 70677K, committed 71296K, reserved 1114112K
  class space    used 9253K, committed 9536K, reserved 1048576K
}
Event: 71.331 GC heap before
{Heap before GC invocations=51 (full 0):
 garbage-first heap   total 157696K, used 121080K [0x00000000a0000000, 0x0000000100000000)
  region size 1024K, 31 young (31744K), 3 survivors (3072K)
 Metaspace       used 73579K, committed 74176K, reserved 1114112K
  class space    used 9801K, committed 10112K, reserved 1048576K
}
Event: 71.349 GC heap after
{Heap after GC invocations=52 (full 0):
 garbage-first heap   total 157696K, used 96777K [0x00000000a0000000, 0x0000000100000000)
  region size 1024K, 4 young (4096K), 4 survivors (4096K)
 Metaspace       used 73579K, committed 74176K, reserved 1114112K
  class space    used 9801K, committed 10112K, reserved 1048576K
}
Event: 71.497 GC heap before
{Heap before GC invocations=52 (full 0):
 garbage-first heap   total 157696K, used 98825K [0x00000000a0000000, 0x0000000100000000)
  region size 1024K, 7 young (7168K), 4 survivors (4096K)
 Metaspace       used 73786K, committed 74368K, reserved 1114112K
  class space    used 9835K, committed 10112K, reserved 1048576K
}
Event: 71.513 GC heap after
{Heap after GC invocations=53 (full 0):
 garbage-first heap   total 157696K, used 97753K [0x00000000a0000000, 0x0000000100000000)
  region size 1024K, 1 young (1024K), 1 survivors (1024K)
 Metaspace       used 73786K, committed 74368K, reserved 1114112K
  class space    used 9835K, committed 10112K, reserved 1048576K
}
Event: 73.463 GC heap before
{Heap before GC invocations=53 (full 0):
 garbage-first heap   total 157696K, used 127449K [0x00000000a0000000, 0x0000000100000000)
  region size 1024K, 30 young (30720K), 1 survivors (1024K)
 Metaspace       used 75568K, committed 76160K, reserved 1122304K
  class space    used 10083K, committed 10368K, reserved 1048576K
}
Event: 73.481 GC heap after
{Heap after GC invocations=54 (full 0):
 garbage-first heap   total 157696K, used 100232K [0x00000000a0000000, 0x0000000100000000)
  region size 1024K, 4 young (4096K), 4 survivors (4096K)
 Metaspace       used 75568K, committed 76160K, reserved 1122304K
  class space    used 10083K, committed 10368K, reserved 1048576K
}
Event: 77.595 GC heap before
{Heap before GC invocations=55 (full 0):
 garbage-first heap   total 173056K, used 150408K [0x00000000a0000000, 0x0000000100000000)
  region size 1024K, 31 young (31744K), 4 survivors (4096K)
 Metaspace       used 79150K, committed 79808K, reserved 1122304K
  class space    used 10625K, committed 10944K, reserved 1048576K
}
Event: 77.612 GC heap after
{Heap after GC invocations=56 (full 0):
 garbage-first heap   total 173056K, used 128180K [0x00000000a0000000, 0x0000000100000000)
  region size 1024K, 4 young (4096K), 4 survivors (4096K)
 Metaspace       used 79150K, committed 79808K, reserved 1122304K
  class space    used 10625K, committed 10944K, reserved 1048576K
}
Event: 78.105 GC heap before
{Heap before GC invocations=56 (full 0):
 garbage-first heap   total 173056K, used 132276K [0x00000000a0000000, 0x0000000100000000)
  region size 1024K, 8 young (8192K), 4 survivors (4096K)
 Metaspace       used 79170K, committed 79808K, reserved 1122304K
  class space    used 10625K, committed 10944K, reserved 1048576K
}
Event: 78.111 GC heap after
{Heap after GC invocations=57 (full 0):
 garbage-first heap   total 173056K, used 129025K [0x00000000a0000000, 0x0000000100000000)
  region size 1024K, 1 young (1024K), 1 survivors (1024K)
 Metaspace       used 79170K, committed 79808K, reserved 1122304K
  class space    used 10625K, committed 10944K, reserved 1048576K
}
Event: 80.225 GC heap before
{Heap before GC invocations=57 (full 0):
 garbage-first heap   total 173056K, used 145409K [0x00000000a0000000, 0x0000000100000000)
  region size 1024K, 18 young (18432K), 1 survivors (1024K)
 Metaspace       used 79702K, committed 80384K, reserved 1122304K
  class space    used 10696K, committed 11008K, reserved 1048576K
}
Event: 80.230 GC heap after
{Heap after GC invocations=58 (full 0):
 garbage-first heap   total 173056K, used 130175K [0x00000000a0000000, 0x0000000100000000)
  region size 1024K, 2 young (2048K), 2 survivors (2048K)
 Metaspace       used 79702K, committed 80384K, reserved 1122304K
  class space    used 10696K, committed 11008K, reserved 1048576K
}

Dll operation events (2 events):
Event: 0.028 Loaded shared library D:\Program Files\Android\Android Studio\jbr\bin\java.dll
Event: 3.463 Loaded shared library D:\Program Files\Android\Android Studio\jbr\bin\verify.dll

Deoptimization events (20 events):
Event: 79.400 Thread 0x00000263fc446900 Uncommon trap: trap_request=0xffffff45 fr.pc=0x00000263edf88f44 relative=0x0000000000000b04
Event: 79.400 Thread 0x00000263fc446900 Uncommon trap: reason=unstable_if action=reinterpret pc=0x00000263edf88f44 method=groovy.lang.MetaClassImpl.checkIfStdMethod(Lgroovy/lang/MetaMethod;)V @ 167 c2
Event: 79.400 Thread 0x00000263fc446900 DEOPT PACKING pc=0x00000263edf88f44 sp=0x000000fc26df9b30
Event: 79.400 Thread 0x00000263fc446900 DEOPT UNPACKING pc=0x00000263ed7e699d sp=0x000000fc26df9ae8 mode 2
Event: 79.860 Thread 0x00000263fc446900 Uncommon trap: trap_request=0xffffffde fr.pc=0x00000263ee1abddc relative=0x000000000000005c
Event: 79.860 Thread 0x00000263fc446900 Uncommon trap: reason=class_check action=maybe_recompile pc=0x00000263ee1abddc method=groovy.lang.MetaMethod.isStatic()Z @ 1 c2
Event: 79.860 Thread 0x00000263fc446900 DEOPT PACKING pc=0x00000263ee1abddc sp=0x000000fc26df9b60
Event: 79.860 Thread 0x00000263fc446900 DEOPT UNPACKING pc=0x00000263ed7e699d sp=0x000000fc26df9ae8 mode 2
Event: 79.862 Thread 0x00000263fc446900 Uncommon trap: trap_request=0xffffffde fr.pc=0x00000263ee1abddc relative=0x000000000000005c
Event: 79.862 Thread 0x00000263fc446900 Uncommon trap: reason=class_check action=maybe_recompile pc=0x00000263ee1abddc method=groovy.lang.MetaMethod.isStatic()Z @ 1 c2
Event: 79.862 Thread 0x00000263fc446900 DEOPT PACKING pc=0x00000263ee1abddc sp=0x000000fc26df9b60
Event: 79.862 Thread 0x00000263fc446900 DEOPT UNPACKING pc=0x00000263ed7e699d sp=0x000000fc26df9ae8 mode 2
Event: 79.864 Thread 0x00000263fc446900 Uncommon trap: trap_request=0xffffffde fr.pc=0x00000263ee1abddc relative=0x000000000000005c
Event: 79.864 Thread 0x00000263fc446900 Uncommon trap: reason=class_check action=maybe_recompile pc=0x00000263ee1abddc method=groovy.lang.MetaMethod.isStatic()Z @ 1 c2
Event: 79.864 Thread 0x00000263fc446900 DEOPT PACKING pc=0x00000263ee1abddc sp=0x000000fc26df9b60
Event: 79.864 Thread 0x00000263fc446900 DEOPT UNPACKING pc=0x00000263ed7e699d sp=0x000000fc26df9ae8 mode 2
Event: 79.866 Thread 0x00000263fc446900 Uncommon trap: trap_request=0xffffffde fr.pc=0x00000263ee1abddc relative=0x000000000000005c
Event: 79.866 Thread 0x00000263fc446900 Uncommon trap: reason=class_check action=maybe_recompile pc=0x00000263ee1abddc method=groovy.lang.MetaMethod.isStatic()Z @ 1 c2
Event: 79.866 Thread 0x00000263fc446900 DEOPT PACKING pc=0x00000263ee1abddc sp=0x000000fc26df9b60
Event: 79.866 Thread 0x00000263fc446900 DEOPT UNPACKING pc=0x00000263ed7e699d sp=0x000000fc26df9ae8 mode 2

Classes unloaded (0 events):
No events

Classes redefined (0 events):
No events

Internal exceptions (20 events):
Event: 79.377 Thread 0x00000263fc446900 Exception <a 'java/lang/ClassNotFoundException'{0x00000000a9eeba60}: org/gradle/api/internal/AbstractValidatingNamedDomainObjectContainerCustomizer> (0x00000000a9eeba60) 
thrown [s\src\hotspot\share\classfile\systemDictionary.cpp, line 256]
Event: 79.378 Thread 0x00000263fc446900 Exception <a 'java/lang/ClassNotFoundException'{0x00000000a9d015f0}: org/gradle/api/internal/artifacts/configurations/DefaultConfigurationContainerCustomizer> (0x00000000a9d015f0) 
thrown [s\src\hotspot\share\classfile\systemDictionary.cpp, line 256]
Event: 79.379 Thread 0x00000263fc446900 Exception <a 'java/lang/ClassNotFoundException'{0x00000000a9d1fc20}: org/gradle/api/internal/artifacts/configurations/DefaultConfigurationContainer_DecoratedCustomizer> (0x00000000a9d1fc20) 
thrown [s\src\hotspot\share\classfile\systemDictionary.cpp, line 256]
Event: 79.386 Thread 0x00000263fc446900 Exception <a 'java/lang/ClassNotFoundException'{0x00000000a9b3ea98}: org/codehaus/groovy/runtime/NullObjectBeanInfo> (0x00000000a9b3ea98) 
thrown [s\src\hotspot\share\classfile\systemDictionary.cpp, line 256]
Event: 79.391 Thread 0x00000263fc446900 Exception <a 'java/lang/ClassNotFoundException'{0x00000000a9907fd0}: org/codehaus/groovy/runtime/NullObjectCustomizer> (0x00000000a9907fd0) 
thrown [s\src\hotspot\share\classfile\systemDictionary.cpp, line 256]
Event: 79.398 Thread 0x00000263fc446900 Exception <a 'java/lang/NoSuchMethodError'{0x00000000a9919018}: 'java.lang.Object java.lang.invoke.DirectMethodHandle$Holder.invokeStatic(java.lang.Object, java.lang.Object, java.lang.Object, java.lang.Object, int)'> (0x00000000a9919018) 
thrown [s\src\hotspot\share\interpreter\linkResolver.cpp, line 771]
Event: 79.867 Thread 0x00000263fc446900 Exception <a 'java/lang/ClassNotFoundException'{0x00000000a984fa20}: java/lang/IntegerBeanInfo> (0x00000000a984fa20) 
thrown [s\src\hotspot\share\classfile\systemDictionary.cpp, line 256]
Event: 79.868 Thread 0x00000263fc446900 Exception <a 'java/lang/ClassNotFoundException'{0x00000000a9854c48}: java/lang/NumberBeanInfo> (0x00000000a9854c48) 
thrown [s\src\hotspot\share\classfile\systemDictionary.cpp, line 256]
Event: 79.868 Thread 0x00000263fc446900 Exception <a 'java/lang/ClassNotFoundException'{0x00000000a9859c28}: java/lang/NumberCustomizer> (0x00000000a9859c28) 
thrown [s\src\hotspot\share\classfile\systemDictionary.cpp, line 256]
Event: 79.870 Thread 0x00000263fc446900 Exception <a 'java/lang/ClassNotFoundException'{0x00000000a9861730}: java/lang/IntegerCustomizer> (0x00000000a9861730) 
thrown [s\src\hotspot\share\classfile\systemDictionary.cpp, line 256]
Event: 79.876 Thread 0x00000263fc446900 Exception <a 'java/lang/ClassNotFoundException'{0x00000000a98b5e20}: org/gradle/internal/extensibility/DefaultConventionBeanInfo> (0x00000000a98b5e20) 
thrown [s\src\hotspot\share\classfile\systemDictionary.cpp, line 256]
Event: 79.876 Thread 0x00000263fc446900 Exception <a 'java/lang/ClassNotFoundException'{0x00000000a98be108}: org/gradle/internal/extensibility/DefaultConventionCustomizer> (0x00000000a98be108) 
thrown [s\src\hotspot\share\classfile\systemDictionary.cpp, line 256]
Event: 80.084 Thread 0x00000263fc446900 Exception <a 'java/lang/ClassNotFoundException'{0x00000000a9739ee8}: org/gradle/internal/extensibility/DefaultExtensionsSchemaBeanInfo> (0x00000000a9739ee8) 
thrown [s\src\hotspot\share\classfile\systemDictionary.cpp, line 256]
Event: 80.084 Thread 0x00000263fc446900 Exception <a 'java/lang/ClassNotFoundException'{0x00000000a9742280}: org/gradle/internal/extensibility/DefaultExtensionsSchemaCustomizer> (0x00000000a9742280) 
thrown [s\src\hotspot\share\classfile\systemDictionary.cpp, line 256]
Event: 80.096 Thread 0x00000263fc446900 Exception <a 'java/lang/ClassNotFoundException'{0x00000000a9762b90}: org/gradle/internal/extensibility/ExtensionsStorage$ExtensionHolderBeanInfo> (0x00000000a9762b90) 
thrown [s\src\hotspot\share\classfile\systemDictionary.cpp, line 256]
Event: 80.097 Thread 0x00000263fc446900 Exception <a 'java/lang/ClassNotFoundException'{0x00000000a976afe8}: org/gradle/internal/extensibility/ExtensionsStorage$ExtensionHolderCustomizer> (0x00000000a976afe8) 
thrown [s\src\hotspot\share\classfile\systemDictionary.cpp, line 256]
Event: 80.346 Thread 0x00000263fc446900 Exception <a 'java/lang/ClassNotFoundException'{0x00000000aa824b00}: org/gradle/internal/service/scopes/ProjectScopeServicesBeanInfo> (0x00000000aa824b00) 
thrown [s\src\hotspot\share\classfile\systemDictionary.cpp, line 256]
Event: 80.346 Thread 0x00000263fc446900 Exception <a 'java/lang/ClassNotFoundException'{0x00000000aa82ce78}: org/gradle/internal/service/scopes/ProjectScopeServicesCustomizer> (0x00000000aa82ce78) 
thrown [s\src\hotspot\share\classfile\systemDictionary.cpp, line 256]
Event: 80.348 Thread 0x00000263fc446900 Exception <a 'java/lang/ClassNotFoundException'{0x00000000aa847dd8}: org/gradle/api/internal/catalog/DefaultDependenciesAccessorsBeanInfo> (0x00000000aa847dd8) 
thrown [s\src\hotspot\share\classfile\systemDictionary.cpp, line 256]
Event: 80.349 Thread 0x00000263fc446900 Exception <a 'java/lang/ClassNotFoundException'{0x00000000aa852938}: org/gradle/api/internal/catalog/DefaultDependenciesAccessorsCustomizer> (0x00000000aa852938) 
thrown [s\src\hotspot\share\classfile\systemDictionary.cpp, line 256]

VM Operations (20 events):
Event: 76.064 Executing VM operation: HandshakeAllThreads done
Event: 76.071 Executing VM operation: Cleanup
Event: 76.071 Executing VM operation: Cleanup done
Event: 76.071 Executing VM operation: HandshakeAllThreads
Event: 76.071 Executing VM operation: HandshakeAllThreads done
Event: 77.240 Executing VM operation: HandshakeAllThreads
Event: 77.380 Executing VM operation: HandshakeAllThreads done
Event: 77.381 Executing VM operation: Cleanup
Event: 77.382 Executing VM operation: Cleanup done
Event: 77.382 Executing VM operation: HandshakeAllThreads
Event: 77.382 Executing VM operation: HandshakeAllThreads done
Event: 77.595 Executing VM operation: G1CollectForAllocation
Event: 77.612 Executing VM operation: G1CollectForAllocation done
Event: 78.105 Executing VM operation: G1CollectForAllocation
Event: 78.112 Executing VM operation: G1CollectForAllocation done
Event: 79.410 Executing VM operation: Cleanup
Event: 79.838 Executing VM operation: Cleanup done
Event: 80.224 Executing VM operation: G1CollectForAllocation
Event: 80.244 Executing VM operation: G1CollectForAllocation done
Event: 80.398 Executing VM operation: G1Concurrent

Events (20 events):
Event: 76.790 loading class java/io/PushbackInputStream done
Event: 78.835 Thread 0x00000263fca73060 Thread exited: 0x00000263fca73060
Event: 79.867 loading class java/lang/IntegerBeanInfo
Event: 79.867 loading class java/lang/IntegerBeanInfo done
Event: 79.867 loading class java/lang/IntegerBeanInfo
Event: 79.867 loading class java/lang/IntegerBeanInfo done
Event: 79.868 loading class java/lang/NumberBeanInfo
Event: 79.868 loading class java/lang/NumberBeanInfo done
Event: 79.868 loading class java/lang/NumberBeanInfo
Event: 79.868 loading class java/lang/NumberBeanInfo done
Event: 79.868 loading class java/lang/NumberCustomizer
Event: 79.868 loading class java/lang/NumberCustomizer done
Event: 79.868 loading class java/lang/NumberCustomizer
Event: 79.868 loading class java/lang/NumberCustomizer done
Event: 79.868 loading class java/lang/IntegerCustomizer
Event: 79.868 loading class java/lang/IntegerCustomizer done
Event: 79.870 loading class java/lang/IntegerCustomizer
Event: 79.870 loading class java/lang/IntegerCustomizer done
Event: 79.870 loading class jdk/internal/ValueBased
Event: 79.870 loading class jdk/internal/ValueBased done


Dynamic libraries:
0x00007ff7e4910000 - 0x00007ff7e491a000 	D:\Program Files\Android\Android Studio\jbr\bin\java.exe
0x00007ffc5faf0000 - 0x00007ffc5fd04000 	C:\Windows\SYSTEM32\ntdll.dll
0x00007ffc5ee50000 - 0x00007ffc5ef14000 	C:\Windows\System32\KERNEL32.DLL
0x00007ffc5d340000 - 0x00007ffc5d6e4000 	C:\Windows\System32\KERNELBASE.dll
0x00007ffc5cea0000 - 0x00007ffc5cfb1000 	C:\Windows\System32\ucrtbase.dll
0x00007ffc402e0000 - 0x00007ffc402f7000 	D:\Program Files\Android\Android Studio\jbr\bin\jli.dll
0x00007ffc5f350000 - 0x00007ffc5f4fe000 	C:\Windows\System32\USER32.dll
0x00007ffc5d850000 - 0x00007ffc5d876000 	C:\Windows\System32\win32u.dll
0x00007ffc5fa80000 - 0x00007ffc5faa9000 	C:\Windows\System32\GDI32.dll
0x00007ffc5d030000 - 0x00007ffc5d148000 	C:\Windows\System32\gdi32full.dll
0x00007ffc5d6f0000 - 0x00007ffc5d78a000 	C:\Windows\System32\msvcp_win.dll
0x00007ffc48970000 - 0x00007ffc4898b000 	D:\Program Files\Android\Android Studio\jbr\bin\VCRUNTIME140.dll
0x00007ffc4e0a0000 - 0x00007ffc4e333000 	C:\Windows\WinSxS\amd64_microsoft.windows.common-controls_6595b64144ccf1df_6.0.22621.2215_none_270d72677387dfc3\COMCTL32.dll
0x00007ffc5d960000 - 0x00007ffc5da07000 	C:\Windows\System32\msvcrt.dll
0x00007ffc5daa0000 - 0x00007ffc5dad1000 	C:\Windows\System32\IMM32.DLL
0x00007ffc48960000 - 0x00007ffc4896c000 	D:\Program Files\Android\Android Studio\jbr\bin\vcruntime140_1.dll
0x00007ffc1e250000 - 0x00007ffc1e2dd000 	D:\Program Files\Android\Android Studio\jbr\bin\msvcp140.dll
0x00007ffc04cd0000 - 0x00007ffc0593e000 	D:\Program Files\Android\Android Studio\jbr\bin\server\jvm.dll
0x00007ffc5f9b0000 - 0x00007ffc5fa60000 	C:\Windows\System32\ADVAPI32.dll
0x00007ffc5ed50000 - 0x00007ffc5edf6000 	C:\Windows\System32\sechost.dll
0x00007ffc5e8f0000 - 0x00007ffc5ea07000 	C:\Windows\System32\RPCRT4.dll
0x00007ffc5a250000 - 0x00007ffc5a259000 	C:\Windows\SYSTEM32\WSOCK32.dll
0x00007ffc5f220000 - 0x00007ffc5f291000 	C:\Windows\System32\WS2_32.dll
0x00007ffc49270000 - 0x00007ffc492a4000 	C:\Windows\SYSTEM32\WINMM.dll
0x00007ffc55f70000 - 0x00007ffc55f7a000 	C:\Windows\SYSTEM32\VERSION.dll
0x00007ffc5bfe0000 - 0x00007ffc5bff8000 	C:\Windows\SYSTEM32\kernel.appcore.dll
0x00007ffc48950000 - 0x00007ffc4895a000 	D:\Program Files\Android\Android Studio\jbr\bin\jimage.dll
0x00007ffc48f50000 - 0x00007ffc4917e000 	C:\Windows\SYSTEM32\DBGHELP.DLL
0x00007ffc5e4e0000 - 0x00007ffc5e86a000 	C:\Windows\System32\combase.dll
0x00007ffc5d880000 - 0x00007ffc5d957000 	C:\Windows\System32\OLEAUT32.dll
0x00007ffc42fa0000 - 0x00007ffc42fd2000 	C:\Windows\SYSTEM32\dbgcore.DLL
0x00007ffc5d150000 - 0x00007ffc5d1ca000 	C:\Windows\System32\bcryptPrimitives.dll
0x00007ffc449a0000 - 0x00007ffc449c5000 	D:\Program Files\Android\Android Studio\jbr\bin\java.dll
0x00007ffc44950000 - 0x00007ffc44968000 	D:\Program Files\Android\Android Studio\jbr\bin\zip.dll
0x00007ffc5dcb0000 - 0x00007ffc5e4d3000 	C:\Windows\System32\SHELL32.dll
0x00007ffc5ae30000 - 0x00007ffc5b71a000 	C:\Windows\SYSTEM32\windows.storage.dll
0x00007ffc5acf0000 - 0x00007ffc5ae2e000 	C:\Windows\SYSTEM32\wintypes.dll
0x00007ffc5ec40000 - 0x00007ffc5ed33000 	C:\Windows\System32\SHCORE.dll
0x00007ffc5f1c0000 - 0x00007ffc5f21e000 	C:\Windows\System32\shlwapi.dll
0x00007ffc5cdd0000 - 0x00007ffc5cdf6000 	C:\Windows\SYSTEM32\profapi.dll
0x00007ffc43690000 - 0x00007ffc436a9000 	D:\Program Files\Android\Android Studio\jbr\bin\net.dll
0x00007ffc54c60000 - 0x00007ffc54d97000 	C:\Windows\SYSTEM32\WINHTTP.dll
0x00007ffc5c460000 - 0x00007ffc5c4c9000 	C:\Windows\system32\mswsock.dll
0x00007ffc40300000 - 0x00007ffc40316000 	D:\Program Files\Android\Android Studio\jbr\bin\nio.dll
0x00007ffc46ca0000 - 0x00007ffc46cb0000 	D:\Program Files\Android\Android Studio\jbr\bin\verify.dll
0x00007ffc3ac90000 - 0x00007ffc3acb7000 	C:\Users\LiuJu\.gradle\native\e1d6ef7f7dcc3fd88c89a11ec53ec762bb8ba0a96d01ffa2cd45eb1d1d8dd5c5\windows-amd64\native-platform.dll
0x00007ffc17630000 - 0x00007ffc17774000 	C:\Users\LiuJu\.gradle\native\5664cfc778a61ccfe75a443a1ab52a65af34e5dc3c78e0209fed803814484fcb\windows-amd64\native-platform-file-events.dll
0x00007ffc44990000 - 0x00007ffc44999000 	D:\Program Files\Android\Android Studio\jbr\bin\management.dll
0x00007ffc44930000 - 0x00007ffc4493b000 	D:\Program Files\Android\Android Studio\jbr\bin\management_ext.dll
0x00007ffc5dae0000 - 0x00007ffc5dae8000 	C:\Windows\System32\PSAPI.DLL
0x00007ffc5c6b0000 - 0x00007ffc5c6cb000 	C:\Windows\SYSTEM32\CRYPTSP.dll
0x00007ffc5bf50000 - 0x00007ffc5bf85000 	C:\Windows\system32\rsaenh.dll
0x00007ffc5c550000 - 0x00007ffc5c57c000 	C:\Windows\SYSTEM32\USERENV.dll
0x00007ffc5c850000 - 0x00007ffc5c878000 	C:\Windows\SYSTEM32\bcrypt.dll
0x00007ffc5c6d0000 - 0x00007ffc5c6dc000 	C:\Windows\SYSTEM32\CRYPTBASE.dll
0x00007ffc5ba40000 - 0x00007ffc5ba6d000 	C:\Windows\SYSTEM32\IPHLPAPI.DLL
0x00007ffc5ec30000 - 0x00007ffc5ec39000 	C:\Windows\System32\NSI.dll
0x00007ffc54e30000 - 0x00007ffc54e49000 	C:\Windows\SYSTEM32\dhcpcsvc6.DLL
0x00007ffc54ba0000 - 0x00007ffc54bbf000 	C:\Windows\SYSTEM32\dhcpcsvc.DLL
0x00007ffc5ba70000 - 0x00007ffc5bb62000 	C:\Windows\SYSTEM32\DNSAPI.dll
0x00007ffc43a90000 - 0x00007ffc43a98000 	C:\Windows\system32\wshunix.dll

dbghelp: loaded successfully - version: 4.0.5 - missing functions: none
symbol engine: initialized successfully - sym options: 0x614 - pdb path: .;D:\Program Files\Android\Android Studio\jbr\bin;C:\Windows\SYSTEM32;C:\Windows\WinSxS\amd64_microsoft.windows.common-controls_6595b64144ccf1df_6.0.22621.2215_none_270d72677387dfc3;D:\Program Files\Android\Android Studio\jbr\bin\server;C:\Users\LiuJu\.gradle\native\e1d6ef7f7dcc3fd88c89a11ec53ec762bb8ba0a96d01ffa2cd45eb1d1d8dd5c5\windows-amd64;C:\Users\LiuJu\.gradle\native\5664cfc778a61ccfe75a443a1ab52a65af34e5dc3c78e0209fed803814484fcb\windows-amd64

VM Arguments:
jvm_args: --add-opens=java.base/java.util=ALL-UNNAMED --add-opens=java.base/java.lang=ALL-UNNAMED --add-opens=java.base/java.lang.invoke=ALL-UNNAMED --add-opens=java.base/java.util=ALL-UNNAMED --add-opens=java.prefs/java.util.prefs=ALL-UNNAMED --add-opens=java.prefs/java.util.prefs=ALL-UNNAMED --add-opens=java.base/java.nio.charset=ALL-UNNAMED --add-opens=java.base/java.net=ALL-UNNAMED --add-opens=java.base/java.util.concurrent.atomic=ALL-UNNAMED -Xmx1536m -Dfile.encoding=GBK -Duser.country=CN -Duser.language=zh -Duser.variant 
java_command: org.gradle.launcher.daemon.bootstrap.GradleDaemon 7.3.3
java_class_path (initial): C:\Users\LiuJu\.gradle\wrapper\dists\gradle-7.3.3-bin\6a41zxkdtcxs8rphpq6y0069z\gradle-7.3.3\lib\gradle-launcher-7.3.3.jar
Launcher Type: SUN_STANDARD

[Global flags]
     intx CICompilerCount                          = 2                                         {product} {ergonomic}
     uint ConcGCThreads                            = 1                                         {product} {ergonomic}
     uint G1ConcRefinementThreads                  = 2                                         {product} {ergonomic}
   size_t G1HeapRegionSize                         = 1048576                                   {product} {ergonomic}
    uintx GCDrainStackTargetSize                   = 64                                        {product} {ergonomic}
   size_t InitialHeapSize                          = 134217728                                 {product} {ergonomic}
   size_t MarkStackSize                            = 4194304                                   {product} {ergonomic}
   size_t MaxHeapSize                              = 1610612736                                {product} {command line}
   size_t MaxNewSize                               = 965738496                                 {product} {ergonomic}
   size_t MinHeapDeltaBytes                        = 1048576                                   {product} {ergonomic}
   size_t MinHeapSize                              = 8388608                                   {product} {ergonomic}
    uintx NonNMethodCodeHeapSize                   = 5826188                                {pd product} {ergonomic}
    uintx NonProfiledCodeHeapSize                  = 122916026                              {pd product} {ergonomic}
    uintx ProfiledCodeHeapSize                     = 122916026                              {pd product} {ergonomic}
    uintx ReservedCodeCacheSize                    = 251658240                              {pd product} {ergonomic}
     bool SegmentedCodeCache                       = true                                      {product} {ergonomic}
   size_t SoftMaxHeapSize                          = 1610612736                             {manageable} {ergonomic}
     bool UseCompressedClassPointers               = true                           {product lp64_product} {ergonomic}
     bool UseCompressedOops                        = true                           {product lp64_product} {ergonomic}
     bool UseG1GC                                  = true                                      {product} {ergonomic}
     bool UseLargePagesIndividualAllocation        = false                                  {pd product} {ergonomic}

Logging:
Log output configuration:
 #0: stdout all=warning uptime,level,tags
 #1: stderr all=off uptime,level,tags

Environment Variables:
PATH=C:\Windows\system32;C:\Windows;C:\Windows\System32\Wbem;C:\Windows\System32\WindowsPowerShell\v1.0\;D:\Program Files\Bandizip\;C:\Program Files\dotnet\;C:\Program Files (x86)\NVIDIA Corporation\PhysX\Common;C:\Program Files\NVIDIA Corporation\NVIDIA NvDLISR;D:\Program Files\Git\cmd;C:\Users\LiuJu\AppData\Local\Microsoft\WindowsApps;
USERNAME=LiuJust
OS=Windows_NT
PROCESSOR_IDENTIFIER=Intel64 Family 6 Model 60 Stepping 3, GenuineIntel
TMP=C:\Users\LiuJu\AppData\Local\Temp
TEMP=C:\Users\LiuJu\AppData\Local\Temp


JNI global refs:
JNI global refs: 25, weak refs: 0

JNI global refs memory usage: 843, weak refs: 841


---------------  S Y S T E M  ---------------

OS:
 Windows 11 , 64 bit Build 22621 (10.0.22621.2215)
OS uptime: 0 days 3:31 hours

CPU: total 2 (initial active 2) (2 cores per cpu, 1 threads per core) family 6 model 60 stepping 3 microcode 0x28, cx8, cmov, fxsr, mmx, sse, sse2, sse3, ssse3, sse4.1, sse4.2, popcnt, lzcnt, tsc, tscinvbit, erms, clmul, clflush

Memory: 4k page, system-wide physical 8108M (484M free)
TotalPageFile size 8108M (AvailPageFile size 17M)
current process WorkingSet (physical memory assigned to process): 373M, peak: 375M
current process commit charge ("private bytes"): 398M, peak: 444M

vm_info: OpenJDK 64-Bit Server VM (17.0.6+0-b2043.56-10027231) for windows-amd64 JRE (17.0.6+0-b2043.56-10027231), built on Apr 28 2023 00:43:19 by "androidbuild" with MS VC++ 16.10 / 16.11 (VS2019)

END.
