#
# There is insufficient memory for the Java Runtime Environment to continue.
# Native memory allocation (malloc) failed to allocate 403232 bytes for Chunk::new
# Possible reasons:
#   The system is out of physical RAM or swap space
#   The process is running with CompressedOops enabled, and the Java Heap may be blocking the growth of the native heap
# Possible solutions:
#   Reduce memory load on the system
#   Increase physical memory or swap space
#   Check if swap backing store is full
#   Decrease Java heap size (-Xmx/-Xms)
#   Decrease number of Java threads
#   Decrease Java thread stack sizes (-Xss)
#   Set larger code cache with -XX:ReservedCodeCacheSize=
#   JVM is running with Unscaled Compressed Oops mode in which the Java heap is
#     placed in the first 4GB address space. The Java Heap base address is the
#     maximum limit for the native heap growth. Please use -XX:HeapBaseMinAddress
#     to set the Java Heap base and to place the Java Heap above 4GB virtual address.
# This output file may be truncated or incomplete.
#
#  Out of Memory Error (arena.cpp:189), pid=5348, tid=12776
#
# JRE version: OpenJDK Runtime Environment (17.0.6) (build 17.0.6+0-b2043.56-10027231)
# Java VM: OpenJDK 64-Bit Server VM (17.0.6+0-b2043.56-10027231, mixed mode, tiered, compressed oops, compressed class ptrs, g1 gc, windows-amd64)
# No core dump will be written. Minidumps are not enabled by default on client versions of Windows
#

---------------  S U M M A R Y ------------

Command Line: --add-opens=java.base/java.util=ALL-UNNAMED --add-opens=java.base/java.lang=ALL-UNNAMED --add-opens=java.base/java.lang.invoke=ALL-UNNAMED --add-opens=java.base/java.util=ALL-UNNAMED --add-opens=java.prefs/java.util.prefs=ALL-UNNAMED --add-opens=java.prefs/java.util.prefs=ALL-UNNAMED --add-opens=java.base/java.nio.charset=ALL-UNNAMED --add-opens=java.base/java.net=ALL-UNNAMED --add-opens=java.base/java.util.concurrent.atomic=ALL-UNNAMED -Xmx1536m -Dfile.encoding=GBK -Duser.country=CN -Duser.language=zh -Duser.variant org.gradle.launcher.daemon.bootstrap.GradleDaemon 7.3.3

Host: Intel(R) Celeron(R) CPU 2950M @ 2.00GHz, 2 cores, 7G,  Windows 11 , 64 bit Build 22621 (10.0.22621.2215)
Time: Sun Sep  3 14:16:32 2023  Windows 11 , 64 bit Build 22621 (10.0.22621.2215) elapsed time: 131.881687 seconds (0d 0h 2m 11s)

---------------  T H R E A D  ---------------

Current thread (0x0000024827430d50):  JavaThread "C2 CompilerThread0" daemon [_thread_in_native, id=12776, stack(0x0000008c10800000,0x0000008c10900000)]


Current CompileTask:
C2: 131882 14773       4       org.gradle.api.internal.artifacts.dsl.ParsedModuleStringNotation::assignValuesFromModuleNotation (115 bytes)

Stack: [0x0000008c10800000,0x0000008c10900000]
Native frames: (J=compiled Java code, j=interpreted, Vv=VM code, C=native code)
V  [jvm.dll+0x683c9a]
V  [jvm.dll+0x8427a4]
V  [jvm.dll+0x843f9e]
V  [jvm.dll+0x844603]
V  [jvm.dll+0x249b75]
V  [jvm.dll+0xabcac]
V  [jvm.dll+0xac27c]
V  [jvm.dll+0x368857]
V  [jvm.dll+0x332f31]
V  [jvm.dll+0x3323da]
V  [jvm.dll+0x21c201]
V  [jvm.dll+0x21b621]
V  [jvm.dll+0x1a4fdd]
V  [jvm.dll+0x22b098]
V  [jvm.dll+0x229159]
V  [jvm.dll+0x7f81ec]
V  [jvm.dll+0x7f274a]
V  [jvm.dll+0x682ad5]
C  [ucrtbase.dll+0x29363]
C  [KERNEL32.DLL+0x1257d]
C  [ntdll.dll+0x5aa68]


---------------  P R O C E S S  ---------------

Threads class SMR info:
_java_thread_list=0x000002482eb66b30, length=61, elements={
0x000002480e999c50, 0x0000024826811360, 0x0000024826811e20, 0x0000024826872210,
0x0000024826872ad0, 0x000002482742f610, 0x000002482742ffc0, 0x0000024827430d50,
0x0000024827432710, 0x00000248274337b0, 0x000002482759e230, 0x00000248275a2710,
0x0000024828d73050, 0x000002482803b130, 0x0000024828092450, 0x0000024828d11070,
0x0000024828bc0020, 0x0000024827febb20, 0x0000024827febff0, 0x0000024827fec4c0,
0x0000024827fec990, 0x0000024827fe8fd0, 0x0000024827fe94a0, 0x0000024827fea310,
0x0000024829de1b90, 0x0000024829de2ed0, 0x000002482b9279b0, 0x000002482e607290,
0x000002482e608100, 0x000002482e603da0, 0x000002482e605f50, 0x000002482e60a780,
0x000002482e604740, 0x000002482e604270, 0x000002482e604c10, 0x000002482e606420,
0x000002482e605a80, 0x000002482e6068f0, 0x000002482e607c30, 0x000002482e6085d0,
0x000002482e608aa0, 0x000002482e608f70, 0x000002482b927010, 0x000002482b92a500,
0x000002482b925800, 0x000002482b929b60, 0x000002482b925cd0, 0x000002482b92b840,
0x000002482b92a9d0, 0x000002482b926670, 0x000002482b92b370, 0x000002482b92aea0,
0x000002482b92bd10, 0x000002482b9291c0, 0x000002482b9244c0, 0x000002482b9274e0,
0x000002482b924990, 0x000002482b929690, 0x000002482b928820, 0x000002482b925330,
0x000002482b928cf0
}

Java Threads: ( => current thread )
  0x000002480e999c50 JavaThread "main" [_thread_blocked, id=13084, stack(0x0000008c0fb00000,0x0000008c0fc00000)]
  0x0000024826811360 JavaThread "Reference Handler" daemon [_thread_blocked, id=4108, stack(0x0000008c10200000,0x0000008c10300000)]
  0x0000024826811e20 JavaThread "Finalizer" daemon [_thread_blocked, id=11316, stack(0x0000008c10300000,0x0000008c10400000)]
  0x0000024826872210 JavaThread "Signal Dispatcher" daemon [_thread_blocked, id=2368, stack(0x0000008c10400000,0x0000008c10500000)]
  0x0000024826872ad0 JavaThread "Attach Listener" daemon [_thread_blocked, id=12188, stack(0x0000008c10500000,0x0000008c10600000)]
  0x000002482742f610 JavaThread "Service Thread" daemon [_thread_blocked, id=13524, stack(0x0000008c10600000,0x0000008c10700000)]
  0x000002482742ffc0 JavaThread "Monitor Deflation Thread" daemon [_thread_blocked, id=5032, stack(0x0000008c10700000,0x0000008c10800000)]
=>0x0000024827430d50 JavaThread "C2 CompilerThread0" daemon [_thread_in_native, id=12776, stack(0x0000008c10800000,0x0000008c10900000)]
  0x0000024827432710 JavaThread "C1 CompilerThread0" daemon [_thread_blocked, id=12008, stack(0x0000008c10900000,0x0000008c10a00000)]
  0x00000248274337b0 JavaThread "Sweeper thread" daemon [_thread_blocked, id=6900, stack(0x0000008c10a00000,0x0000008c10b00000)]
  0x000002482759e230 JavaThread "Common-Cleaner" daemon [_thread_blocked, id=13716, stack(0x0000008c10b00000,0x0000008c10c00000)]
  0x00000248275a2710 JavaThread "Notification Thread" daemon [_thread_blocked, id=8128, stack(0x0000008c10c00000,0x0000008c10d00000)]
  0x0000024828d73050 JavaThread "Daemon health stats" [_thread_blocked, id=268, stack(0x0000008c10f00000,0x0000008c11000000)]
  0x000002482803b130 JavaThread "Incoming local TCP Connector on port 60266" [_thread_in_native, id=1816, stack(0x0000008c11000000,0x0000008c11100000)]
  0x0000024828092450 JavaThread "Daemon periodic checks" [_thread_blocked, id=12372, stack(0x0000008c11100000,0x0000008c11200000)]
  0x0000024828d11070 JavaThread "Daemon" [_thread_blocked, id=10552, stack(0x0000008c11200000,0x0000008c11300000)]
  0x0000024828bc0020 JavaThread "Daemon worker" [_thread_in_Java, id=11836, stack(0x0000008c11500000,0x0000008c11600000)]
  0x0000024827febb20 JavaThread "Cache worker for journal cache (C:\Users\LiuJu\.gradle\caches\journal-1)" [_thread_blocked, id=5368, stack(0x0000008c11900000,0x0000008c11a00000)]
  0x0000024827febff0 JavaThread "File lock request listener" [_thread_in_native, id=12604, stack(0x0000008c11a00000,0x0000008c11b00000)]
  0x0000024827fec4c0 JavaThread "Cache worker for file hash cache (C:\Users\LiuJu\.gradle\caches\7.3.3\fileHashes)" [_thread_blocked, id=9640, stack(0x0000008c11b00000,0x0000008c11c00000)]
  0x0000024827fec990 JavaThread "File watcher server" daemon [_thread_in_native, id=10684, stack(0x0000008c11d00000,0x0000008c11e00000)]
  0x0000024827fe8fd0 JavaThread "File watcher consumer" daemon [_thread_blocked, id=11808, stack(0x0000008c11e00000,0x0000008c11f00000)]
  0x0000024827fe94a0 JavaThread "jar transforms" [_thread_blocked, id=12896, stack(0x0000008c11f00000,0x0000008c12000000)]
  0x0000024827fea310 JavaThread "jar transforms Thread 2" [_thread_blocked, id=12600, stack(0x0000008c12000000,0x0000008c12100000)]
  0x0000024829de1b90 JavaThread "Cache worker for execution history cache (C:\Users\LiuJu\.gradle\caches\7.3.3\executionHistory)" [_thread_blocked, id=5076, stack(0x0000008c12400000,0x0000008c12500000)]
  0x0000024829de2ed0 JavaThread "Cache worker for file content cache (C:\Users\LiuJu\.gradle\caches\7.3.3\fileContent)" [_thread_blocked, id=13152, stack(0x0000008c12500000,0x0000008c12600000)]
  0x000002482b9279b0 JavaThread "Memory manager" [_thread_blocked, id=1860, stack(0x0000008c13c00000,0x0000008c13d00000)]
  0x000002482e607290 JavaThread "Handler for socket connection from /127.0.0.1:60266 to /127.0.0.1:60318" [_thread_in_native, id=6388, stack(0x0000008c0f800000,0x0000008c0f900000)]
  0x000002482e608100 JavaThread "Cancel handler" [_thread_blocked, id=12536, stack(0x0000008c0f900000,0x0000008c0fa00000)]
  0x000002482e603da0 JavaThread "Asynchronous log dispatcher for DefaultDaemonConnection: socket connection from /127.0.0.1:60266 to /127.0.0.1:60318" [_thread_blocked, id=14096, stack(0x0000008c0fa00000,0x0000008c0fb00000)]
  0x000002482e605f50 JavaThread "Stdin handler" [_thread_blocked, id=11444, stack(0x0000008c11300000,0x0000008c11400000)]
  0x000002482e60a780 JavaThread "Daemon client event forwarder" [_thread_blocked, id=12808, stack(0x0000008c11400000,0x0000008c11500000)]
  0x000002482e604740 JavaThread "Cache worker for file hash cache (D:\StudioProjects\aueUI_DexMode\.gradle\7.3.3\fileHashes)" [_thread_blocked, id=13144, stack(0x0000008c11600000,0x0000008c11700000)]
  0x000002482e604270 JavaThread "Cache worker for checksums cache (D:\StudioProjects\aueUI_DexMode\.gradle\7.3.3\checksums)" [_thread_blocked, id=13208, stack(0x0000008c11700000,0x0000008c11800000)]
  0x000002482e604c10 JavaThread "Cache worker for cache directory md-supplier (C:\Users\LiuJu\.gradle\caches\7.3.3\md-supplier)" [_thread_blocked, id=3460, stack(0x0000008c11800000,0x0000008c11900000)]
  0x000002482e606420 JavaThread "Cache worker for cache directory md-rule (C:\Users\LiuJu\.gradle\caches\7.3.3\md-rule)" [_thread_blocked, id=13952, stack(0x0000008c11c00000,0x0000008c11d00000)]
  0x000002482e605a80 JavaThread "Cache worker for dependencies-accessors (D:\StudioProjects\aueUI_DexMode\.gradle\7.3.3\dependencies-accessors)" [_thread_blocked, id=5900, stack(0x0000008c12100000,0x0000008c12200000)]
  0x000002482e6068f0 JavaThread "Cache worker for Build Output Cleanup Cache (D:\StudioProjects\aueUI_DexMode\.gradle\buildOutputCleanup)" [_thread_blocked, id=4072, stack(0x0000008c12200000,0x0000008c12300000)]
  0x000002482e607c30 JavaThread "Unconstrained build operations" [_thread_blocked, id=12692, stack(0x0000008c12300000,0x0000008c12400000)]
  0x000002482e6085d0 JavaThread "Unconstrained build operations Thread 2" [_thread_blocked, id=12988, stack(0x0000008c12600000,0x0000008c12700000)]
  0x000002482e608aa0 JavaThread "Unconstrained build operations Thread 3" [_thread_blocked, id=12072, stack(0x0000008c12700000,0x0000008c12800000)]
  0x000002482e608f70 JavaThread "Unconstrained build operations Thread 4" [_thread_blocked, id=11740, stack(0x0000008c12800000,0x0000008c12900000)]
  0x000002482b927010 JavaThread "Unconstrained build operations Thread 5" [_thread_blocked, id=588, stack(0x0000008c12900000,0x0000008c12a00000)]
  0x000002482b92a500 JavaThread "Unconstrained build operations Thread 6" [_thread_blocked, id=13108, stack(0x0000008c12a00000,0x0000008c12b00000)]
  0x000002482b925800 JavaThread "Unconstrained build operations Thread 7" [_thread_blocked, id=11052, stack(0x0000008c12b00000,0x0000008c12c00000)]
  0x000002482b929b60 JavaThread "Unconstrained build operations Thread 8" [_thread_blocked, id=10548, stack(0x0000008c12c00000,0x0000008c12d00000)]
  0x000002482b925cd0 JavaThread "Unconstrained build operations Thread 9" [_thread_blocked, id=14080, stack(0x0000008c12d00000,0x0000008c12e00000)]
  0x000002482b92b840 JavaThread "Unconstrained build operations Thread 10" [_thread_blocked, id=8700, stack(0x0000008c12e00000,0x0000008c12f00000)]
  0x000002482b92a9d0 JavaThread "Unconstrained build operations Thread 11" [_thread_blocked, id=9292, stack(0x0000008c12f00000,0x0000008c13000000)]
  0x000002482b926670 JavaThread "Unconstrained build operations Thread 12" [_thread_blocked, id=11220, stack(0x0000008c13000000,0x0000008c13100000)]
  0x000002482b92b370 JavaThread "Unconstrained build operations Thread 13" [_thread_blocked, id=12824, stack(0x0000008c13100000,0x0000008c13200000)]
  0x000002482b92aea0 JavaThread "Unconstrained build operations Thread 14" [_thread_blocked, id=13240, stack(0x0000008c13200000,0x0000008c13300000)]
  0x000002482b92bd10 JavaThread "Unconstrained build operations Thread 15" [_thread_blocked, id=10416, stack(0x0000008c13300000,0x0000008c13400000)]
  0x000002482b9291c0 JavaThread "Unconstrained build operations Thread 16" [_thread_blocked, id=4368, stack(0x0000008c13400000,0x0000008c13500000)]
  0x000002482b9244c0 JavaThread "Unconstrained build operations Thread 17" [_thread_blocked, id=1760, stack(0x0000008c13500000,0x0000008c13600000)]
  0x000002482b9274e0 JavaThread "Unconstrained build operations Thread 18" [_thread_blocked, id=3600, stack(0x0000008c13600000,0x0000008c13700000)]
  0x000002482b924990 JavaThread "Unconstrained build operations Thread 19" [_thread_blocked, id=12244, stack(0x0000008c13700000,0x0000008c13800000)]
  0x000002482b929690 JavaThread "Unconstrained build operations Thread 20" [_thread_blocked, id=11512, stack(0x0000008c13800000,0x0000008c13900000)]
  0x000002482b928820 JavaThread "Cache worker for execution history cache (D:\StudioProjects\aueUI_DexMode\.gradle\7.3.3\executionHistory)" [_thread_blocked, id=11620, stack(0x0000008c13a00000,0x0000008c13b00000)]
  0x000002482b925330 JavaThread "idea-tooling-model-converter" [_thread_blocked, id=6104, stack(0x0000008c13b00000,0x0000008c13c00000)]
  0x000002482b928cf0 JavaThread "Daemon Thread 2" [_thread_blocked, id=8260, stack(0x0000008c13900000,0x0000008c13a00000)]

Other Threads:
  0x000002482680c670 VMThread "VM Thread" [stack: 0x0000008c10100000,0x0000008c10200000] [id=9632]
  0x00000248275a5200 WatcherThread [stack: 0x0000008c10d00000,0x0000008c10e00000] [id=11256]
  0x000002480e9e3fb0 GCTaskThread "GC Thread#0" [stack: 0x0000008c0fc00000,0x0000008c0fd00000] [id=10460]
  0x0000024827672ea0 GCTaskThread "GC Thread#1" [stack: 0x0000008c10e00000,0x0000008c10f00000] [id=2120]
  0x000002480e9f0d90 ConcurrentGCThread "G1 Main Marker" [stack: 0x0000008c0fd00000,0x0000008c0fe00000] [id=12416]
  0x000002480e9f2df0 ConcurrentGCThread "G1 Conc#0" [stack: 0x0000008c0fe00000,0x0000008c0ff00000] [id=11140]
  0x000002480ea50be0 ConcurrentGCThread "G1 Refine#0" [stack: 0x0000008c0ff00000,0x0000008c10000000] [id=10408]
  0x0000024826690580 ConcurrentGCThread "G1 Service" [stack: 0x0000008c10000000,0x0000008c10100000] [id=6396]

Threads with active compile tasks:
C2 CompilerThread0   132138 14773       4       org.gradle.api.internal.artifacts.dsl.ParsedModuleStringNotation::assignValuesFromModuleNotation (115 bytes)
C1 CompilerThread0   132139 14777       3       com.android.build.gradle.internal.ide.dependencies.LibraryServiceImpl::getProductFlavors (335 bytes)

VM state: not at safepoint (normal execution)

VM Mutex/Monitor currently owned by a thread: None

Heap address: 0x00000000a0000000, size: 1536 MB, Compressed Oops mode: 32-bit

CDS archive(s) not mapped
Compressed class space mapped at: 0x0000000100000000-0x0000000140000000, reserved size: 1073741824
Narrow klass base: 0x0000000000000000, Narrow klass shift: 3, Narrow klass range: 0x140000000

GC Precious Log:
 CPUs: 2 total, 2 available
 Memory: 8108M
 Large Page Support: Disabled
 NUMA Support: Disabled
 Compressed Oops: Enabled (32-bit)
 Heap Region Size: 1M
 Heap Min Capacity: 8M
 Heap Initial Capacity: 128M
 Heap Max Capacity: 1536M
 Pre-touch: Disabled
 Parallel Workers: 2
 Concurrent Workers: 1
 Concurrent Refinement Workers: 2
 Periodic GC: Disabled

Heap:
 garbage-first heap   total 286720K, used 233472K [0x00000000a0000000, 0x0000000100000000)
  region size 1024K, 69 young (70656K), 4 survivors (4096K)
 Metaspace       used 104375K, committed 105408K, reserved 1146880K
  class space    used 13800K, committed 14336K, reserved 1048576K

Heap Regions: E=young(eden), S=young(survivor), O=old, HS=humongous(starts), HC=humongous(continues), CS=collection set, F=free, OA=open archive, CA=closed archive, TAMS=top-at-mark-start (previous, next)
|   0|0x00000000a0000000, 0x00000000a0100000, 0x00000000a0100000|100%| O|  |TAMS 0x00000000a0100000, 0x00000000a0000000| Untracked 
|   1|0x00000000a0100000, 0x00000000a0200000, 0x00000000a0200000|100%|HS|  |TAMS 0x00000000a0200000, 0x00000000a0100000| Complete 
|   2|0x00000000a0200000, 0x00000000a0300000, 0x00000000a0300000|100%|HC|  |TAMS 0x00000000a0300000, 0x00000000a0200000| Complete 
|   3|0x00000000a0300000, 0x00000000a0400000, 0x00000000a0400000|100%|HC|  |TAMS 0x00000000a0400000, 0x00000000a0300000| Complete 
|   4|0x00000000a0400000, 0x00000000a0500000, 0x00000000a0500000|100%| O|  |TAMS 0x00000000a0500000, 0x00000000a0400000| Untracked 
|   5|0x00000000a0500000, 0x00000000a0600000, 0x00000000a0600000|100%| O|  |TAMS 0x00000000a0600000, 0x00000000a0500000| Untracked 
|   6|0x00000000a0600000, 0x00000000a0700000, 0x00000000a0700000|100%| O|  |TAMS 0x00000000a0700000, 0x00000000a0600000| Untracked 
|   7|0x00000000a0700000, 0x00000000a0800000, 0x00000000a0800000|100%| O|  |TAMS 0x00000000a0800000, 0x00000000a0700000| Untracked 
|   8|0x00000000a0800000, 0x00000000a0900000, 0x00000000a0900000|100%| O|  |TAMS 0x00000000a0900000, 0x00000000a0800000| Untracked 
|   9|0x00000000a0900000, 0x00000000a0a00000, 0x00000000a0a00000|100%| O|  |TAMS 0x00000000a0a00000, 0x00000000a0900000| Untracked 
|  10|0x00000000a0a00000, 0x00000000a0b00000, 0x00000000a0b00000|100%| O|  |TAMS 0x00000000a0b00000, 0x00000000a0a00000| Untracked 
|  11|0x00000000a0b00000, 0x00000000a0c00000, 0x00000000a0c00000|100%| O|  |TAMS 0x00000000a0c00000, 0x00000000a0b00000| Untracked 
|  12|0x00000000a0c00000, 0x00000000a0d00000, 0x00000000a0d00000|100%| O|  |TAMS 0x00000000a0d00000, 0x00000000a0c00000| Untracked 
|  13|0x00000000a0d00000, 0x00000000a0e00000, 0x00000000a0e00000|100%| O|  |TAMS 0x00000000a0e00000, 0x00000000a0d00000| Untracked 
|  14|0x00000000a0e00000, 0x00000000a0f00000, 0x00000000a0f00000|100%| O|  |TAMS 0x00000000a0f00000, 0x00000000a0e00000| Untracked 
|  15|0x00000000a0f00000, 0x00000000a1000000, 0x00000000a1000000|100%| O|  |TAMS 0x00000000a1000000, 0x00000000a0f00000| Untracked 
|  16|0x00000000a1000000, 0x00000000a1100000, 0x00000000a1100000|100%| O|  |TAMS 0x00000000a1100000, 0x00000000a1000000| Untracked 
|  17|0x00000000a1100000, 0x00000000a1200000, 0x00000000a1200000|100%| O|  |TAMS 0x00000000a1200000, 0x00000000a1100000| Untracked 
|  18|0x00000000a1200000, 0x00000000a1300000, 0x00000000a1300000|100%|HS|  |TAMS 0x00000000a1300000, 0x00000000a1200000| Complete 
|  19|0x00000000a1300000, 0x00000000a1400000, 0x00000000a1400000|100%|HC|  |TAMS 0x00000000a1400000, 0x00000000a1300000| Complete 
|  20|0x00000000a1400000, 0x00000000a1500000, 0x00000000a1500000|100%|HS|  |TAMS 0x00000000a1500000, 0x00000000a1400000| Complete 
|  21|0x00000000a1500000, 0x00000000a1600000, 0x00000000a1600000|100%|HC|  |TAMS 0x00000000a1600000, 0x00000000a1500000| Complete 
|  22|0x00000000a1600000, 0x00000000a1700000, 0x00000000a1700000|100%|HC|  |TAMS 0x00000000a1700000, 0x00000000a1600000| Complete 
|  23|0x00000000a1700000, 0x00000000a1800000, 0x00000000a1800000|100%| O|  |TAMS 0x00000000a1800000, 0x00000000a1700000| Untracked 
|  24|0x00000000a1800000, 0x00000000a1900000, 0x00000000a1900000|100%| O|  |TAMS 0x00000000a1900000, 0x00000000a1800000| Untracked 
|  25|0x00000000a1900000, 0x00000000a1a00000, 0x00000000a1a00000|100%| O|  |TAMS 0x00000000a1a00000, 0x00000000a1900000| Untracked 
|  26|0x00000000a1a00000, 0x00000000a1b00000, 0x00000000a1b00000|100%| O|  |TAMS 0x00000000a1b00000, 0x00000000a1a00000| Untracked 
|  27|0x00000000a1b00000, 0x00000000a1c00000, 0x00000000a1c00000|100%|HS|  |TAMS 0x00000000a1c00000, 0x00000000a1b00000| Complete 
|  28|0x00000000a1c00000, 0x00000000a1d00000, 0x00000000a1d00000|100%|HC|  |TAMS 0x00000000a1d00000, 0x00000000a1c00000| Complete 
|  29|0x00000000a1d00000, 0x00000000a1e00000, 0x00000000a1e00000|100%|HC|  |TAMS 0x00000000a1e00000, 0x00000000a1d00000| Complete 
|  30|0x00000000a1e00000, 0x00000000a1f00000, 0x00000000a1f00000|100%|HS|  |TAMS 0x00000000a1f00000, 0x00000000a1e00000| Complete 
|  31|0x00000000a1f00000, 0x00000000a2000000, 0x00000000a2000000|100%|HC|  |TAMS 0x00000000a2000000, 0x00000000a1f00000| Complete 
|  32|0x00000000a2000000, 0x00000000a2100000, 0x00000000a2100000|100%|HC|  |TAMS 0x00000000a2100000, 0x00000000a2000000| Complete 
|  33|0x00000000a2100000, 0x00000000a2200000, 0x00000000a2200000|100%|HC|  |TAMS 0x00000000a2200000, 0x00000000a2100000| Complete 
|  34|0x00000000a2200000, 0x00000000a2300000, 0x00000000a2300000|100%|HC|  |TAMS 0x00000000a2300000, 0x00000000a2200000| Complete 
|  35|0x00000000a2300000, 0x00000000a2400000, 0x00000000a2400000|100%|HC|  |TAMS 0x00000000a2400000, 0x00000000a2300000| Complete 
|  36|0x00000000a2400000, 0x00000000a2500000, 0x00000000a2500000|100%|HC|  |TAMS 0x00000000a2500000, 0x00000000a2400000| Complete 
|  37|0x00000000a2500000, 0x00000000a2600000, 0x00000000a2600000|100%|HC|  |TAMS 0x00000000a2600000, 0x00000000a2500000| Complete 
|  38|0x00000000a2600000, 0x00000000a2700000, 0x00000000a2700000|100%|HC|  |TAMS 0x00000000a2700000, 0x00000000a2600000| Complete 
|  39|0x00000000a2700000, 0x00000000a2800000, 0x00000000a2800000|100%|HC|  |TAMS 0x00000000a2800000, 0x00000000a2700000| Complete 
|  40|0x00000000a2800000, 0x00000000a2900000, 0x00000000a2900000|100%|HC|  |TAMS 0x00000000a2900000, 0x00000000a2800000| Complete 
|  41|0x00000000a2900000, 0x00000000a2a00000, 0x00000000a2a00000|100%|HC|  |TAMS 0x00000000a2a00000, 0x00000000a2900000| Complete 
|  42|0x00000000a2a00000, 0x00000000a2b00000, 0x00000000a2b00000|100%| O|  |TAMS 0x00000000a2b00000, 0x00000000a2a00000| Untracked 
|  43|0x00000000a2b00000, 0x00000000a2c00000, 0x00000000a2c00000|100%| O|  |TAMS 0x00000000a2c00000, 0x00000000a2b00000| Untracked 
|  44|0x00000000a2c00000, 0x00000000a2d00000, 0x00000000a2d00000|100%|HS|  |TAMS 0x00000000a2d00000, 0x00000000a2c00000| Complete 
|  45|0x00000000a2d00000, 0x00000000a2e00000, 0x00000000a2e00000|100%|HC|  |TAMS 0x00000000a2e00000, 0x00000000a2d00000| Complete 
|  46|0x00000000a2e00000, 0x00000000a2f00000, 0x00000000a2f00000|100%| O|  |TAMS 0x00000000a2f00000, 0x00000000a2e00000| Untracked 
|  47|0x00000000a2f00000, 0x00000000a3000000, 0x00000000a3000000|100%| O|  |TAMS 0x00000000a3000000, 0x00000000a2f00000| Untracked 
|  48|0x00000000a3000000, 0x00000000a3100000, 0x00000000a3100000|100%| O|  |TAMS 0x00000000a3100000, 0x00000000a3000000| Untracked 
|  49|0x00000000a3100000, 0x00000000a3200000, 0x00000000a3200000|100%| O|  |TAMS 0x00000000a3200000, 0x00000000a3100000| Untracked 
|  50|0x00000000a3200000, 0x00000000a3300000, 0x00000000a3300000|100%| O|  |TAMS 0x00000000a3300000, 0x00000000a3200000| Untracked 
|  51|0x00000000a3300000, 0x00000000a3400000, 0x00000000a3400000|100%| O|  |TAMS 0x00000000a3400000, 0x00000000a3300000| Untracked 
|  52|0x00000000a3400000, 0x00000000a3500000, 0x00000000a3500000|100%|HS|  |TAMS 0x00000000a3500000, 0x00000000a3400000| Complete 
|  53|0x00000000a3500000, 0x00000000a3600000, 0x00000000a3600000|100%|HC|  |TAMS 0x00000000a3600000, 0x00000000a3500000| Complete 
|  54|0x00000000a3600000, 0x00000000a3700000, 0x00000000a3700000|100%|HC|  |TAMS 0x00000000a3700000, 0x00000000a3600000| Complete 
|  55|0x00000000a3700000, 0x00000000a3800000, 0x00000000a3800000|100%| O|  |TAMS 0x00000000a3800000, 0x00000000a3700000| Untracked 
|  56|0x00000000a3800000, 0x00000000a3900000, 0x00000000a3900000|100%| O|  |TAMS 0x00000000a3900000, 0x00000000a3800000| Untracked 
|  57|0x00000000a3900000, 0x00000000a3a00000, 0x00000000a3a00000|100%| O|  |TAMS 0x00000000a3a00000, 0x00000000a3900000| Untracked 
|  58|0x00000000a3a00000, 0x00000000a3b00000, 0x00000000a3b00000|100%|HS|  |TAMS 0x00000000a3b00000, 0x00000000a3a00000| Complete 
|  59|0x00000000a3b00000, 0x00000000a3c00000, 0x00000000a3c00000|100%|HC|  |TAMS 0x00000000a3c00000, 0x00000000a3b00000| Complete 
|  60|0x00000000a3c00000, 0x00000000a3d00000, 0x00000000a3d00000|100%|HC|  |TAMS 0x00000000a3d00000, 0x00000000a3c00000| Complete 
|  61|0x00000000a3d00000, 0x00000000a3e00000, 0x00000000a3e00000|100%| O|  |TAMS 0x00000000a3e00000, 0x00000000a3d00000| Untracked 
|  62|0x00000000a3e00000, 0x00000000a3f00000, 0x00000000a3f00000|100%| O|  |TAMS 0x00000000a3f00000, 0x00000000a3e00000| Untracked 
|  63|0x00000000a3f00000, 0x00000000a4000000, 0x00000000a4000000|100%| O|  |TAMS 0x00000000a4000000, 0x00000000a3f00000| Untracked 
|  64|0x00000000a4000000, 0x00000000a4100000, 0x00000000a4100000|100%| O|  |TAMS 0x00000000a4100000, 0x00000000a4000000| Untracked 
|  65|0x00000000a4100000, 0x00000000a4200000, 0x00000000a4200000|100%| O|  |TAMS 0x00000000a4200000, 0x00000000a4100000| Untracked 
|  66|0x00000000a4200000, 0x00000000a4300000, 0x00000000a4300000|100%| O|  |TAMS 0x00000000a4300000, 0x00000000a4200000| Untracked 
|  67|0x00000000a4300000, 0x00000000a4400000, 0x00000000a4400000|100%| O|  |TAMS 0x00000000a4400000, 0x00000000a4300000| Untracked 
|  68|0x00000000a4400000, 0x00000000a4500000, 0x00000000a4500000|100%|HS|  |TAMS 0x00000000a4500000, 0x00000000a4400000| Complete 
|  69|0x00000000a4500000, 0x00000000a4600000, 0x00000000a4600000|100%|HS|  |TAMS 0x00000000a4600000, 0x00000000a4500000| Complete 
|  70|0x00000000a4600000, 0x00000000a4700000, 0x00000000a4700000|100%| O|  |TAMS 0x00000000a4600000, 0x00000000a4600000| Untracked 
|  71|0x00000000a4700000, 0x00000000a4800000, 0x00000000a4800000|100%| O|  |TAMS 0x00000000a4800000, 0x00000000a4700000| Untracked 
|  72|0x00000000a4800000, 0x00000000a4900000, 0x00000000a4900000|100%| O|  |TAMS 0x00000000a4900000, 0x00000000a4800000| Untracked 
|  73|0x00000000a4900000, 0x00000000a4a00000, 0x00000000a4a00000|100%| O|  |TAMS 0x00000000a4a00000, 0x00000000a4900000| Untracked 
|  74|0x00000000a4a00000, 0x00000000a4b00000, 0x00000000a4b00000|100%|HS|  |TAMS 0x00000000a4b00000, 0x00000000a4a00000| Complete 
|  75|0x00000000a4b00000, 0x00000000a4c00000, 0x00000000a4c00000|100%|HC|  |TAMS 0x00000000a4c00000, 0x00000000a4b00000| Complete 
|  76|0x00000000a4c00000, 0x00000000a4d00000, 0x00000000a4d00000|100%| O|  |TAMS 0x00000000a4d00000, 0x00000000a4c00000| Untracked 
|  77|0x00000000a4d00000, 0x00000000a4e00000, 0x00000000a4e00000|100%| O|  |TAMS 0x00000000a4e00000, 0x00000000a4d00000| Untracked 
|  78|0x00000000a4e00000, 0x00000000a4f00000, 0x00000000a4f00000|100%| O|  |TAMS 0x00000000a4f00000, 0x00000000a4e00000| Untracked 
|  79|0x00000000a4f00000, 0x00000000a5000000, 0x00000000a5000000|100%| O|  |TAMS 0x00000000a5000000, 0x00000000a4f00000| Untracked 
|  80|0x00000000a5000000, 0x00000000a5100000, 0x00000000a5100000|100%| O|  |TAMS 0x00000000a5100000, 0x00000000a5000000| Untracked 
|  81|0x00000000a5100000, 0x00000000a5200000, 0x00000000a5200000|100%| O|  |TAMS 0x00000000a5200000, 0x00000000a5100000| Untracked 
|  82|0x00000000a5200000, 0x00000000a5300000, 0x00000000a5300000|100%| O|  |TAMS 0x00000000a5300000, 0x00000000a5200000| Untracked 
|  83|0x00000000a5300000, 0x00000000a5400000, 0x00000000a5400000|100%| O|  |TAMS 0x00000000a53a8600, 0x00000000a5300000| Untracked 
|  84|0x00000000a5400000, 0x00000000a5500000, 0x00000000a5500000|100%|HS|  |TAMS 0x00000000a5400000, 0x00000000a5400000| Complete 
|  85|0x00000000a5500000, 0x00000000a5600000, 0x00000000a5600000|100%|HC|  |TAMS 0x00000000a5500000, 0x00000000a5500000| Complete 
|  86|0x00000000a5600000, 0x00000000a5700000, 0x00000000a5700000|100%|HS|  |TAMS 0x00000000a5600000, 0x00000000a5600000| Complete 
|  87|0x00000000a5700000, 0x00000000a5800000, 0x00000000a5800000|100%|HC|  |TAMS 0x00000000a5700000, 0x00000000a5700000| Complete 
|  88|0x00000000a5800000, 0x00000000a5900000, 0x00000000a5900000|100%|HC|  |TAMS 0x00000000a5800000, 0x00000000a5800000| Complete 
|  89|0x00000000a5900000, 0x00000000a5a00000, 0x00000000a5a00000|100%|HS|  |TAMS 0x00000000a5900000, 0x00000000a5900000| Complete 
|  90|0x00000000a5a00000, 0x00000000a5b00000, 0x00000000a5b00000|100%|HC|  |TAMS 0x00000000a5a00000, 0x00000000a5a00000| Complete 
|  91|0x00000000a5b00000, 0x00000000a5c00000, 0x00000000a5c00000|100%|HC|  |TAMS 0x00000000a5b00000, 0x00000000a5b00000| Complete 
|  92|0x00000000a5c00000, 0x00000000a5d00000, 0x00000000a5d00000|100%|HS|  |TAMS 0x00000000a5c00000, 0x00000000a5c00000| Complete 
|  93|0x00000000a5d00000, 0x00000000a5e00000, 0x00000000a5e00000|100%|HC|  |TAMS 0x00000000a5d00000, 0x00000000a5d00000| Complete 
|  94|0x00000000a5e00000, 0x00000000a5f00000, 0x00000000a5f00000|100%|HC|  |TAMS 0x00000000a5e00000, 0x00000000a5e00000| Complete 
|  95|0x00000000a5f00000, 0x00000000a6000000, 0x00000000a6000000|100%|HC|  |TAMS 0x00000000a5f00000, 0x00000000a5f00000| Complete 
|  96|0x00000000a6000000, 0x00000000a6100000, 0x00000000a6100000|100%|HC|  |TAMS 0x00000000a6000000, 0x00000000a6000000| Complete 
|  97|0x00000000a6100000, 0x00000000a6200000, 0x00000000a6200000|100%|HC|  |TAMS 0x00000000a6100000, 0x00000000a6100000| Complete 
|  98|0x00000000a6200000, 0x00000000a6300000, 0x00000000a6300000|100%|HC|  |TAMS 0x00000000a6200000, 0x00000000a6200000| Complete 
|  99|0x00000000a6300000, 0x00000000a6400000, 0x00000000a6400000|100%|HC|  |TAMS 0x00000000a6300000, 0x00000000a6300000| Complete 
| 100|0x00000000a6400000, 0x00000000a6500000, 0x00000000a6500000|100%|HC|  |TAMS 0x00000000a6400000, 0x00000000a6400000| Complete 
| 101|0x00000000a6500000, 0x00000000a6600000, 0x00000000a6600000|100%|HC|  |TAMS 0x00000000a6500000, 0x00000000a6500000| Complete 
| 102|0x00000000a6600000, 0x00000000a6700000, 0x00000000a6700000|100%|HC|  |TAMS 0x00000000a6600000, 0x00000000a6600000| Complete 
| 103|0x00000000a6700000, 0x00000000a6800000, 0x00000000a6800000|100%|HC|  |TAMS 0x00000000a6700000, 0x00000000a6700000| Complete 
| 104|0x00000000a6800000, 0x00000000a6900000, 0x00000000a6900000|100%|HS|  |TAMS 0x00000000a6800000, 0x00000000a6800000| Complete 
| 105|0x00000000a6900000, 0x00000000a6a00000, 0x00000000a6a00000|100%|HC|  |TAMS 0x00000000a6900000, 0x00000000a6900000| Complete 
| 106|0x00000000a6a00000, 0x00000000a6b00000, 0x00000000a6b00000|100%| O|  |TAMS 0x00000000a6a00000, 0x00000000a6a00000| Untracked 
| 107|0x00000000a6b00000, 0x00000000a6c00000, 0x00000000a6c00000|100%| O|  |TAMS 0x00000000a6b00000, 0x00000000a6b00000| Untracked 
| 108|0x00000000a6c00000, 0x00000000a6d00000, 0x00000000a6d00000|100%| O|  |TAMS 0x00000000a6c00000, 0x00000000a6c00000| Untracked 
| 109|0x00000000a6d00000, 0x00000000a6e00000, 0x00000000a6e00000|100%| O|  |TAMS 0x00000000a6d00000, 0x00000000a6d00000| Untracked 
| 110|0x00000000a6e00000, 0x00000000a6f00000, 0x00000000a6f00000|100%| O|  |TAMS 0x00000000a6e00000, 0x00000000a6e00000| Untracked 
| 111|0x00000000a6f00000, 0x00000000a7000000, 0x00000000a7000000|100%| O|  |TAMS 0x00000000a6f00000, 0x00000000a6f00000| Untracked 
| 112|0x00000000a7000000, 0x00000000a7100000, 0x00000000a7100000|100%| O|  |TAMS 0x00000000a7000000, 0x00000000a7000000| Untracked 
| 113|0x00000000a7100000, 0x00000000a7200000, 0x00000000a7200000|100%| O|  |TAMS 0x00000000a7100000, 0x00000000a7100000| Untracked 
| 114|0x00000000a7200000, 0x00000000a7300000, 0x00000000a7300000|100%| O|  |TAMS 0x00000000a7200000, 0x00000000a7200000| Untracked 
| 115|0x00000000a7300000, 0x00000000a7400000, 0x00000000a7400000|100%| O|  |TAMS 0x00000000a7300000, 0x00000000a7300000| Untracked 
| 116|0x00000000a7400000, 0x00000000a7500000, 0x00000000a7500000|100%| O|  |TAMS 0x00000000a7400000, 0x00000000a7400000| Untracked 
| 117|0x00000000a7500000, 0x00000000a7600000, 0x00000000a7600000|100%| O|  |TAMS 0x00000000a7500000, 0x00000000a7500000| Untracked 
| 118|0x00000000a7600000, 0x00000000a7700000, 0x00000000a7700000|100%| O|  |TAMS 0x00000000a7600000, 0x00000000a7600000| Untracked 
| 119|0x00000000a7700000, 0x00000000a7800000, 0x00000000a7800000|100%| O|  |TAMS 0x00000000a7700000, 0x00000000a7700000| Untracked 
| 120|0x00000000a7800000, 0x00000000a7900000, 0x00000000a7900000|100%| O|  |TAMS 0x00000000a7800000, 0x00000000a7800000| Untracked 
| 121|0x00000000a7900000, 0x00000000a7a00000, 0x00000000a7a00000|100%| O|  |TAMS 0x00000000a7900000, 0x00000000a7900000| Untracked 
| 122|0x00000000a7a00000, 0x00000000a7b00000, 0x00000000a7b00000|100%| O|  |TAMS 0x00000000a7a00000, 0x00000000a7a00000| Untracked 
| 123|0x00000000a7b00000, 0x00000000a7c00000, 0x00000000a7c00000|100%| O|  |TAMS 0x00000000a7b00000, 0x00000000a7b00000| Untracked 
| 124|0x00000000a7c00000, 0x00000000a7d00000, 0x00000000a7d00000|100%| O|  |TAMS 0x00000000a7c00000, 0x00000000a7c00000| Untracked 
| 125|0x00000000a7d00000, 0x00000000a7e00000, 0x00000000a7e00000|100%| O|  |TAMS 0x00000000a7d00000, 0x00000000a7d00000| Untracked 
| 126|0x00000000a7e00000, 0x00000000a7f00000, 0x00000000a7f00000|100%| O|  |TAMS 0x00000000a7e00000, 0x00000000a7e00000| Untracked 
| 127|0x00000000a7f00000, 0x00000000a8000000, 0x00000000a8000000|100%| O|  |TAMS 0x00000000a7f00000, 0x00000000a7f00000| Untracked 
| 128|0x00000000a8000000, 0x00000000a8100000, 0x00000000a8100000|100%| O|  |TAMS 0x00000000a8000000, 0x00000000a8000000| Untracked 
| 129|0x00000000a8100000, 0x00000000a8200000, 0x00000000a8200000|100%| O|  |TAMS 0x00000000a8100000, 0x00000000a8100000| Untracked 
| 130|0x00000000a8200000, 0x00000000a8300000, 0x00000000a8300000|100%| O|  |TAMS 0x00000000a8200000, 0x00000000a8200000| Untracked 
| 131|0x00000000a8300000, 0x00000000a8400000, 0x00000000a8400000|100%| O|  |TAMS 0x00000000a8300000, 0x00000000a8300000| Untracked 
| 132|0x00000000a8400000, 0x00000000a8500000, 0x00000000a8500000|100%| O|  |TAMS 0x00000000a8400000, 0x00000000a8400000| Untracked 
| 133|0x00000000a8500000, 0x00000000a8600000, 0x00000000a8600000|100%| O|  |TAMS 0x00000000a8500000, 0x00000000a8500000| Untracked 
| 134|0x00000000a8600000, 0x00000000a8700000, 0x00000000a8700000|100%| O|  |TAMS 0x00000000a8600000, 0x00000000a8600000| Untracked 
| 135|0x00000000a8700000, 0x00000000a8800000, 0x00000000a8800000|100%| O|  |TAMS 0x00000000a8700000, 0x00000000a8700000| Untracked 
| 136|0x00000000a8800000, 0x00000000a8900000, 0x00000000a8900000|100%| O|  |TAMS 0x00000000a8800000, 0x00000000a8800000| Untracked 
| 137|0x00000000a8900000, 0x00000000a8a00000, 0x00000000a8a00000|100%| O|  |TAMS 0x00000000a8900000, 0x00000000a8900000| Untracked 
| 138|0x00000000a8a00000, 0x00000000a8b00000, 0x00000000a8b00000|100%| O|  |TAMS 0x00000000a8a00000, 0x00000000a8a00000| Untracked 
| 139|0x00000000a8b00000, 0x00000000a8c00000, 0x00000000a8c00000|100%| O|  |TAMS 0x00000000a8b00000, 0x00000000a8b00000| Untracked 
| 140|0x00000000a8c00000, 0x00000000a8d00000, 0x00000000a8d00000|100%| O|  |TAMS 0x00000000a8c00000, 0x00000000a8c00000| Untracked 
| 141|0x00000000a8d00000, 0x00000000a8e00000, 0x00000000a8e00000|100%| O|  |TAMS 0x00000000a8d00000, 0x00000000a8d00000| Untracked 
| 142|0x00000000a8e00000, 0x00000000a8f00000, 0x00000000a8f00000|100%| O|  |TAMS 0x00000000a8e00000, 0x00000000a8e00000| Untracked 
| 143|0x00000000a8f00000, 0x00000000a9000000, 0x00000000a9000000|100%| O|  |TAMS 0x00000000a8f00000, 0x00000000a8f00000| Untracked 
| 144|0x00000000a9000000, 0x00000000a9100000, 0x00000000a9100000|100%| O|  |TAMS 0x00000000a9000000, 0x00000000a9000000| Untracked 
| 145|0x00000000a9100000, 0x00000000a9200000, 0x00000000a9200000|100%| O|  |TAMS 0x00000000a9100000, 0x00000000a9100000| Untracked 
| 146|0x00000000a9200000, 0x00000000a9300000, 0x00000000a9300000|100%| O|  |TAMS 0x00000000a9200000, 0x00000000a9200000| Untracked 
| 147|0x00000000a9300000, 0x00000000a9400000, 0x00000000a9400000|100%| O|  |TAMS 0x00000000a9300000, 0x00000000a9300000| Untracked 
| 148|0x00000000a9400000, 0x00000000a9500000, 0x00000000a9500000|100%| O|  |TAMS 0x00000000a9400000, 0x00000000a9400000| Untracked 
| 149|0x00000000a9500000, 0x00000000a9600000, 0x00000000a9600000|100%| O|  |TAMS 0x00000000a9500000, 0x00000000a9500000| Untracked 
| 150|0x00000000a9600000, 0x00000000a9700000, 0x00000000a9700000|100%| O|  |TAMS 0x00000000a9600000, 0x00000000a9600000| Untracked 
| 151|0x00000000a9700000, 0x00000000a9800000, 0x00000000a9800000|100%| O|  |TAMS 0x00000000a9700000, 0x00000000a9700000| Untracked 
| 152|0x00000000a9800000, 0x00000000a9900000, 0x00000000a9900000|100%| O|  |TAMS 0x00000000a9800000, 0x00000000a9800000| Untracked 
| 153|0x00000000a9900000, 0x00000000a9a00000, 0x00000000a9a00000|100%| O|  |TAMS 0x00000000a9900000, 0x00000000a9900000| Untracked 
| 154|0x00000000a9a00000, 0x00000000a9b00000, 0x00000000a9b00000|100%| O|  |TAMS 0x00000000a9a00000, 0x00000000a9a00000| Untracked 
| 155|0x00000000a9b00000, 0x00000000a9c00000, 0x00000000a9c00000|100%| O|  |TAMS 0x00000000a9b00000, 0x00000000a9b00000| Untracked 
| 156|0x00000000a9c00000, 0x00000000a9d00000, 0x00000000a9d00000|100%| O|  |TAMS 0x00000000a9c00000, 0x00000000a9c00000| Untracked 
| 157|0x00000000a9d00000, 0x00000000a9e00000, 0x00000000a9e00000|100%| O|  |TAMS 0x00000000a9d00000, 0x00000000a9d00000| Untracked 
| 158|0x00000000a9e00000, 0x00000000a9f00000, 0x00000000a9f00000|100%| O|  |TAMS 0x00000000a9e00000, 0x00000000a9e00000| Untracked 
| 159|0x00000000a9f00000, 0x00000000aa000000, 0x00000000aa000000|100%| O|  |TAMS 0x00000000a9f00000, 0x00000000a9f00000| Untracked 
| 160|0x00000000aa000000, 0x00000000aa000000, 0x00000000aa100000|  0%| F|  |TAMS 0x00000000aa000000, 0x00000000aa000000| Untracked 
| 161|0x00000000aa100000, 0x00000000aa100000, 0x00000000aa200000|  0%| F|  |TAMS 0x00000000aa100000, 0x00000000aa100000| Untracked 
| 162|0x00000000aa200000, 0x00000000aa200000, 0x00000000aa300000|  0%| F|  |TAMS 0x00000000aa200000, 0x00000000aa200000| Untracked 
| 163|0x00000000aa300000, 0x00000000aa300000, 0x00000000aa400000|  0%| F|  |TAMS 0x00000000aa300000, 0x00000000aa300000| Untracked 
| 164|0x00000000aa400000, 0x00000000aa400000, 0x00000000aa500000|  0%| F|  |TAMS 0x00000000aa400000, 0x00000000aa400000| Untracked 
| 165|0x00000000aa500000, 0x00000000aa500000, 0x00000000aa600000|  0%| F|  |TAMS 0x00000000aa500000, 0x00000000aa500000| Untracked 
| 166|0x00000000aa600000, 0x00000000aa600000, 0x00000000aa700000|  0%| F|  |TAMS 0x00000000aa600000, 0x00000000aa600000| Untracked 
| 167|0x00000000aa700000, 0x00000000aa700000, 0x00000000aa800000|  0%| F|  |TAMS 0x00000000aa700000, 0x00000000aa700000| Untracked 
| 168|0x00000000aa800000, 0x00000000aa800000, 0x00000000aa900000|  0%| F|  |TAMS 0x00000000aa800000, 0x00000000aa800000| Untracked 
| 169|0x00000000aa900000, 0x00000000aa900000, 0x00000000aaa00000|  0%| F|  |TAMS 0x00000000aa900000, 0x00000000aa900000| Untracked 
| 170|0x00000000aaa00000, 0x00000000aaa00000, 0x00000000aab00000|  0%| F|  |TAMS 0x00000000aaa00000, 0x00000000aaa00000| Untracked 
| 171|0x00000000aab00000, 0x00000000aab00000, 0x00000000aac00000|  0%| F|  |TAMS 0x00000000aab00000, 0x00000000aab00000| Untracked 
| 172|0x00000000aac00000, 0x00000000aac00000, 0x00000000aad00000|  0%| F|  |TAMS 0x00000000aac00000, 0x00000000aac00000| Untracked 
| 173|0x00000000aad00000, 0x00000000aad00000, 0x00000000aae00000|  0%| F|  |TAMS 0x00000000aad00000, 0x00000000aad00000| Untracked 
| 174|0x00000000aae00000, 0x00000000aae00000, 0x00000000aaf00000|  0%| F|  |TAMS 0x00000000aae00000, 0x00000000aae00000| Untracked 
| 175|0x00000000aaf00000, 0x00000000aaf00000, 0x00000000ab000000|  0%| F|  |TAMS 0x00000000aaf00000, 0x00000000aaf00000| Untracked 
| 176|0x00000000ab000000, 0x00000000ab000000, 0x00000000ab100000|  0%| F|  |TAMS 0x00000000ab000000, 0x00000000ab000000| Untracked 
| 177|0x00000000ab100000, 0x00000000ab100000, 0x00000000ab200000|  0%| F|  |TAMS 0x00000000ab100000, 0x00000000ab100000| Untracked 
| 178|0x00000000ab200000, 0x00000000ab200000, 0x00000000ab300000|  0%| F|  |TAMS 0x00000000ab200000, 0x00000000ab200000| Untracked 
| 179|0x00000000ab300000, 0x00000000ab300000, 0x00000000ab400000|  0%| F|  |TAMS 0x00000000ab300000, 0x00000000ab300000| Untracked 
| 180|0x00000000ab400000, 0x00000000ab400000, 0x00000000ab500000|  0%| F|  |TAMS 0x00000000ab400000, 0x00000000ab400000| Untracked 
| 181|0x00000000ab500000, 0x00000000ab500000, 0x00000000ab600000|  0%| F|  |TAMS 0x00000000ab500000, 0x00000000ab500000| Untracked 
| 182|0x00000000ab600000, 0x00000000ab600000, 0x00000000ab700000|  0%| F|  |TAMS 0x00000000ab600000, 0x00000000ab600000| Untracked 
| 183|0x00000000ab700000, 0x00000000ab700000, 0x00000000ab800000|  0%| F|  |TAMS 0x00000000ab700000, 0x00000000ab700000| Untracked 
| 184|0x00000000ab800000, 0x00000000ab800000, 0x00000000ab900000|  0%| F|  |TAMS 0x00000000ab800000, 0x00000000ab800000| Untracked 
| 185|0x00000000ab900000, 0x00000000ab900000, 0x00000000aba00000|  0%| F|  |TAMS 0x00000000ab900000, 0x00000000ab900000| Untracked 
| 186|0x00000000aba00000, 0x00000000aba00000, 0x00000000abb00000|  0%| F|  |TAMS 0x00000000aba00000, 0x00000000aba00000| Untracked 
| 187|0x00000000abb00000, 0x00000000abb00000, 0x00000000abc00000|  0%| F|  |TAMS 0x00000000abb00000, 0x00000000abb00000| Untracked 
| 188|0x00000000abc00000, 0x00000000abc00000, 0x00000000abd00000|  0%| F|  |TAMS 0x00000000abc00000, 0x00000000abc00000| Untracked 
| 189|0x00000000abd00000, 0x00000000abd00000, 0x00000000abe00000|  0%| F|  |TAMS 0x00000000abd00000, 0x00000000abd00000| Untracked 
| 190|0x00000000abe00000, 0x00000000abe00000, 0x00000000abf00000|  0%| F|  |TAMS 0x00000000abe00000, 0x00000000abe00000| Untracked 
| 191|0x00000000abf00000, 0x00000000abf00000, 0x00000000ac000000|  0%| F|  |TAMS 0x00000000abf00000, 0x00000000abf00000| Untracked 
| 192|0x00000000ac000000, 0x00000000ac000000, 0x00000000ac100000|  0%| F|  |TAMS 0x00000000ac000000, 0x00000000ac000000| Untracked 
| 193|0x00000000ac100000, 0x00000000ac100000, 0x00000000ac200000|  0%| F|  |TAMS 0x00000000ac100000, 0x00000000ac100000| Untracked 
| 194|0x00000000ac200000, 0x00000000ac200000, 0x00000000ac300000|  0%| F|  |TAMS 0x00000000ac200000, 0x00000000ac200000| Untracked 
| 195|0x00000000ac300000, 0x00000000ac300000, 0x00000000ac400000|  0%| F|  |TAMS 0x00000000ac300000, 0x00000000ac300000| Untracked 
| 196|0x00000000ac400000, 0x00000000ac400000, 0x00000000ac500000|  0%| F|  |TAMS 0x00000000ac400000, 0x00000000ac400000| Untracked 
| 197|0x00000000ac500000, 0x00000000ac500000, 0x00000000ac600000|  0%| F|  |TAMS 0x00000000ac500000, 0x00000000ac500000| Untracked 
| 198|0x00000000ac600000, 0x00000000ac600000, 0x00000000ac700000|  0%| F|  |TAMS 0x00000000ac600000, 0x00000000ac600000| Untracked 
| 199|0x00000000ac700000, 0x00000000ac700000, 0x00000000ac800000|  0%| F|  |TAMS 0x00000000ac700000, 0x00000000ac700000| Untracked 
| 200|0x00000000ac800000, 0x00000000ac800000, 0x00000000ac900000|  0%| F|  |TAMS 0x00000000ac800000, 0x00000000ac800000| Untracked 
| 201|0x00000000ac900000, 0x00000000ac900000, 0x00000000aca00000|  0%| F|  |TAMS 0x00000000ac900000, 0x00000000ac900000| Untracked 
| 202|0x00000000aca00000, 0x00000000aca00000, 0x00000000acb00000|  0%| F|  |TAMS 0x00000000aca00000, 0x00000000aca00000| Untracked 
| 203|0x00000000acb00000, 0x00000000acb00000, 0x00000000acc00000|  0%| F|  |TAMS 0x00000000acb00000, 0x00000000acb00000| Untracked 
| 204|0x00000000acc00000, 0x00000000acc00000, 0x00000000acd00000|  0%| F|  |TAMS 0x00000000acc00000, 0x00000000acc00000| Untracked 
| 205|0x00000000acd00000, 0x00000000acd00000, 0x00000000ace00000|  0%| F|  |TAMS 0x00000000acd00000, 0x00000000acd00000| Untracked 
| 206|0x00000000ace00000, 0x00000000ace00000, 0x00000000acf00000|  0%| F|  |TAMS 0x00000000ace00000, 0x00000000ace00000| Untracked 
| 207|0x00000000acf00000, 0x00000000acf00000, 0x00000000ad000000|  0%| F|  |TAMS 0x00000000acf00000, 0x00000000acf00000| Untracked 
| 208|0x00000000ad000000, 0x00000000ad000000, 0x00000000ad100000|  0%| F|  |TAMS 0x00000000ad000000, 0x00000000ad000000| Untracked 
| 209|0x00000000ad100000, 0x00000000ad100000, 0x00000000ad200000|  0%| F|  |TAMS 0x00000000ad100000, 0x00000000ad100000| Untracked 
| 210|0x00000000ad200000, 0x00000000ad200000, 0x00000000ad300000|  0%| F|  |TAMS 0x00000000ad200000, 0x00000000ad200000| Untracked 
| 211|0x00000000ad300000, 0x00000000ad400000, 0x00000000ad400000|100%| S|CS|TAMS 0x00000000ad300000, 0x00000000ad300000| Complete 
| 212|0x00000000ad400000, 0x00000000ad500000, 0x00000000ad500000|100%| S|CS|TAMS 0x00000000ad400000, 0x00000000ad400000| Complete 
| 213|0x00000000ad500000, 0x00000000ad600000, 0x00000000ad600000|100%| S|CS|TAMS 0x00000000ad500000, 0x00000000ad500000| Complete 
| 214|0x00000000ad600000, 0x00000000ad700000, 0x00000000ad700000|100%| S|CS|TAMS 0x00000000ad600000, 0x00000000ad600000| Complete 
| 215|0x00000000ad700000, 0x00000000ad800000, 0x00000000ad800000|100%| E|  |TAMS 0x00000000ad700000, 0x00000000ad700000| Complete 
| 216|0x00000000ad800000, 0x00000000ad900000, 0x00000000ad900000|100%| E|CS|TAMS 0x00000000ad800000, 0x00000000ad800000| Complete 
| 217|0x00000000ad900000, 0x00000000ada00000, 0x00000000ada00000|100%| E|CS|TAMS 0x00000000ad900000, 0x00000000ad900000| Complete 
| 218|0x00000000ada00000, 0x00000000adb00000, 0x00000000adb00000|100%| E|CS|TAMS 0x00000000ada00000, 0x00000000ada00000| Complete 
| 219|0x00000000adb00000, 0x00000000adc00000, 0x00000000adc00000|100%| E|CS|TAMS 0x00000000adb00000, 0x00000000adb00000| Complete 
| 220|0x00000000adc00000, 0x00000000add00000, 0x00000000add00000|100%| E|CS|TAMS 0x00000000adc00000, 0x00000000adc00000| Complete 
| 221|0x00000000add00000, 0x00000000ade00000, 0x00000000ade00000|100%| E|CS|TAMS 0x00000000add00000, 0x00000000add00000| Complete 
| 222|0x00000000ade00000, 0x00000000adf00000, 0x00000000adf00000|100%| E|CS|TAMS 0x00000000ade00000, 0x00000000ade00000| Complete 
| 223|0x00000000adf00000, 0x00000000ae000000, 0x00000000ae000000|100%| E|CS|TAMS 0x00000000adf00000, 0x00000000adf00000| Complete 
| 224|0x00000000ae000000, 0x00000000ae100000, 0x00000000ae100000|100%| E|CS|TAMS 0x00000000ae000000, 0x00000000ae000000| Complete 
| 225|0x00000000ae100000, 0x00000000ae200000, 0x00000000ae200000|100%| E|CS|TAMS 0x00000000ae100000, 0x00000000ae100000| Complete 
| 226|0x00000000ae200000, 0x00000000ae300000, 0x00000000ae300000|100%| E|CS|TAMS 0x00000000ae200000, 0x00000000ae200000| Complete 
| 227|0x00000000ae300000, 0x00000000ae400000, 0x00000000ae400000|100%| E|CS|TAMS 0x00000000ae300000, 0x00000000ae300000| Complete 
| 228|0x00000000ae400000, 0x00000000ae500000, 0x00000000ae500000|100%| E|CS|TAMS 0x00000000ae400000, 0x00000000ae400000| Complete 
| 229|0x00000000ae500000, 0x00000000ae600000, 0x00000000ae600000|100%| E|CS|TAMS 0x00000000ae500000, 0x00000000ae500000| Complete 
| 230|0x00000000ae600000, 0x00000000ae700000, 0x00000000ae700000|100%| E|CS|TAMS 0x00000000ae600000, 0x00000000ae600000| Complete 
| 231|0x00000000ae700000, 0x00000000ae800000, 0x00000000ae800000|100%| E|CS|TAMS 0x00000000ae700000, 0x00000000ae700000| Complete 
| 232|0x00000000ae800000, 0x00000000ae900000, 0x00000000ae900000|100%| E|CS|TAMS 0x00000000ae800000, 0x00000000ae800000| Complete 
| 233|0x00000000ae900000, 0x00000000aea00000, 0x00000000aea00000|100%| E|CS|TAMS 0x00000000ae900000, 0x00000000ae900000| Complete 
| 234|0x00000000aea00000, 0x00000000aeb00000, 0x00000000aeb00000|100%| E|CS|TAMS 0x00000000aea00000, 0x00000000aea00000| Complete 
| 235|0x00000000aeb00000, 0x00000000aec00000, 0x00000000aec00000|100%| E|CS|TAMS 0x00000000aeb00000, 0x00000000aeb00000| Complete 
| 236|0x00000000aec00000, 0x00000000aed00000, 0x00000000aed00000|100%| E|CS|TAMS 0x00000000aec00000, 0x00000000aec00000| Complete 
| 237|0x00000000aed00000, 0x00000000aee00000, 0x00000000aee00000|100%| E|CS|TAMS 0x00000000aed00000, 0x00000000aed00000| Complete 
| 238|0x00000000aee00000, 0x00000000aef00000, 0x00000000aef00000|100%| E|CS|TAMS 0x00000000aee00000, 0x00000000aee00000| Complete 
| 239|0x00000000aef00000, 0x00000000af000000, 0x00000000af000000|100%| E|CS|TAMS 0x00000000aef00000, 0x00000000aef00000| Complete 
| 240|0x00000000af000000, 0x00000000af100000, 0x00000000af100000|100%| E|CS|TAMS 0x00000000af000000, 0x00000000af000000| Complete 
| 241|0x00000000af100000, 0x00000000af200000, 0x00000000af200000|100%| E|CS|TAMS 0x00000000af100000, 0x00000000af100000| Complete 
| 242|0x00000000af200000, 0x00000000af300000, 0x00000000af300000|100%| E|CS|TAMS 0x00000000af200000, 0x00000000af200000| Complete 
| 243|0x00000000af300000, 0x00000000af400000, 0x00000000af400000|100%| E|CS|TAMS 0x00000000af300000, 0x00000000af300000| Complete 
| 244|0x00000000af400000, 0x00000000af500000, 0x00000000af500000|100%| E|CS|TAMS 0x00000000af400000, 0x00000000af400000| Complete 
| 245|0x00000000af500000, 0x00000000af600000, 0x00000000af600000|100%| E|CS|TAMS 0x00000000af500000, 0x00000000af500000| Complete 
| 246|0x00000000af600000, 0x00000000af700000, 0x00000000af700000|100%| E|CS|TAMS 0x00000000af600000, 0x00000000af600000| Complete 
| 247|0x00000000af700000, 0x00000000af800000, 0x00000000af800000|100%| E|CS|TAMS 0x00000000af700000, 0x00000000af700000| Complete 
| 248|0x00000000af800000, 0x00000000af900000, 0x00000000af900000|100%| E|CS|TAMS 0x00000000af800000, 0x00000000af800000| Complete 
| 249|0x00000000af900000, 0x00000000afa00000, 0x00000000afa00000|100%| E|CS|TAMS 0x00000000af900000, 0x00000000af900000| Complete 
| 250|0x00000000afa00000, 0x00000000afb00000, 0x00000000afb00000|100%| E|CS|TAMS 0x00000000afa00000, 0x00000000afa00000| Complete 
| 251|0x00000000afb00000, 0x00000000afc00000, 0x00000000afc00000|100%| E|CS|TAMS 0x00000000afb00000, 0x00000000afb00000| Complete 
| 252|0x00000000afc00000, 0x00000000afd00000, 0x00000000afd00000|100%| E|CS|TAMS 0x00000000afc00000, 0x00000000afc00000| Complete 
| 253|0x00000000afd00000, 0x00000000afe00000, 0x00000000afe00000|100%| E|CS|TAMS 0x00000000afd00000, 0x00000000afd00000| Complete 
| 254|0x00000000afe00000, 0x00000000aff00000, 0x00000000aff00000|100%| E|CS|TAMS 0x00000000afe00000, 0x00000000afe00000| Complete 
| 255|0x00000000aff00000, 0x00000000b0000000, 0x00000000b0000000|100%| E|CS|TAMS 0x00000000aff00000, 0x00000000aff00000| Complete 
| 256|0x00000000b0000000, 0x00000000b0100000, 0x00000000b0100000|100%| E|CS|TAMS 0x00000000b0000000, 0x00000000b0000000| Complete 
| 257|0x00000000b0100000, 0x00000000b0200000, 0x00000000b0200000|100%| E|CS|TAMS 0x00000000b0100000, 0x00000000b0100000| Complete 
| 258|0x00000000b0200000, 0x00000000b0300000, 0x00000000b0300000|100%| E|CS|TAMS 0x00000000b0200000, 0x00000000b0200000| Complete 
| 259|0x00000000b0300000, 0x00000000b0400000, 0x00000000b0400000|100%| E|CS|TAMS 0x00000000b0300000, 0x00000000b0300000| Complete 
| 260|0x00000000b0400000, 0x00000000b0500000, 0x00000000b0500000|100%| E|CS|TAMS 0x00000000b0400000, 0x00000000b0400000| Complete 
| 261|0x00000000b0500000, 0x00000000b0600000, 0x00000000b0600000|100%| E|CS|TAMS 0x00000000b0500000, 0x00000000b0500000| Complete 
| 262|0x00000000b0600000, 0x00000000b0700000, 0x00000000b0700000|100%| E|CS|TAMS 0x00000000b0600000, 0x00000000b0600000| Complete 
| 263|0x00000000b0700000, 0x00000000b0800000, 0x00000000b0800000|100%| E|CS|TAMS 0x00000000b0700000, 0x00000000b0700000| Complete 
| 264|0x00000000b0800000, 0x00000000b0900000, 0x00000000b0900000|100%| E|CS|TAMS 0x00000000b0800000, 0x00000000b0800000| Complete 
| 265|0x00000000b0900000, 0x00000000b0a00000, 0x00000000b0a00000|100%| E|CS|TAMS 0x00000000b0900000, 0x00000000b0900000| Complete 
| 266|0x00000000b0a00000, 0x00000000b0b00000, 0x00000000b0b00000|100%| E|CS|TAMS 0x00000000b0a00000, 0x00000000b0a00000| Complete 
| 267|0x00000000b0b00000, 0x00000000b0c00000, 0x00000000b0c00000|100%| E|CS|TAMS 0x00000000b0b00000, 0x00000000b0b00000| Complete 
| 268|0x00000000b0c00000, 0x00000000b0d00000, 0x00000000b0d00000|100%| E|CS|TAMS 0x00000000b0c00000, 0x00000000b0c00000| Complete 
| 269|0x00000000b0d00000, 0x00000000b0e00000, 0x00000000b0e00000|100%| E|CS|TAMS 0x00000000b0d00000, 0x00000000b0d00000| Complete 
| 270|0x00000000b0e00000, 0x00000000b0f00000, 0x00000000b0f00000|100%| E|CS|TAMS 0x00000000b0e00000, 0x00000000b0e00000| Complete 
| 271|0x00000000b0f00000, 0x00000000b1000000, 0x00000000b1000000|100%| E|CS|TAMS 0x00000000b0f00000, 0x00000000b0f00000| Complete 
| 272|0x00000000b1000000, 0x00000000b1100000, 0x00000000b1100000|100%| E|CS|TAMS 0x00000000b1000000, 0x00000000b1000000| Complete 
| 273|0x00000000b1100000, 0x00000000b1200000, 0x00000000b1200000|100%| E|CS|TAMS 0x00000000b1100000, 0x00000000b1100000| Complete 
| 274|0x00000000b1200000, 0x00000000b1300000, 0x00000000b1300000|100%| E|CS|TAMS 0x00000000b1200000, 0x00000000b1200000| Complete 
| 275|0x00000000b1300000, 0x00000000b1400000, 0x00000000b1400000|100%| E|CS|TAMS 0x00000000b1300000, 0x00000000b1300000| Complete 
| 276|0x00000000b1400000, 0x00000000b1500000, 0x00000000b1500000|100%| E|CS|TAMS 0x00000000b1400000, 0x00000000b1400000| Complete 
| 277|0x00000000b1500000, 0x00000000b1600000, 0x00000000b1600000|100%| E|CS|TAMS 0x00000000b1500000, 0x00000000b1500000| Complete 
| 278|0x00000000b1600000, 0x00000000b1700000, 0x00000000b1700000|100%| E|CS|TAMS 0x00000000b1600000, 0x00000000b1600000| Complete 
| 279|0x00000000b1700000, 0x00000000b1800000, 0x00000000b1800000|100%| E|CS|TAMS 0x00000000b1700000, 0x00000000b1700000| Complete 

Card table byte_map: [0x0000024820e60000,0x0000024821160000] _byte_map_base: 0x0000024820960000

Marking Bits (Prev, Next): (CMBitMap*) 0x000002480e9e4460, (CMBitMap*) 0x000002480e9e44a0
 Prev Bits: [0x0000024821460000, 0x0000024822c60000)
 Next Bits: [0x0000024822c60000, 0x0000024824460000)

Polling page: 0x000002480c720000

Metaspace:

Usage:
  Non-class:     88.45 MB used.
      Class:     13.48 MB used.
       Both:    101.93 MB used.

Virtual space:
  Non-class space:       96.00 MB reserved,      88.94 MB ( 93%) committed,  12 nodes.
      Class space:        1.00 GB reserved,      14.00 MB (  1%) committed,  1 nodes.
             Both:        1.09 GB reserved,     102.94 MB (  9%) committed. 

Chunk freelists:
   Non-Class:  2.62 MB
       Class:  2.00 MB
        Both:  4.62 MB

MaxMetaspaceSize: unlimited
CompressedClassSpaceSize: 1.00 GB
Initial GC threshold: 21.00 MB
Current GC threshold: 111.38 MB
CDS: off
MetaspaceReclaimPolicy: balanced
 - commit_granule_bytes: 65536.
 - commit_granule_words: 8192.
 - virtual_space_node_default_size: 1048576.
 - enlarge_chunks_in_place: 1.
 - new_chunks_are_fully_committed: 0.
 - uncommit_free_chunks: 1.
 - use_allocation_guard: 0.
 - handle_deallocations: 1.


Internal statistics:

num_allocs_failed_limit: 3.
num_arena_births: 1496.
num_arena_deaths: 2.
num_vsnodes_births: 13.
num_vsnodes_deaths: 0.
num_space_committed: 1647.
num_space_uncommitted: 0.
num_chunks_returned_to_freelist: 12.
num_chunks_taken_from_freelist: 5653.
num_chunk_merges: 4.
num_chunk_splits: 3563.
num_chunks_enlarged: 2115.
num_purges: 2.
num_inconsistent_stats: 0.

CodeHeap 'non-profiled nmethods': size=120064Kb used=7569Kb max_used=7569Kb free=112494Kb
 bounds [0x0000024819920000, 0x000002481a090000, 0x0000024820e60000]
CodeHeap 'profiled nmethods': size=120000Kb used=25696Kb max_used=25696Kb free=94303Kb
 bounds [0x0000024811e60000, 0x0000024813780000, 0x0000024819390000]
CodeHeap 'non-nmethods': size=5696Kb used=2423Kb max_used=2476Kb free=3272Kb
 bounds [0x0000024819390000, 0x0000024819600000, 0x0000024819920000]
 total_blobs=14054 nmethods=13091 adapters=876
 compilation: enabled
              stopped_count=0, restarted_count=0
 full_count=0

Compilation events (20 events):
Event: 130.729 Thread 0x0000024827430d50 nmethod 14764 0x000002481a080210 code [0x000002481a080400, 0x000002481a0806c0]
Event: 130.729 Thread 0x0000024827430d50 14762       4       org.gradle.internal.component.model.ImmutableModuleSources::getSource (50 bytes)
Event: 130.733 Thread 0x0000024827430d50 nmethod 14762 0x000002481a080a10 code [0x000002481a080bc0, 0x000002481a080ee8]
Event: 130.733 Thread 0x0000024827430d50 14758       4       org.gradle.internal.event.BroadcastDispatch$SingletonDispatch::dispatch (9 bytes)
Event: 130.735 Thread 0x0000024827430d50 nmethod 14758 0x000002481a081110 code [0x000002481a0812a0, 0x000002481a0813d8]
Event: 130.735 Thread 0x0000024827430d50 14761       4       org.gradle.api.internal.artifacts.transform.ConsumerProvidedVariantFinder::collectConsumerVariants (28 bytes)
Event: 130.748 Thread 0x0000024827430d50 nmethod 14761 0x000002481a081590 code [0x000002481a081780, 0x000002481a081d68]
Event: 131.804 Thread 0x0000024827430d50 14765       4       kotlin.io.FilesKt__UtilsKt::relativeToOrSelf (42 bytes)
Event: 131.812 Thread 0x0000024827430d50 nmethod 14765 0x000002481a082390 code [0x000002481a082540, 0x000002481a082a78]
Event: 131.812 Thread 0x0000024827430d50 14767       4       com.android.tools.idea.gradle.project.sync.InternedModels::intern (55 bytes)
Event: 131.834 Thread 0x0000024827430d50 nmethod 14767 0x000002481a082f90 code [0x000002481a083160, 0x000002481a083a10]
Event: 131.834 Thread 0x0000024827430d50 14773       4       org.gradle.api.internal.artifacts.dsl.ParsedModuleStringNotation::assignValuesFromModuleNotation (115 bytes)
Event: 131.843 Thread 0x0000024827432710 14772       3       java.util.HashMap::clear (50 bytes)
Event: 131.843 Thread 0x0000024827432710 nmethod 14772 0x0000024813777510 code [0x00000248137776c0, 0x0000024813777a78]
Event: 131.843 Thread 0x0000024827432710 14771       3       org.gradle.api.internal.artifacts.ivyservice.modulecache.dynamicversions.AbstractModuleVersionsCache::versionList (24 bytes)
Event: 131.844 Thread 0x0000024827432710 nmethod 14771 0x0000024813777b90 code [0x0000024813777d40, 0x0000024813777ff8]
Event: 131.844 Thread 0x0000024827432710 14774       1       java.util.Collections$EmptySet::isEmpty (2 bytes)
Event: 131.844 Thread 0x0000024827432710 nmethod 14774 0x000002481a084010 code [0x000002481a0841a0, 0x000002481a084278]
Event: 131.844 Thread 0x0000024827432710 14770       1       com.android.tools.idea.gradle.project.sync.ModelResult::access$getResult$p (5 bytes)
Event: 131.844 Thread 0x0000024827432710 nmethod 14770 0x000002481a084310 code [0x000002481a0844a0, 0x000002481a084558]

GC Heap History (20 events):
Event: 27.746 GC heap before
{Heap before GC invocations=45 (full 0):
 garbage-first heap   total 143360K, used 112954K [0x00000000a0000000, 0x0000000100000000)
  region size 1024K, 30 young (30720K), 1 survivors (1024K)
 Metaspace       used 56847K, committed 57408K, reserved 1105920K
  class space    used 7569K, committed 7808K, reserved 1048576K
}
Event: 27.750 GC heap after
{Heap after GC invocations=46 (full 0):
 garbage-first heap   total 143360K, used 83647K [0x00000000a0000000, 0x0000000100000000)
  region size 1024K, 1 young (1024K), 1 survivors (1024K)
 Metaspace       used 56847K, committed 57408K, reserved 1105920K
  class space    used 7569K, committed 7808K, reserved 1048576K
}
Event: 29.737 GC heap before
{Heap before GC invocations=47 (full 0):
 garbage-first heap   total 143360K, used 115391K [0x00000000a0000000, 0x0000000100000000)
  region size 1024K, 32 young (32768K), 1 survivors (1024K)
 Metaspace       used 61122K, committed 61760K, reserved 1105920K
  class space    used 8094K, committed 8384K, reserved 1048576K
}
Event: 29.744 GC heap after
{Heap after GC invocations=48 (full 0):
 garbage-first heap   total 143360K, used 85140K [0x00000000a0000000, 0x0000000100000000)
  region size 1024K, 3 young (3072K), 3 survivors (3072K)
 Metaspace       used 61122K, committed 61760K, reserved 1105920K
  class space    used 8094K, committed 8384K, reserved 1048576K
}
Event: 29.891 GC heap before
{Heap before GC invocations=48 (full 0):
 garbage-first heap   total 143360K, used 89236K [0x00000000a0000000, 0x0000000100000000)
  region size 1024K, 7 young (7168K), 3 survivors (3072K)
 Metaspace       used 61735K, committed 62336K, reserved 1105920K
  class space    used 8182K, committed 8448K, reserved 1048576K
}
Event: 29.898 GC heap after
{Heap after GC invocations=49 (full 0):
 garbage-first heap   total 143360K, used 85015K [0x00000000a0000000, 0x0000000100000000)
  region size 1024K, 1 young (1024K), 1 survivors (1024K)
 Metaspace       used 61735K, committed 62336K, reserved 1105920K
  class space    used 8182K, committed 8448K, reserved 1048576K
}
Event: 31.137 GC heap before
{Heap before GC invocations=49 (full 0):
 garbage-first heap   total 143360K, used 116759K [0x00000000a0000000, 0x0000000100000000)
  region size 1024K, 32 young (32768K), 1 survivors (1024K)
 Metaspace       used 67749K, committed 68416K, reserved 1114112K
  class space    used 8943K, committed 9216K, reserved 1048576K
}
Event: 31.144 GC heap after
{Heap after GC invocations=50 (full 0):
 garbage-first heap   total 286720K, used 86352K [0x00000000a0000000, 0x0000000100000000)
  region size 1024K, 2 young (2048K), 2 survivors (2048K)
 Metaspace       used 67749K, committed 68416K, reserved 1114112K
  class space    used 8943K, committed 9216K, reserved 1048576K
}
Event: 35.189 GC heap before
{Heap before GC invocations=51 (full 0):
 garbage-first heap   total 286720K, used 203088K [0x00000000a0000000, 0x0000000100000000)
  region size 1024K, 116 young (118784K), 2 survivors (2048K)
 Metaspace       used 76072K, committed 76736K, reserved 1122304K
  class space    used 10010K, committed 10304K, reserved 1048576K
}
Event: 35.225 GC heap after
{Heap after GC invocations=52 (full 0):
 garbage-first heap   total 286720K, used 97472K [0x00000000a0000000, 0x0000000100000000)
  region size 1024K, 13 young (13312K), 13 survivors (13312K)
 Metaspace       used 76072K, committed 76736K, reserved 1122304K
  class space    used 10010K, committed 10304K, reserved 1048576K
}
Event: 39.449 GC heap before
{Heap before GC invocations=52 (full 0):
 garbage-first heap   total 286720K, used 233664K [0x00000000a0000000, 0x0000000100000000)
  region size 1024K, 125 young (128000K), 13 survivors (13312K)
 Metaspace       used 85507K, committed 86144K, reserved 1130496K
  class space    used 11498K, committed 11776K, reserved 1048576K
}
Event: 39.514 GC heap after
{Heap after GC invocations=53 (full 0):
 garbage-first heap   total 286720K, used 133696K [0x00000000a0000000, 0x0000000100000000)
  region size 1024K, 14 young (14336K), 14 survivors (14336K)
 Metaspace       used 85507K, committed 86144K, reserved 1130496K
  class space    used 11498K, committed 11776K, reserved 1048576K
}
Event: 43.805 GC heap before
{Heap before GC invocations=53 (full 0):
 garbage-first heap   total 286720K, used 223808K [0x00000000a0000000, 0x0000000100000000)
  region size 1024K, 102 young (104448K), 14 survivors (14336K)
 Metaspace       used 96832K, committed 97536K, reserved 1138688K
  class space    used 12956K, committed 13312K, reserved 1048576K
}
Event: 43.849 GC heap after
{Heap after GC invocations=54 (full 0):
 garbage-first heap   total 286720K, used 142848K [0x00000000a0000000, 0x0000000100000000)
  region size 1024K, 9 young (9216K), 9 survivors (9216K)
 Metaspace       used 96832K, committed 97536K, reserved 1138688K
  class space    used 12956K, committed 13312K, reserved 1048576K
}
Event: 48.297 GC heap before
{Heap before GC invocations=54 (full 0):
 garbage-first heap   total 286720K, used 226816K [0x00000000a0000000, 0x0000000100000000)
  region size 1024K, 92 young (94208K), 9 survivors (9216K)
 Metaspace       used 102686K, committed 103616K, reserved 1138688K
  class space    used 13696K, committed 14144K, reserved 1048576K
}
Event: 48.345 GC heap after
{Heap after GC invocations=55 (full 0):
 garbage-first heap   total 286720K, used 149504K [0x00000000a0000000, 0x0000000100000000)
  region size 1024K, 7 young (7168K), 7 survivors (7168K)
 Metaspace       used 102686K, committed 103616K, reserved 1138688K
  class space    used 13696K, committed 14144K, reserved 1048576K
}
Event: 96.393 GC heap before
{Heap before GC invocations=55 (full 0):
 garbage-first heap   total 286720K, used 231424K [0x00000000a0000000, 0x0000000100000000)
  region size 1024K, 88 young (90112K), 7 survivors (7168K)
 Metaspace       used 103886K, committed 104896K, reserved 1146880K
  class space    used 13785K, committed 14272K, reserved 1048576K
}
Event: 96.549 GC heap after
{Heap after GC invocations=56 (full 0):
 garbage-first heap   total 286720K, used 163840K [0x00000000a0000000, 0x0000000100000000)
  region size 1024K, 11 young (11264K), 11 survivors (11264K)
 Metaspace       used 103886K, committed 104896K, reserved 1146880K
  class space    used 13785K, committed 14272K, reserved 1048576K
}
Event: 106.897 GC heap before
{Heap before GC invocations=56 (full 0):
 garbage-first heap   total 286720K, used 230400K [0x00000000a0000000, 0x0000000100000000)
  region size 1024K, 76 young (77824K), 11 survivors (11264K)
 Metaspace       used 104203K, committed 105216K, reserved 1146880K
  class space    used 13788K, committed 14272K, reserved 1048576K
}
Event: 106.987 GC heap after
{Heap after GC invocations=57 (full 0):
 garbage-first heap   total 286720K, used 167936K [0x00000000a0000000, 0x0000000100000000)
  region size 1024K, 4 young (4096K), 4 survivors (4096K)
 Metaspace       used 104203K, committed 105216K, reserved 1146880K
  class space    used 13788K, committed 14272K, reserved 1048576K
}

Dll operation events (2 events):
Event: 0.035 Loaded shared library D:\Program Files\Android\Android Studio\jbr\bin\java.dll
Event: 1.443 Loaded shared library D:\Program Files\Android\Android Studio\jbr\bin\verify.dll

Deoptimization events (20 events):
Event: 102.972 Thread 0x0000024828bc0020 DEOPT PACKING pc=0x0000024819eaf498 sp=0x0000008c115f9130
Event: 102.972 Thread 0x0000024828bc0020 DEOPT UNPACKING pc=0x00000248193e699d sp=0x0000008c115f9050 mode 2
Event: 106.581 Thread 0x0000024828bc0020 DEOPT PACKING pc=0x00000248131ca907 sp=0x0000008c115fa060
Event: 106.581 Thread 0x0000024828bc0020 DEOPT UNPACKING pc=0x00000248193e7124 sp=0x0000008c115f9570 mode 0
Event: 106.992 Thread 0x0000024828bc0020 DEOPT PACKING pc=0x00000248131ca907 sp=0x0000008c115fa050
Event: 106.992 Thread 0x0000024828bc0020 DEOPT UNPACKING pc=0x00000248193e7124 sp=0x0000008c115f9560 mode 0
Event: 106.997 Thread 0x0000024828bc0020 DEOPT PACKING pc=0x00000248131ca907 sp=0x0000008c115fa050
Event: 106.997 Thread 0x0000024828bc0020 DEOPT UNPACKING pc=0x00000248193e7124 sp=0x0000008c115f9560 mode 0
Event: 111.793 Thread 0x000002482b924e60 Uncommon trap: trap_request=0xffffffd6 fr.pc=0x0000024819fddd70 relative=0x0000000000002d70
Event: 111.793 Thread 0x000002482b924e60 Uncommon trap: reason=array_check action=maybe_recompile pc=0x0000024819fddd70 method=java.util.TimSort.reverseRange([Ljava/lang/Object;II)V @ 20 c2
Event: 111.793 Thread 0x000002482b924e60 DEOPT PACKING pc=0x0000024819fddd70 sp=0x0000008c13ffe430
Event: 111.793 Thread 0x000002482b924e60 DEOPT UNPACKING pc=0x00000248193e699d sp=0x0000008c13ffe308 mode 2
Event: 112.016 Thread 0x000002482b924e60 Uncommon trap: trap_request=0xffffff45 fr.pc=0x0000024819da6408 relative=0x00000000000001e8
Event: 112.016 Thread 0x000002482b924e60 Uncommon trap: reason=unstable_if action=reinterpret pc=0x0000024819da6408 method=com.esotericsoftware.kryo.io.Input.require(I)I @ 180 c2
Event: 112.016 Thread 0x000002482b924e60 DEOPT PACKING pc=0x0000024819da6408 sp=0x0000008c13ffed10
Event: 112.016 Thread 0x000002482b924e60 DEOPT UNPACKING pc=0x00000248193e699d sp=0x0000008c13ffecb8 mode 2
Event: 119.161 Thread 0x0000024828bc0020 DEOPT PACKING pc=0x000002481318dfe3 sp=0x0000008c115f9190
Event: 119.161 Thread 0x0000024828bc0020 DEOPT UNPACKING pc=0x00000248193e7124 sp=0x0000008c115f86f8 mode 0
Event: 122.607 Thread 0x0000024828bc0020 DEOPT PACKING pc=0x000002481318dfe3 sp=0x0000008c115f9190
Event: 122.607 Thread 0x0000024828bc0020 DEOPT UNPACKING pc=0x00000248193e7124 sp=0x0000008c115f86f8 mode 0

Classes unloaded (18 events):
Event: 31.246 Thread 0x000002482680c670 Unloading class 0x00000001007c8820 '_BuildScript_$_run_closure2'
Event: 31.246 Thread 0x000002482680c670 Unloading class 0x00000001007c8410 '_BuildScript_$_run_closure1$_closure7$_closure17'
Event: 31.246 Thread 0x000002482680c670 Unloading class 0x00000001007c8000 '_BuildScript_$_run_closure1$_closure7'
Event: 31.246 Thread 0x000002482680c670 Unloading class 0x00000001007c7860 '_BuildScript_$_run_closure1$_closure6$_closure14$_closure15$_closure16'
Event: 31.246 Thread 0x000002482680c670 Unloading class 0x00000001007c7450 '_BuildScript_$_run_closure1$_closure6$_closure14$_closure15'
Event: 31.246 Thread 0x000002482680c670 Unloading class 0x00000001007c7040 '_BuildScript_$_run_closure1$_closure6$_closure14'
Event: 31.246 Thread 0x000002482680c670 Unloading class 0x00000001007c6c30 '_BuildScript_$_run_closure1$_closure6'
Event: 31.246 Thread 0x000002482680c670 Unloading class 0x00000001007c6820 '_BuildScript_$_run_closure1$_closure5'
Event: 31.246 Thread 0x000002482680c670 Unloading class 0x00000001007c6410 '_BuildScript_$_run_closure1$_closure4$_closure13'
Event: 31.246 Thread 0x000002482680c670 Unloading class 0x00000001007c6000 '_BuildScript_$_run_closure1$_closure4$_closure12'
Event: 31.246 Thread 0x000002482680c670 Unloading class 0x00000001007c5860 '_BuildScript_$_run_closure1$_closure4$_closure11'
Event: 31.246 Thread 0x000002482680c670 Unloading class 0x00000001007c5450 '_BuildScript_$_run_closure1$_closure4$_closure10'
Event: 31.246 Thread 0x000002482680c670 Unloading class 0x00000001007c5040 '_BuildScript_$_run_closure1$_closure4$_closure9'
Event: 31.246 Thread 0x000002482680c670 Unloading class 0x00000001007c4c30 '_BuildScript_$_run_closure1$_closure4$_closure8'
Event: 31.246 Thread 0x000002482680c670 Unloading class 0x00000001007c4820 '_BuildScript_$_run_closure1$_closure4'
Event: 31.246 Thread 0x000002482680c670 Unloading class 0x00000001007c4410 '_BuildScript_$_run_closure1$_closure3'
Event: 31.246 Thread 0x000002482680c670 Unloading class 0x00000001007c4000 '_BuildScript_$_run_closure1'
Event: 31.246 Thread 0x000002482680c670 Unloading class 0x00000001007b8800 '_BuildScript_'

Classes redefined (0 events):
No events

Internal exceptions (20 events):
Event: 85.792 Thread 0x0000024827fea310 Exception <a 'sun/nio/fs/WindowsException'{0x00000000b1061230}> (0x00000000b1061230) 
thrown [s\src\hotspot\share\prims\jni.cpp, line 517]
Event: 85.794 Thread 0x0000024827fea310 Exception <a 'sun/nio/fs/WindowsException'{0x00000000b10613a8}> (0x00000000b10613a8) 
thrown [s\src\hotspot\share\prims\jni.cpp, line 517]
Event: 85.830 Thread 0x0000024828bc0020 Exception <a 'java/lang/ClassNotFoundException'{0x00000000b10a8330}: sync_studio_tooling5_dk9rb9tad9btm07f3g4s115beBeanInfo> (0x00000000b10a8330) 
thrown [s\src\hotspot\share\classfile\systemDictionary.cpp, line 256]
Event: 85.830 Thread 0x0000024828bc0020 Exception <a 'java/lang/ClassNotFoundException'{0x00000000b10aec40}: sync_studio_tooling5_dk9rb9tad9btm07f3g4s115beCustomizer> (0x00000000b10aec40) 
thrown [s\src\hotspot\share\classfile\systemDictionary.cpp, line 256]
Event: 85.843 Thread 0x0000024828bc0020 Exception <a 'java/lang/ClassNotFoundException'{0x00000000b10ee4c0}: sync_studio_tooling5_dk9rb9tad9btm07f3g4s115be$_run_closure1BeanInfo> (0x00000000b10ee4c0) 
thrown [s\src\hotspot\share\classfile\systemDictionary.cpp, line 256]
Event: 85.843 Thread 0x0000024828bc0020 Exception <a 'java/lang/ClassNotFoundException'{0x00000000b10f54a8}: sync_studio_tooling5_dk9rb9tad9btm07f3g4s115be$_run_closure1Customizer> (0x00000000b10f54a8) 
thrown [s\src\hotspot\share\classfile\systemDictionary.cpp, line 256]
Event: 85.892 Thread 0x0000024827fea310 Exception <a 'sun/nio/fs/WindowsException'{0x00000000b1064d28}> (0x00000000b1064d28) 
thrown [s\src\hotspot\share\prims\jni.cpp, line 517]
Event: 85.900 Thread 0x0000024827fea310 Exception <a 'sun/nio/fs/WindowsException'{0x00000000b0ff9a18}> (0x00000000b0ff9a18) 
thrown [s\src\hotspot\share\prims\jni.cpp, line 517]
Event: 85.902 Thread 0x0000024827fea310 Exception <a 'sun/nio/fs/WindowsException'{0x00000000b0ff9b80}> (0x00000000b0ff9b80) 
thrown [s\src\hotspot\share\prims\jni.cpp, line 517]
Event: 85.914 Thread 0x0000024828bc0020 Exception <a 'java/lang/ClassNotFoundException'{0x00000000b0f738e8}: sync_studio_tooling5_dk9rb9tad9btm07f3g4s115beBeanInfo> (0x00000000b0f738e8) 
thrown [s\src\hotspot\share\classfile\systemDictionary.cpp, line 256]
Event: 85.914 Thread 0x0000024828bc0020 Exception <a 'java/lang/ClassNotFoundException'{0x00000000b0f7a198}: sync_studio_tooling5_dk9rb9tad9btm07f3g4s115beCustomizer> (0x00000000b0f7a198) 
thrown [s\src\hotspot\share\classfile\systemDictionary.cpp, line 256]
Event: 87.995 Thread 0x0000024828bc0020 Exception <a 'sun/nio/fs/WindowsException'{0x00000000afa2c9b8}> (0x00000000afa2c9b8) 
thrown [s\src\hotspot\share\prims\jni.cpp, line 517]
Event: 88.817 Thread 0x0000024828bc0020 Exception <a 'java/lang/NoClassDefFoundError'{0x00000000aeb15508}: org/jetbrains/kotlin/gradle/plugin/KotlinBasePluginWrapper> (0x00000000aeb15508) 
thrown [s\src\hotspot\share\oops\constantPool.cpp, line 835]
Event: 91.400 Thread 0x0000024828bc0020 Exception <a 'sun/nio/fs/WindowsException'{0x00000000adcc49c8}> (0x00000000adcc49c8) 
thrown [s\src\hotspot\share\prims\jni.cpp, line 517]
Event: 91.476 Thread 0x0000024828bc0020 Exception <a 'sun/nio/fs/WindowsException'{0x00000000ada21498}> (0x00000000ada21498) 
thrown [s\src\hotspot\share\prims\jni.cpp, line 517]
Event: 91.476 Thread 0x0000024828bc0020 Exception <a 'sun/nio/fs/WindowsException'{0x00000000ada22780}> (0x00000000ada22780) 
thrown [s\src\hotspot\share\prims\jni.cpp, line 517]
Event: 91.477 Thread 0x0000024828bc0020 Exception <a 'sun/nio/fs/WindowsException'{0x00000000ada23ab8}> (0x00000000ada23ab8) 
thrown [s\src\hotspot\share\prims\jni.cpp, line 517]
Event: 91.477 Thread 0x0000024828bc0020 Exception <a 'sun/nio/fs/WindowsException'{0x00000000ada24df0}> (0x00000000ada24df0) 
thrown [s\src\hotspot\share\prims\jni.cpp, line 517]
Event: 111.793 Thread 0x000002482b924e60 Exception <a 'java/lang/NoSuchMethodError'{0x00000000b1170f20}: static Lorg/gradle/launcher/daemon/protocol/Command;.<clinit>()V> (0x00000000b1170f20) 
thrown [s\src\hotspot\share\prims\jni.cpp, line 1108]
Event: 111.794 Thread 0x000002482b924e60 Exception <a 'java/lang/NoSuchMethodError'{0x00000000b117b000}: static Lorg/gradle/launcher/daemon/protocol/InvalidateVirtualFileSystem;.<clinit>()V> (0x00000000b117b000) 
thrown [s\src\hotspot\share\prims\jni.cpp, line 1108]

VM Operations (20 events):
Event: 112.017 Executing VM operation: Cleanup
Event: 112.406 Executing VM operation: Cleanup done
Event: 113.796 Executing VM operation: Cleanup
Event: 116.102 Executing VM operation: Cleanup done
Event: 117.106 Executing VM operation: Cleanup
Event: 117.988 Executing VM operation: Cleanup done
Event: 118.990 Executing VM operation: Cleanup
Event: 118.991 Executing VM operation: Cleanup done
Event: 120.029 Executing VM operation: Cleanup
Event: 120.886 Executing VM operation: Cleanup done
Event: 121.981 Executing VM operation: Cleanup
Event: 121.981 Executing VM operation: Cleanup done
Event: 122.993 Executing VM operation: Cleanup
Event: 124.450 Executing VM operation: Cleanup done
Event: 126.479 Executing VM operation: Cleanup
Event: 126.479 Executing VM operation: Cleanup done
Event: 128.497 Executing VM operation: Cleanup
Event: 129.224 Executing VM operation: Cleanup done
Event: 130.243 Executing VM operation: Cleanup
Event: 130.727 Executing VM operation: Cleanup done

Events (20 events):
Event: 87.128 Thread 0x000002482b929b60 Thread added: 0x000002482b929b60
Event: 87.128 Thread 0x000002482b925cd0 Thread added: 0x000002482b925cd0
Event: 87.128 Thread 0x000002482b92b840 Thread added: 0x000002482b92b840
Event: 87.128 Thread 0x000002482b92a9d0 Thread added: 0x000002482b92a9d0
Event: 87.129 Thread 0x000002482b926670 Thread added: 0x000002482b926670
Event: 87.129 Thread 0x000002482b92b370 Thread added: 0x000002482b92b370
Event: 87.129 Thread 0x000002482b92aea0 Thread added: 0x000002482b92aea0
Event: 87.129 Thread 0x000002482b92bd10 Thread added: 0x000002482b92bd10
Event: 87.129 Thread 0x000002482b9291c0 Thread added: 0x000002482b9291c0
Event: 87.129 Thread 0x000002482b9244c0 Thread added: 0x000002482b9244c0
Event: 87.130 Thread 0x000002482b9274e0 Thread added: 0x000002482b9274e0
Event: 87.130 Thread 0x000002482b924990 Thread added: 0x000002482b924990
Event: 87.132 Thread 0x000002482b929690 Thread added: 0x000002482b929690
Event: 88.963 Thread 0x000002482b924e60 Thread added: 0x000002482b924e60
Event: 88.969 Thread 0x000002482b928820 Thread added: 0x000002482b928820
Event: 89.057 Thread 0x000002482b925330 Thread added: 0x000002482b925330
Event: 89.132 Thread 0x000002482b924e60 Thread exited: 0x000002482b924e60
Event: 107.673 Thread 0x000002482b928cf0 Thread added: 0x000002482b928cf0
Event: 109.610 Thread 0x000002482b924e60 Thread added: 0x000002482b924e60
Event: 112.017 Thread 0x000002482b924e60 Thread exited: 0x000002482b924e60


Dynamic libraries:
0x00007ff671110000 - 0x00007ff67111a000 	D:\Program Files\Android\Android Studio\jbr\bin\java.exe
0x00007ffc5faf0000 - 0x00007ffc5fd04000 	C:\Windows\SYSTEM32\ntdll.dll
0x00007ffc5ee50000 - 0x00007ffc5ef14000 	C:\Windows\System32\KERNEL32.DLL
0x00007ffc5d340000 - 0x00007ffc5d6e4000 	C:\Windows\System32\KERNELBASE.dll
0x00007ffc5cea0000 - 0x00007ffc5cfb1000 	C:\Windows\System32\ucrtbase.dll
0x00007ffc402e0000 - 0x00007ffc402f7000 	D:\Program Files\Android\Android Studio\jbr\bin\jli.dll
0x00007ffc3aca0000 - 0x00007ffc3acbb000 	D:\Program Files\Android\Android Studio\jbr\bin\VCRUNTIME140.dll
0x00007ffc5f350000 - 0x00007ffc5f4fe000 	C:\Windows\System32\USER32.dll
0x00007ffc5d850000 - 0x00007ffc5d876000 	C:\Windows\System32\win32u.dll
0x00007ffc5fa80000 - 0x00007ffc5faa9000 	C:\Windows\System32\GDI32.dll
0x00007ffc5d030000 - 0x00007ffc5d148000 	C:\Windows\System32\gdi32full.dll
0x00007ffc4e0a0000 - 0x00007ffc4e333000 	C:\Windows\WinSxS\amd64_microsoft.windows.common-controls_6595b64144ccf1df_6.0.22621.2215_none_270d72677387dfc3\COMCTL32.dll
0x00007ffc5d6f0000 - 0x00007ffc5d78a000 	C:\Windows\System32\msvcp_win.dll
0x00007ffc5d960000 - 0x00007ffc5da07000 	C:\Windows\System32\msvcrt.dll
0x00007ffc5daa0000 - 0x00007ffc5dad1000 	C:\Windows\System32\IMM32.DLL
0x00007ffc3f3c0000 - 0x00007ffc3f3cc000 	D:\Program Files\Android\Android Studio\jbr\bin\vcruntime140_1.dll
0x00007ffc18100000 - 0x00007ffc1818d000 	D:\Program Files\Android\Android Studio\jbr\bin\msvcp140.dll
0x00007ffc04380000 - 0x00007ffc04fee000 	D:\Program Files\Android\Android Studio\jbr\bin\server\jvm.dll
0x00007ffc5f9b0000 - 0x00007ffc5fa60000 	C:\Windows\System32\ADVAPI32.dll
0x00007ffc5ed50000 - 0x00007ffc5edf6000 	C:\Windows\System32\sechost.dll
0x00007ffc5e8f0000 - 0x00007ffc5ea07000 	C:\Windows\System32\RPCRT4.dll
0x00007ffc5a250000 - 0x00007ffc5a259000 	C:\Windows\SYSTEM32\WSOCK32.dll
0x00007ffc5f220000 - 0x00007ffc5f291000 	C:\Windows\System32\WS2_32.dll
0x00007ffc55f70000 - 0x00007ffc55f7a000 	C:\Windows\SYSTEM32\VERSION.dll
0x00007ffc49270000 - 0x00007ffc492a4000 	C:\Windows\SYSTEM32\WINMM.dll
0x00007ffc5bfe0000 - 0x00007ffc5bff8000 	C:\Windows\SYSTEM32\kernel.appcore.dll
0x00007ffc48960000 - 0x00007ffc4896a000 	D:\Program Files\Android\Android Studio\jbr\bin\jimage.dll
0x00007ffc48f50000 - 0x00007ffc4917e000 	C:\Windows\SYSTEM32\DBGHELP.DLL
0x00007ffc5e4e0000 - 0x00007ffc5e86a000 	C:\Windows\System32\combase.dll
0x00007ffc5d880000 - 0x00007ffc5d957000 	C:\Windows\System32\OLEAUT32.dll
0x00007ffc42fa0000 - 0x00007ffc42fd2000 	C:\Windows\SYSTEM32\dbgcore.DLL
0x00007ffc5d150000 - 0x00007ffc5d1ca000 	C:\Windows\System32\bcryptPrimitives.dll
0x00007ffc449a0000 - 0x00007ffc449c5000 	D:\Program Files\Android\Android Studio\jbr\bin\java.dll
0x00007ffc44950000 - 0x00007ffc44968000 	D:\Program Files\Android\Android Studio\jbr\bin\zip.dll
0x00007ffc5dcb0000 - 0x00007ffc5e4d3000 	C:\Windows\System32\SHELL32.dll
0x00007ffc5ae30000 - 0x00007ffc5b71a000 	C:\Windows\SYSTEM32\windows.storage.dll
0x00007ffc5acf0000 - 0x00007ffc5ae2e000 	C:\Windows\SYSTEM32\wintypes.dll
0x00007ffc5ec40000 - 0x00007ffc5ed33000 	C:\Windows\System32\SHCORE.dll
0x00007ffc5f1c0000 - 0x00007ffc5f21e000 	C:\Windows\System32\shlwapi.dll
0x00007ffc5cdd0000 - 0x00007ffc5cdf6000 	C:\Windows\SYSTEM32\profapi.dll
0x00007ffc43690000 - 0x00007ffc436a9000 	D:\Program Files\Android\Android Studio\jbr\bin\net.dll
0x00007ffc54c60000 - 0x00007ffc54d97000 	C:\Windows\SYSTEM32\WINHTTP.dll
0x00007ffc5c460000 - 0x00007ffc5c4c9000 	C:\Windows\system32\mswsock.dll
0x00007ffc40300000 - 0x00007ffc40316000 	D:\Program Files\Android\Android Studio\jbr\bin\nio.dll
0x00007ffc48950000 - 0x00007ffc48960000 	D:\Program Files\Android\Android Studio\jbr\bin\verify.dll
0x00007ffc1f000000 - 0x00007ffc1f027000 	C:\Users\LiuJu\.gradle\native\e1d6ef7f7dcc3fd88c89a11ec53ec762bb8ba0a96d01ffa2cd45eb1d1d8dd5c5\windows-amd64\native-platform.dll
0x00007ffc17fb0000 - 0x00007ffc180f4000 	C:\Users\LiuJu\.gradle\native\5664cfc778a61ccfe75a443a1ab52a65af34e5dc3c78e0209fed803814484fcb\windows-amd64\native-platform-file-events.dll
0x00007ffc46ca0000 - 0x00007ffc46ca9000 	D:\Program Files\Android\Android Studio\jbr\bin\management.dll
0x00007ffc44990000 - 0x00007ffc4499b000 	D:\Program Files\Android\Android Studio\jbr\bin\management_ext.dll
0x00007ffc5dae0000 - 0x00007ffc5dae8000 	C:\Windows\System32\PSAPI.DLL
0x00007ffc5c6b0000 - 0x00007ffc5c6cb000 	C:\Windows\SYSTEM32\CRYPTSP.dll
0x00007ffc5bf50000 - 0x00007ffc5bf85000 	C:\Windows\system32\rsaenh.dll
0x00007ffc5c550000 - 0x00007ffc5c57c000 	C:\Windows\SYSTEM32\USERENV.dll
0x00007ffc5c850000 - 0x00007ffc5c878000 	C:\Windows\SYSTEM32\bcrypt.dll
0x00007ffc5c6d0000 - 0x00007ffc5c6dc000 	C:\Windows\SYSTEM32\CRYPTBASE.dll
0x00007ffc5ba40000 - 0x00007ffc5ba6d000 	C:\Windows\SYSTEM32\IPHLPAPI.DLL
0x00007ffc5ec30000 - 0x00007ffc5ec39000 	C:\Windows\System32\NSI.dll
0x00007ffc54e30000 - 0x00007ffc54e49000 	C:\Windows\SYSTEM32\dhcpcsvc6.DLL
0x00007ffc54ba0000 - 0x00007ffc54bbf000 	C:\Windows\SYSTEM32\dhcpcsvc.DLL
0x00007ffc5ba70000 - 0x00007ffc5bb62000 	C:\Windows\SYSTEM32\DNSAPI.dll
0x00007ffc44930000 - 0x00007ffc44938000 	C:\Windows\system32\wshunix.dll

dbghelp: loaded successfully - version: 4.0.5 - missing functions: none
symbol engine: initialized successfully - sym options: 0x614 - pdb path: .;D:\Program Files\Android\Android Studio\jbr\bin;C:\Windows\SYSTEM32;C:\Windows\WinSxS\amd64_microsoft.windows.common-controls_6595b64144ccf1df_6.0.22621.2215_none_270d72677387dfc3;D:\Program Files\Android\Android Studio\jbr\bin\server;C:\Users\LiuJu\.gradle\native\e1d6ef7f7dcc3fd88c89a11ec53ec762bb8ba0a96d01ffa2cd45eb1d1d8dd5c5\windows-amd64;C:\Users\LiuJu\.gradle\native\5664cfc778a61ccfe75a443a1ab52a65af34e5dc3c78e0209fed803814484fcb\windows-amd64

VM Arguments:
jvm_args: --add-opens=java.base/java.util=ALL-UNNAMED --add-opens=java.base/java.lang=ALL-UNNAMED --add-opens=java.base/java.lang.invoke=ALL-UNNAMED --add-opens=java.base/java.util=ALL-UNNAMED --add-opens=java.prefs/java.util.prefs=ALL-UNNAMED --add-opens=java.prefs/java.util.prefs=ALL-UNNAMED --add-opens=java.base/java.nio.charset=ALL-UNNAMED --add-opens=java.base/java.net=ALL-UNNAMED --add-opens=java.base/java.util.concurrent.atomic=ALL-UNNAMED -Xmx1536m -Dfile.encoding=GBK -Duser.country=CN -Duser.language=zh -Duser.variant 
java_command: org.gradle.launcher.daemon.bootstrap.GradleDaemon 7.3.3
java_class_path (initial): C:\Users\LiuJu\.gradle\wrapper\dists\gradle-7.3.3-bin\6a41zxkdtcxs8rphpq6y0069z\gradle-7.3.3\lib\gradle-launcher-7.3.3.jar
Launcher Type: SUN_STANDARD

[Global flags]
     intx CICompilerCount                          = 2                                         {product} {ergonomic}
     uint ConcGCThreads                            = 1                                         {product} {ergonomic}
     uint G1ConcRefinementThreads                  = 2                                         {product} {ergonomic}
   size_t G1HeapRegionSize                         = 1048576                                   {product} {ergonomic}
    uintx GCDrainStackTargetSize                   = 64                                        {product} {ergonomic}
   size_t InitialHeapSize                          = 134217728                                 {product} {ergonomic}
   size_t MarkStackSize                            = 4194304                                   {product} {ergonomic}
   size_t MaxHeapSize                              = 1610612736                                {product} {command line}
   size_t MaxNewSize                               = 965738496                                 {product} {ergonomic}
   size_t MinHeapDeltaBytes                        = 1048576                                   {product} {ergonomic}
   size_t MinHeapSize                              = 8388608                                   {product} {ergonomic}
    uintx NonNMethodCodeHeapSize                   = 5826188                                {pd product} {ergonomic}
    uintx NonProfiledCodeHeapSize                  = 122916026                              {pd product} {ergonomic}
    uintx ProfiledCodeHeapSize                     = 122916026                              {pd product} {ergonomic}
    uintx ReservedCodeCacheSize                    = 251658240                              {pd product} {ergonomic}
     bool SegmentedCodeCache                       = true                                      {product} {ergonomic}
   size_t SoftMaxHeapSize                          = 1610612736                             {manageable} {ergonomic}
     bool UseCompressedClassPointers               = true                           {product lp64_product} {ergonomic}
     bool UseCompressedOops                        = true                           {product lp64_product} {ergonomic}
     bool UseG1GC                                  = true                                      {product} {ergonomic}
     bool UseLargePagesIndividualAllocation        = false                                  {pd product} {ergonomic}

Logging:
Log output configuration:
 #0: stdout all=warning uptime,level,tags
 #1: stderr all=off uptime,level,tags

Environment Variables:
PATH=C:\Windows\system32;C:\Windows;C:\Windows\System32\Wbem;C:\Windows\System32\WindowsPowerShell\v1.0\;D:\Program Files\Bandizip\;C:\Program Files\dotnet\;C:\Program Files (x86)\NVIDIA Corporation\PhysX\Common;C:\Program Files\NVIDIA Corporation\NVIDIA NvDLISR;D:\Program Files\Git\cmd;C:\Users\LiuJu\AppData\Local\Microsoft\WindowsApps;
USERNAME=LiuJust
OS=Windows_NT
PROCESSOR_IDENTIFIER=Intel64 Family 6 Model 60 Stepping 3, GenuineIntel
TMP=C:\Users\LiuJu\AppData\Local\Temp
TEMP=C:\Users\LiuJu\AppData\Local\Temp


JNI global refs:
JNI global refs: 26, weak refs: 6

JNI global refs memory usage: 843, weak refs: 841


---------------  S Y S T E M  ---------------

OS:
 Windows 11 , 64 bit Build 22621 (10.0.22621.2215)
OS uptime: 0 days 6:02 hours

CPU: total 2 (initial active 2) (2 cores per cpu, 1 threads per core) family 6 model 60 stepping 3 microcode 0x28, cx8, cmov, fxsr, mmx, sse, sse2, sse3, ssse3, sse4.1, sse4.2, popcnt, lzcnt, tsc, tscinvbit, erms, clmul, clflush

Memory: 4k page, system-wide physical 8108M (297M free)
TotalPageFile size 8108M (AvailPageFile size 3M)
current process WorkingSet (physical memory assigned to process): 524M, peak: 544M
current process commit charge ("private bytes"): 547M, peak: 569M

vm_info: OpenJDK 64-Bit Server VM (17.0.6+0-b2043.56-10027231) for windows-amd64 JRE (17.0.6+0-b2043.56-10027231), built on Apr 28 2023 00:43:19 by "androidbuild" with MS VC++ 16.10 / 16.11 (VS2019)

END.
