#
# There is insufficient memory for the Java Runtime Environment to continue.
# Native memory allocation (mmap) failed to map 210763776 bytes for G1 virtual space
# Possible reasons:
#   The system is out of physical RAM or swap space
#   The process is running with CompressedOops enabled, and the Java Heap may be blocking the growth of the native heap
# Possible solutions:
#   Reduce memory load on the system
#   Increase physical memory or swap space
#   Check if swap backing store is full
#   Decrease Java heap size (-Xmx/-Xms)
#   Decrease number of Java threads
#   Decrease Java thread stack sizes (-Xss)
#   Set larger code cache with -XX:ReservedCodeCacheSize=
#   JVM is running with Unscaled Compressed Oops mode in which the Java heap is
#     placed in the first 4GB address space. The Java Heap base address is the
#     maximum limit for the native heap growth. Please use -XX:HeapBaseMinAddress
#     to set the Java Heap base and to place the Java Heap above 4GB virtual address.
# This output file may be truncated or incomplete.
#
#  Out of Memory Error (os_windows.cpp:3769), pid=1756, tid=1820
#
# JRE version: OpenJDK Runtime Environment (17.0.6) (build 17.0.6+0-b2043.56-10027231)
# Java VM: OpenJDK 64-Bit Server VM (17.0.6+0-b2043.56-10027231, mixed mode, tiered, compressed oops, compressed class ptrs, g1 gc, windows-amd64)
# No core dump will be written. Minidumps are not enabled by default on client versions of Windows
#

---------------  S U M M A R Y ------------

Command Line: --add-opens=java.base/java.util=ALL-UNNAMED --add-opens=java.base/java.lang=ALL-UNNAMED --add-opens=java.base/java.lang.invoke=ALL-UNNAMED --add-opens=java.base/java.util=ALL-UNNAMED --add-opens=java.prefs/java.util.prefs=ALL-UNNAMED --add-opens=java.prefs/java.util.prefs=ALL-UNNAMED --add-opens=java.base/java.nio.charset=ALL-UNNAMED --add-opens=java.base/java.net=ALL-UNNAMED --add-opens=java.base/java.util.concurrent.atomic=ALL-UNNAMED -Xmx1536m -Dfile.encoding=GBK -Duser.country=CN -Duser.language=zh -Duser.variant org.gradle.launcher.daemon.bootstrap.GradleDaemon 7.3.3

Host: Intel(R) Celeron(R) CPU 2950M @ 2.00GHz, 2 cores, 7G,  Windows 11 , 64 bit Build 22621 (10.0.22621.2215)
Time: Sun Sep  3 12:54:59 2023  Windows 11 , 64 bit Build 22621 (10.0.22621.2215) elapsed time: 88.250006 seconds (0d 0h 1m 28s)

---------------  T H R E A D  ---------------

Current thread (0x000001f31de7b660):  VMThread "VM Thread" [stack: 0x000000e184f00000,0x000000e185000000] [id=1820]

Stack: [0x000000e184f00000,0x000000e185000000]
Native frames: (J=compiled Java code, j=interpreted, Vv=VM code, C=native code)
V  [jvm.dll+0x683c9a]
V  [jvm.dll+0x8427a4]
V  [jvm.dll+0x843f9e]
V  [jvm.dll+0x844603]
V  [jvm.dll+0x249b75]
V  [jvm.dll+0x680b69]
V  [jvm.dll+0x67505a]
V  [jvm.dll+0x309acb]
V  [jvm.dll+0x310f86]
V  [jvm.dll+0x3608ee]
V  [jvm.dll+0x360b1f]
V  [jvm.dll+0x2dfbf8]
V  [jvm.dll+0x2ddec4]
V  [jvm.dll+0x2dd4cc]
V  [jvm.dll+0x321f3b]
V  [jvm.dll+0x848ccb]
V  [jvm.dll+0x849a04]
V  [jvm.dll+0x849f1d]
V  [jvm.dll+0x84a2f4]
V  [jvm.dll+0x84a3c0]
V  [jvm.dll+0x7f274a]
V  [jvm.dll+0x682ad5]
C  [ucrtbase.dll+0x29363]
C  [KERNEL32.DLL+0x1257d]
C  [ntdll.dll+0x5aa68]

VM_Operation (0x000000e1891fcb50): G1CollectForAllocation, mode: safepoint, requested by thread 0x000001f3217f0220


---------------  P R O C E S S  ---------------

Threads class SMR info:
_java_thread_list=0x000001f32a92ad00, length=64, elements={
0x000001f306009150, 0x000001f31de81360, 0x000001f31de825c0, 0x000001f31ded8b00,
0x000001f31ded93c0, 0x000001f31e829400, 0x000001f31e82bdc0, 0x000001f31e835970,
0x000001f31e837a20, 0x000001f31e84be00, 0x000001f31e98b6d0, 0x000001f31e98fbb0,
0x000001f31fb554d0, 0x000001f31fb1aa90, 0x000001f31f6d1e10, 0x000001f32010d0a0,
0x000001f32010d570, 0x000001f31fa9ad90, 0x000001f31f4f16c0, 0x000001f31fddda30,
0x000001f31f495bf0, 0x000001f31f495250, 0x000001f31f492230, 0x000001f31f495720,
0x000001f31f4930a0, 0x000001f31f493570, 0x000001f31f493a40, 0x000001f31f493f10,
0x000001f31f4943e0, 0x000001f322923340, 0x000001f322926830, 0x000001f3229259c0,
0x000001f322924b50, 0x000001f322923ce0, 0x000001f322925020, 0x000001f322924680,
0x000001f322922e70, 0x000001f322921660, 0x000001f3229207f0, 0x000001f322925e90,
0x000001f32291efe0, 0x000001f322921190, 0x000001f322920cc0, 0x000001f322923810,
0x000001f3229241b0, 0x000001f322926360, 0x000001f3229224d0, 0x000001f3229254f0,
0x000001f32291f4b0, 0x000001f322922000, 0x000001f3213d5bc0, 0x000001f3213d6090,
0x000001f3213d3ee0, 0x000001f3213d6a30, 0x000001f3213d3070, 0x000001f3213d4d50,
0x000001f3213d3a10, 0x000001f3213d6f00, 0x000001f3213d26d0, 0x000001f3213d7d70,
0x000001f3217eeee0, 0x000001f3217f0bc0, 0x000001f3217f1090, 0x000001f3217f0220
}

Java Threads: ( => current thread )
  0x000001f306009150 JavaThread "main" [_thread_blocked, id=3852, stack(0x000000e184900000,0x000000e184a00000)]
  0x000001f31de81360 JavaThread "Reference Handler" daemon [_thread_blocked, id=8684, stack(0x000000e185000000,0x000000e185100000)]
  0x000001f31de825c0 JavaThread "Finalizer" daemon [_thread_blocked, id=10892, stack(0x000000e185100000,0x000000e185200000)]
  0x000001f31ded8b00 JavaThread "Signal Dispatcher" daemon [_thread_blocked, id=8280, stack(0x000000e185200000,0x000000e185300000)]
  0x000001f31ded93c0 JavaThread "Attach Listener" daemon [_thread_blocked, id=4072, stack(0x000000e185300000,0x000000e185400000)]
  0x000001f31e829400 JavaThread "Service Thread" daemon [_thread_blocked, id=10920, stack(0x000000e185400000,0x000000e185500000)]
  0x000001f31e82bdc0 JavaThread "Monitor Deflation Thread" daemon [_thread_blocked, id=3460, stack(0x000000e185500000,0x000000e185600000)]
  0x000001f31e835970 JavaThread "C2 CompilerThread0" daemon [_thread_blocked, id=8632, stack(0x000000e185600000,0x000000e185700000)]
  0x000001f31e837a20 JavaThread "C1 CompilerThread0" daemon [_thread_blocked, id=5544, stack(0x000000e185700000,0x000000e185800000)]
  0x000001f31e84be00 JavaThread "Sweeper thread" daemon [_thread_blocked, id=13020, stack(0x000000e185800000,0x000000e185900000)]
  0x000001f31e98b6d0 JavaThread "Common-Cleaner" daemon [_thread_blocked, id=10772, stack(0x000000e185900000,0x000000e185a00000)]
  0x000001f31e98fbb0 JavaThread "Notification Thread" daemon [_thread_blocked, id=12392, stack(0x000000e185a00000,0x000000e185b00000)]
  0x000001f31fb554d0 JavaThread "Daemon health stats" [_thread_blocked, id=8464, stack(0x000000e185d00000,0x000000e185e00000)]
  0x000001f31fb1aa90 JavaThread "Incoming local TCP Connector on port 53912" [_thread_in_native, id=8188, stack(0x000000e185e00000,0x000000e185f00000)]
  0x000001f31f6d1e10 JavaThread "Daemon periodic checks" [_thread_blocked, id=7144, stack(0x000000e185f00000,0x000000e186000000)]
  0x000001f32010d0a0 JavaThread "Daemon" [_thread_blocked, id=7488, stack(0x000000e186000000,0x000000e186100000)]
  0x000001f32010d570 JavaThread "Handler for socket connection from /127.0.0.1:53912 to /127.0.0.1:53913" [_thread_in_native, id=12244, stack(0x000000e186100000,0x000000e186200000)]
  0x000001f31fa9ad90 JavaThread "Cancel handler" [_thread_blocked, id=9000, stack(0x000000e186200000,0x000000e186300000)]
  0x000001f31f4f16c0 JavaThread "Daemon worker" [_thread_blocked, id=11628, stack(0x000000e186300000,0x000000e186400000)]
  0x000001f31fddda30 JavaThread "Asynchronous log dispatcher for DefaultDaemonConnection: socket connection from /127.0.0.1:53912 to /127.0.0.1:53913" [_thread_blocked, id=12980, stack(0x000000e186400000,0x000000e186500000)]
  0x000001f31f495bf0 JavaThread "Daemon client event forwarder" [_thread_blocked, id=11404, stack(0x000000e186600000,0x000000e186700000)]
  0x000001f31f495250 JavaThread "Cache worker for journal cache (C:\Users\LiuJu\.gradle\caches\journal-1)" [_thread_blocked, id=12512, stack(0x000000e186700000,0x000000e186800000)]
  0x000001f31f492230 JavaThread "File lock request listener" [_thread_in_native, id=10048, stack(0x000000e186800000,0x000000e186900000)]
  0x000001f31f495720 JavaThread "Cache worker for file hash cache (C:\Users\LiuJu\.gradle\caches\7.3.3\fileHashes)" [_thread_blocked, id=9192, stack(0x000000e186900000,0x000000e186a00000)]
  0x000001f31f4930a0 JavaThread "Cache worker for file hash cache (D:\StudioProjects\aueUI_DexMode\.gradle\7.3.3\fileHashes)" [_thread_blocked, id=10684, stack(0x000000e186a00000,0x000000e186b00000)]
  0x000001f31f493570 JavaThread "File watcher server" daemon [_thread_blocked, id=12856, stack(0x000000e186b00000,0x000000e186c00000)]
  0x000001f31f493a40 JavaThread "File watcher consumer" daemon [_thread_blocked, id=8988, stack(0x000000e186c00000,0x000000e186d00000)]
  0x000001f31f493f10 JavaThread "Cache worker for checksums cache (D:\StudioProjects\aueUI_DexMode\.gradle\7.3.3\checksums)" [_thread_blocked, id=13032, stack(0x000000e186d00000,0x000000e186e00000)]
  0x000001f31f4943e0 JavaThread "Cache worker for cache directory md-supplier (C:\Users\LiuJu\.gradle\caches\7.3.3\md-supplier)" [_thread_blocked, id=5824, stack(0x000000e186e00000,0x000000e186f00000)]
  0x000001f322923340 JavaThread "Cache worker for cache directory md-rule (C:\Users\LiuJu\.gradle\caches\7.3.3\md-rule)" [_thread_blocked, id=3268, stack(0x000000e186f00000,0x000000e187000000)]
  0x000001f322926830 JavaThread "Cache worker for execution history cache (C:\Users\LiuJu\.gradle\caches\7.3.3\executionHistory)" [_thread_blocked, id=7932, stack(0x000000e187000000,0x000000e187100000)]
  0x000001f3229259c0 JavaThread "jar transforms" [_thread_blocked, id=8084, stack(0x000000e187100000,0x000000e187200000)]
  0x000001f322924b50 JavaThread "jar transforms Thread 2" [_thread_blocked, id=2472, stack(0x000000e187200000,0x000000e187300000)]
  0x000001f322923ce0 JavaThread "Cache worker for file content cache (C:\Users\LiuJu\.gradle\caches\7.3.3\fileContent)" [_thread_blocked, id=12164, stack(0x000000e187400000,0x000000e187500000)]
  0x000001f322925020 JavaThread "Cache worker for dependencies-accessors (D:\StudioProjects\aueUI_DexMode\.gradle\7.3.3\dependencies-accessors)" [_thread_blocked, id=8644, stack(0x000000e187500000,0x000000e187600000)]
  0x000001f322924680 JavaThread "Cache worker for Build Output Cleanup Cache (D:\StudioProjects\aueUI_DexMode\.gradle\buildOutputCleanup)" [_thread_blocked, id=9068, stack(0x000000e187600000,0x000000e187700000)]
  0x000001f322922e70 JavaThread "Unconstrained build operations" [_thread_blocked, id=4232, stack(0x000000e187700000,0x000000e187800000)]
  0x000001f322921660 JavaThread "Unconstrained build operations Thread 2" [_thread_blocked, id=4252, stack(0x000000e187800000,0x000000e187900000)]
  0x000001f3229207f0 JavaThread "Unconstrained build operations Thread 3" [_thread_blocked, id=10600, stack(0x000000e187900000,0x000000e187a00000)]
  0x000001f322925e90 JavaThread "Unconstrained build operations Thread 4" [_thread_blocked, id=3004, stack(0x000000e187a00000,0x000000e187b00000)]
  0x000001f32291efe0 JavaThread "Unconstrained build operations Thread 5" [_thread_blocked, id=9656, stack(0x000000e187b00000,0x000000e187c00000)]
  0x000001f322921190 JavaThread "Unconstrained build operations Thread 6" [_thread_blocked, id=1876, stack(0x000000e187c00000,0x000000e187d00000)]
  0x000001f322920cc0 JavaThread "Unconstrained build operations Thread 7" [_thread_blocked, id=11592, stack(0x000000e187d00000,0x000000e187e00000)]
  0x000001f322923810 JavaThread "Unconstrained build operations Thread 8" [_thread_blocked, id=5456, stack(0x000000e187e00000,0x000000e187f00000)]
  0x000001f3229241b0 JavaThread "Unconstrained build operations Thread 9" [_thread_blocked, id=10528, stack(0x000000e187f00000,0x000000e188000000)]
  0x000001f322926360 JavaThread "Unconstrained build operations Thread 10" [_thread_blocked, id=7928, stack(0x000000e188000000,0x000000e188100000)]
  0x000001f3229224d0 JavaThread "Unconstrained build operations Thread 11" [_thread_blocked, id=12800, stack(0x000000e188100000,0x000000e188200000)]
  0x000001f3229254f0 JavaThread "Unconstrained build operations Thread 12" [_thread_blocked, id=9308, stack(0x000000e188200000,0x000000e188300000)]
  0x000001f32291f4b0 JavaThread "Unconstrained build operations Thread 13" [_thread_blocked, id=4816, stack(0x000000e188300000,0x000000e188400000)]
  0x000001f322922000 JavaThread "Unconstrained build operations Thread 14" [_thread_blocked, id=13084, stack(0x000000e188400000,0x000000e188500000)]
  0x000001f3213d5bc0 JavaThread "Unconstrained build operations Thread 15" [_thread_blocked, id=11652, stack(0x000000e188500000,0x000000e188600000)]
  0x000001f3213d6090 JavaThread "Unconstrained build operations Thread 16" [_thread_blocked, id=12340, stack(0x000000e188600000,0x000000e188700000)]
  0x000001f3213d3ee0 JavaThread "Unconstrained build operations Thread 17" [_thread_blocked, id=12740, stack(0x000000e188700000,0x000000e188800000)]
  0x000001f3213d6a30 JavaThread "Unconstrained build operations Thread 18" [_thread_blocked, id=8068, stack(0x000000e188800000,0x000000e188900000)]
  0x000001f3213d3070 JavaThread "Unconstrained build operations Thread 19" [_thread_blocked, id=5948, stack(0x000000e188900000,0x000000e188a00000)]
  0x000001f3213d4d50 JavaThread "Unconstrained build operations Thread 20" [_thread_blocked, id=7260, stack(0x000000e188a00000,0x000000e188b00000)]
  0x000001f3213d3a10 JavaThread "Memory manager" [_thread_blocked, id=11260, stack(0x000000e188b00000,0x000000e188c00000)]
  0x000001f3213d6f00 JavaThread "build event listener" [_thread_blocked, id=4716, stack(0x000000e188c00000,0x000000e188d00000)]
  0x000001f3213d26d0 JavaThread "Execution worker for ':'" [_thread_blocked, id=8792, stack(0x000000e188d00000,0x000000e188e00000)]
  0x000001f3213d7d70 JavaThread "Cache worker for execution history cache (D:\StudioProjects\aueUI_DexMode\.gradle\7.3.3\executionHistory)" [_thread_blocked, id=10312, stack(0x000000e188e00000,0x000000e188f00000)]
  0x000001f3217eeee0 JavaThread "WorkerExecutor Queue Thread 2" [_thread_blocked, id=12444, stack(0x000000e184700000,0x000000e184800000)]
  0x000001f3217f0bc0 JavaThread "WorkerExecutor Queue Thread 4" [_thread_blocked, id=1472, stack(0x000000e184800000,0x000000e184900000)]
  0x000001f3217f1090 JavaThread "ForkJoinPool-2-worker-1" daemon [_thread_blocked, id=8572, stack(0x000000e186500000,0x000000e186600000)]
  0x000001f3217f0220 JavaThread "ForkJoinPool-2-worker-2" daemon [_thread_blocked, id=5608, stack(0x000000e189100000,0x000000e189200000)]

Other Threads:
=>0x000001f31de7b660 VMThread "VM Thread" [stack: 0x000000e184f00000,0x000000e185000000] [id=1820]
  0x000001f31e9940a0 WatcherThread [stack: 0x000000e185b00000,0x000000e185c00000] [id=10432]
  0x000001f306053f90 GCTaskThread "GC Thread#0" [stack: 0x000000e184a00000,0x000000e184b00000] [id=1812]
  0x000001f31ea56b50 GCTaskThread "GC Thread#1" [stack: 0x000000e185c00000,0x000000e185d00000] [id=11616]
  0x000001f306060d70 ConcurrentGCThread "G1 Main Marker" [stack: 0x000000e184b00000,0x000000e184c00000] [id=13252]
  0x000001f306062dd0 ConcurrentGCThread "G1 Conc#0" [stack: 0x000000e184c00000,0x000000e184d00000] [id=10452]
  0x000001f3060c0bc0 ConcurrentGCThread "G1 Refine#0" [stack: 0x000000e184d00000,0x000000e184e00000] [id=11864]
  0x000001f320c2f050 ConcurrentGCThread "G1 Refine#1" [stack: 0x000000e187300000,0x000000e187400000] [id=3124]
  0x000001f31dd00580 ConcurrentGCThread "G1 Service" [stack: 0x000000e184e00000,0x000000e184f00000] [id=9732]

Threads with active compile tasks:
C2 CompilerThread0    88403 18876 %     4       com.android.tools.r8.dex.j::a @ 313 (1042 bytes)

VM state: at safepoint (normal execution)

VM Mutex/Monitor currently owned by a thread:  ([mutex/lock_event])
[0x000001f306002b90] Threads_lock - owner thread: 0x000001f31de7b660
[0x000001f3060040f0] Heap_lock - owner thread: 0x000001f3217f0220

Heap address: 0x00000000a0000000, size: 1536 MB, Compressed Oops mode: 32-bit

CDS archive(s) not mapped
Compressed class space mapped at: 0x0000000100000000-0x0000000140000000, reserved size: 1073741824
Narrow klass base: 0x0000000000000000, Narrow klass shift: 3, Narrow klass range: 0x140000000

GC Precious Log:
 CPUs: 2 total, 2 available
 Memory: 8108M
 Large Page Support: Disabled
 NUMA Support: Disabled
 Compressed Oops: Enabled (32-bit)
 Heap Region Size: 1M
 Heap Min Capacity: 8M
 Heap Initial Capacity: 128M
 Heap Max Capacity: 1536M
 Pre-touch: Disabled
 Parallel Workers: 2
 Concurrent Workers: 1
 Concurrent Refinement Workers: 2
 Periodic GC: Disabled

Heap:
 garbage-first heap   total 397312K, used 293376K [0x00000000a0000000, 0x0000000100000000)
  region size 1024K, 7 young (7168K), 7 survivors (7168K)
 Metaspace       used 103194K, committed 103872K, reserved 1146880K
  class space    used 13714K, committed 14016K, reserved 1048576K

Heap Regions: E=young(eden), S=young(survivor), O=old, HS=humongous(starts), HC=humongous(continues), CS=collection set, F=free, OA=open archive, CA=closed archive, TAMS=top-at-mark-start (previous, next)
|   0|0x00000000a0000000, 0x00000000a0100000, 0x00000000a0100000|100%| O|  |TAMS 0x00000000a0100000, 0x00000000a0000000| Untracked 
|   1|0x00000000a0100000, 0x00000000a0200000, 0x00000000a0200000|100%|HS|  |TAMS 0x00000000a0200000, 0x00000000a0100000| Complete 
|   2|0x00000000a0200000, 0x00000000a0300000, 0x00000000a0300000|100%|HC|  |TAMS 0x00000000a0300000, 0x00000000a0200000| Complete 
|   3|0x00000000a0300000, 0x00000000a0400000, 0x00000000a0400000|100%|HC|  |TAMS 0x00000000a0400000, 0x00000000a0300000| Complete 
|   4|0x00000000a0400000, 0x00000000a0500000, 0x00000000a0500000|100%| O|  |TAMS 0x00000000a0500000, 0x00000000a0400000| Untracked 
|   5|0x00000000a0500000, 0x00000000a0600000, 0x00000000a0600000|100%| O|  |TAMS 0x00000000a0600000, 0x00000000a0500000| Untracked 
|   6|0x00000000a0600000, 0x00000000a0700000, 0x00000000a0700000|100%| O|  |TAMS 0x00000000a0700000, 0x00000000a0600000| Untracked 
|   7|0x00000000a0700000, 0x00000000a0800000, 0x00000000a0800000|100%| O|  |TAMS 0x00000000a0800000, 0x00000000a0700000| Untracked 
|   8|0x00000000a0800000, 0x00000000a0900000, 0x00000000a0900000|100%| O|  |TAMS 0x00000000a0900000, 0x00000000a0800000| Untracked 
|   9|0x00000000a0900000, 0x00000000a0a00000, 0x00000000a0a00000|100%| O|  |TAMS 0x00000000a0900000, 0x00000000a0900000| Untracked 
|  10|0x00000000a0a00000, 0x00000000a0b00000, 0x00000000a0b00000|100%| O|  |TAMS 0x00000000a0b00000, 0x00000000a0a00000| Untracked 
|  11|0x00000000a0b00000, 0x00000000a0c00000, 0x00000000a0c00000|100%| O|  |TAMS 0x00000000a0c00000, 0x00000000a0b00000| Untracked 
|  12|0x00000000a0c00000, 0x00000000a0d00000, 0x00000000a0d00000|100%| O|  |TAMS 0x00000000a0d00000, 0x00000000a0c00000| Untracked 
|  13|0x00000000a0d00000, 0x00000000a0e00000, 0x00000000a0e00000|100%| O|  |TAMS 0x00000000a0e00000, 0x00000000a0d00000| Untracked 
|  14|0x00000000a0e00000, 0x00000000a0f00000, 0x00000000a0f00000|100%| O|  |TAMS 0x00000000a0f00000, 0x00000000a0e00000| Untracked 
|  15|0x00000000a0f00000, 0x00000000a1000000, 0x00000000a1000000|100%| O|  |TAMS 0x00000000a1000000, 0x00000000a0f00000| Untracked 
|  16|0x00000000a1000000, 0x00000000a1100000, 0x00000000a1100000|100%| O|  |TAMS 0x00000000a1100000, 0x00000000a1000000| Untracked 
|  17|0x00000000a1100000, 0x00000000a1200000, 0x00000000a1200000|100%| O|  |TAMS 0x00000000a1200000, 0x00000000a1100000| Untracked 
|  18|0x00000000a1200000, 0x00000000a1300000, 0x00000000a1300000|100%| O|  |TAMS 0x00000000a1300000, 0x00000000a1200000| Untracked 
|  19|0x00000000a1300000, 0x00000000a1400000, 0x00000000a1400000|100%| O|  |TAMS 0x00000000a1400000, 0x00000000a1300000| Untracked 
|  20|0x00000000a1400000, 0x00000000a1500000, 0x00000000a1500000|100%| O|  |TAMS 0x00000000a1500000, 0x00000000a1400000| Untracked 
|  21|0x00000000a1500000, 0x00000000a1600000, 0x00000000a1600000|100%| O|  |TAMS 0x00000000a1600000, 0x00000000a1500000| Untracked 
|  22|0x00000000a1600000, 0x00000000a1700000, 0x00000000a1700000|100%| O|  |TAMS 0x00000000a1700000, 0x00000000a1600000| Untracked 
|  23|0x00000000a1700000, 0x00000000a1800000, 0x00000000a1800000|100%| O|  |TAMS 0x00000000a1800000, 0x00000000a1700000| Untracked 
|  24|0x00000000a1800000, 0x00000000a1900000, 0x00000000a1900000|100%| O|  |TAMS 0x00000000a1900000, 0x00000000a1800000| Untracked 
|  25|0x00000000a1900000, 0x00000000a1a00000, 0x00000000a1a00000|100%| O|  |TAMS 0x00000000a1a00000, 0x00000000a1900000| Untracked 
|  26|0x00000000a1a00000, 0x00000000a1b00000, 0x00000000a1b00000|100%| O|  |TAMS 0x00000000a1b00000, 0x00000000a1a00000| Untracked 
|  27|0x00000000a1b00000, 0x00000000a1c00000, 0x00000000a1c00000|100%| O|  |TAMS 0x00000000a1c00000, 0x00000000a1b00000| Untracked 
|  28|0x00000000a1c00000, 0x00000000a1d00000, 0x00000000a1d00000|100%| O|  |TAMS 0x00000000a1c00000, 0x00000000a1c00000| Untracked 
|  29|0x00000000a1d00000, 0x00000000a1e00000, 0x00000000a1e00000|100%| O|  |TAMS 0x00000000a1e00000, 0x00000000a1d00000| Untracked 
|  30|0x00000000a1e00000, 0x00000000a1f00000, 0x00000000a1f00000|100%|HS|  |TAMS 0x00000000a1f00000, 0x00000000a1e00000| Complete 
|  31|0x00000000a1f00000, 0x00000000a2000000, 0x00000000a2000000|100%|HS|  |TAMS 0x00000000a2000000, 0x00000000a1f00000| Complete 
|  32|0x00000000a2000000, 0x00000000a2100000, 0x00000000a2100000|100%|HS|  |TAMS 0x00000000a2100000, 0x00000000a2000000| Complete 
|  33|0x00000000a2100000, 0x00000000a2200000, 0x00000000a2200000|100%|HC|  |TAMS 0x00000000a2200000, 0x00000000a2100000| Complete 
|  34|0x00000000a2200000, 0x00000000a2300000, 0x00000000a2300000|100%| O|  |TAMS 0x00000000a2300000, 0x00000000a2200000| Untracked 
|  35|0x00000000a2300000, 0x00000000a2400000, 0x00000000a2400000|100%| O|  |TAMS 0x00000000a2400000, 0x00000000a2300000| Untracked 
|  36|0x00000000a2400000, 0x00000000a2500000, 0x00000000a2500000|100%| O|  |TAMS 0x00000000a2500000, 0x00000000a2400000| Untracked 
|  37|0x00000000a2500000, 0x00000000a2600000, 0x00000000a2600000|100%| O|  |TAMS 0x00000000a2600000, 0x00000000a2500000| Untracked 
|  38|0x00000000a2600000, 0x00000000a2700000, 0x00000000a2700000|100%| O|  |TAMS 0x00000000a2700000, 0x00000000a2600000| Untracked 
|  39|0x00000000a2700000, 0x00000000a2800000, 0x00000000a2800000|100%| O|  |TAMS 0x00000000a2800000, 0x00000000a2700000| Untracked 
|  40|0x00000000a2800000, 0x00000000a2900000, 0x00000000a2900000|100%| O|  |TAMS 0x00000000a2900000, 0x00000000a2800000| Untracked 
|  41|0x00000000a2900000, 0x00000000a2a00000, 0x00000000a2a00000|100%| O|  |TAMS 0x00000000a2a00000, 0x00000000a2900000| Untracked 
|  42|0x00000000a2a00000, 0x00000000a2b00000, 0x00000000a2b00000|100%| O|  |TAMS 0x00000000a2b00000, 0x00000000a2a00000| Untracked 
|  43|0x00000000a2b00000, 0x00000000a2c00000, 0x00000000a2c00000|100%| O|  |TAMS 0x00000000a2c00000, 0x00000000a2b00000| Untracked 
|  44|0x00000000a2c00000, 0x00000000a2d00000, 0x00000000a2d00000|100%| O|  |TAMS 0x00000000a2d00000, 0x00000000a2c00000| Untracked 
|  45|0x00000000a2d00000, 0x00000000a2e00000, 0x00000000a2e00000|100%| O|  |TAMS 0x00000000a2e00000, 0x00000000a2d00000| Untracked 
|  46|0x00000000a2e00000, 0x00000000a2f00000, 0x00000000a2f00000|100%| O|  |TAMS 0x00000000a2f00000, 0x00000000a2e00000| Untracked 
|  47|0x00000000a2f00000, 0x00000000a3000000, 0x00000000a3000000|100%| O|  |TAMS 0x00000000a3000000, 0x00000000a2f00000| Untracked 
|  48|0x00000000a3000000, 0x00000000a3100000, 0x00000000a3100000|100%| O|  |TAMS 0x00000000a3100000, 0x00000000a3000000| Untracked 
|  49|0x00000000a3100000, 0x00000000a3200000, 0x00000000a3200000|100%| O|  |TAMS 0x00000000a3200000, 0x00000000a3100000| Untracked 
|  50|0x00000000a3200000, 0x00000000a3300000, 0x00000000a3300000|100%| O|  |TAMS 0x00000000a3300000, 0x00000000a3200000| Untracked 
|  51|0x00000000a3300000, 0x00000000a3400000, 0x00000000a3400000|100%| O|  |TAMS 0x00000000a3400000, 0x00000000a3300000| Untracked 
|  52|0x00000000a3400000, 0x00000000a3500000, 0x00000000a3500000|100%| O|  |TAMS 0x00000000a3500000, 0x00000000a3400000| Untracked 
|  53|0x00000000a3500000, 0x00000000a3600000, 0x00000000a3600000|100%| O|  |TAMS 0x00000000a3600000, 0x00000000a3500000| Untracked 
|  54|0x00000000a3600000, 0x00000000a3700000, 0x00000000a3700000|100%| O|  |TAMS 0x00000000a3700000, 0x00000000a3600000| Untracked 
|  55|0x00000000a3700000, 0x00000000a3800000, 0x00000000a3800000|100%| O|  |TAMS 0x00000000a3800000, 0x00000000a3700000| Untracked 
|  56|0x00000000a3800000, 0x00000000a3900000, 0x00000000a3900000|100%| O|  |TAMS 0x00000000a3900000, 0x00000000a3800000| Untracked 
|  57|0x00000000a3900000, 0x00000000a3a00000, 0x00000000a3a00000|100%| O|  |TAMS 0x00000000a3a00000, 0x00000000a3900000| Untracked 
|  58|0x00000000a3a00000, 0x00000000a3b00000, 0x00000000a3b00000|100%| O|  |TAMS 0x00000000a3b00000, 0x00000000a3a00000| Untracked 
|  59|0x00000000a3b00000, 0x00000000a3c00000, 0x00000000a3c00000|100%| O|  |TAMS 0x00000000a3c00000, 0x00000000a3b00000| Untracked 
|  60|0x00000000a3c00000, 0x00000000a3d00000, 0x00000000a3d00000|100%| O|  |TAMS 0x00000000a3d00000, 0x00000000a3c00000| Untracked 
|  61|0x00000000a3d00000, 0x00000000a3e00000, 0x00000000a3e00000|100%| O|  |TAMS 0x00000000a3e00000, 0x00000000a3d00000| Untracked 
|  62|0x00000000a3e00000, 0x00000000a3f00000, 0x00000000a3f00000|100%| O|  |TAMS 0x00000000a3f00000, 0x00000000a3e00000| Untracked 
|  63|0x00000000a3f00000, 0x00000000a4000000, 0x00000000a4000000|100%| O|  |TAMS 0x00000000a4000000, 0x00000000a3f00000| Untracked 
|  64|0x00000000a4000000, 0x00000000a4100000, 0x00000000a4100000|100%| O|  |TAMS 0x00000000a4100000, 0x00000000a4000000| Untracked 
|  65|0x00000000a4100000, 0x00000000a4200000, 0x00000000a4200000|100%| O|  |TAMS 0x00000000a4200000, 0x00000000a4100000| Untracked 
|  66|0x00000000a4200000, 0x00000000a4300000, 0x00000000a4300000|100%| O|  |TAMS 0x00000000a4300000, 0x00000000a4200000| Untracked 
|  67|0x00000000a4300000, 0x00000000a4400000, 0x00000000a4400000|100%| O|  |TAMS 0x00000000a4400000, 0x00000000a4300000| Untracked 
|  68|0x00000000a4400000, 0x00000000a4500000, 0x00000000a4500000|100%| O|  |TAMS 0x00000000a4500000, 0x00000000a4400000| Untracked 
|  69|0x00000000a4500000, 0x00000000a4600000, 0x00000000a4600000|100%| O|  |TAMS 0x00000000a4600000, 0x00000000a4500000| Untracked 
|  70|0x00000000a4600000, 0x00000000a4700000, 0x00000000a4700000|100%| O|  |TAMS 0x00000000a4700000, 0x00000000a4600000| Untracked 
|  71|0x00000000a4700000, 0x00000000a4800000, 0x00000000a4800000|100%| O|  |TAMS 0x00000000a4800000, 0x00000000a4700000| Untracked 
|  72|0x00000000a4800000, 0x00000000a4900000, 0x00000000a4900000|100%| O|  |TAMS 0x00000000a4900000, 0x00000000a4800000| Untracked 
|  73|0x00000000a4900000, 0x00000000a4a00000, 0x00000000a4a00000|100%| O|  |TAMS 0x00000000a4a00000, 0x00000000a4900000| Untracked 
|  74|0x00000000a4a00000, 0x00000000a4b00000, 0x00000000a4b00000|100%| O|  |TAMS 0x00000000a4b00000, 0x00000000a4a00000| Untracked 
|  75|0x00000000a4b00000, 0x00000000a4c00000, 0x00000000a4c00000|100%| O|  |TAMS 0x00000000a4c00000, 0x00000000a4b00000| Untracked 
|  76|0x00000000a4c00000, 0x00000000a4d00000, 0x00000000a4d00000|100%| O|  |TAMS 0x00000000a4d00000, 0x00000000a4c00000| Untracked 
|  77|0x00000000a4d00000, 0x00000000a4e00000, 0x00000000a4e00000|100%| O|  |TAMS 0x00000000a4e00000, 0x00000000a4d00000| Untracked 
|  78|0x00000000a4e00000, 0x00000000a4f00000, 0x00000000a4f00000|100%| O|  |TAMS 0x00000000a4f00000, 0x00000000a4e00000| Untracked 
|  79|0x00000000a4f00000, 0x00000000a5000000, 0x00000000a5000000|100%| O|  |TAMS 0x00000000a5000000, 0x00000000a4f00000| Untracked 
|  80|0x00000000a5000000, 0x00000000a5100000, 0x00000000a5100000|100%| O|  |TAMS 0x00000000a5100000, 0x00000000a5000000| Untracked 
|  81|0x00000000a5100000, 0x00000000a5200000, 0x00000000a5200000|100%| O|  |TAMS 0x00000000a5100000, 0x00000000a5100000| Untracked 
|  82|0x00000000a5200000, 0x00000000a5300000, 0x00000000a5300000|100%| O|  |TAMS 0x00000000a5200000, 0x00000000a5200000| Untracked 
|  83|0x00000000a5300000, 0x00000000a5400000, 0x00000000a5400000|100%| O|  |TAMS 0x00000000a5400000, 0x00000000a5300000| Untracked 
|  84|0x00000000a5400000, 0x00000000a5500000, 0x00000000a5500000|100%| O|  |TAMS 0x00000000a5500000, 0x00000000a5400000| Untracked 
|  85|0x00000000a5500000, 0x00000000a5600000, 0x00000000a5600000|100%| O|  |TAMS 0x00000000a5600000, 0x00000000a5500000| Untracked 
|  86|0x00000000a5600000, 0x00000000a5700000, 0x00000000a5700000|100%| O|  |TAMS 0x00000000a5700000, 0x00000000a5600000| Untracked 
|  87|0x00000000a5700000, 0x00000000a5800000, 0x00000000a5800000|100%| O|  |TAMS 0x00000000a5800000, 0x00000000a5700000| Untracked 
|  88|0x00000000a5800000, 0x00000000a5900000, 0x00000000a5900000|100%| O|  |TAMS 0x00000000a5900000, 0x00000000a5800000| Untracked 
|  89|0x00000000a5900000, 0x00000000a5a00000, 0x00000000a5a00000|100%| O|  |TAMS 0x00000000a5a00000, 0x00000000a5900000| Untracked 
|  90|0x00000000a5a00000, 0x00000000a5b00000, 0x00000000a5b00000|100%| O|  |TAMS 0x00000000a5b00000, 0x00000000a5a00000| Untracked 
|  91|0x00000000a5b00000, 0x00000000a5c00000, 0x00000000a5c00000|100%| O|  |TAMS 0x00000000a5c00000, 0x00000000a5b00000| Untracked 
|  92|0x00000000a5c00000, 0x00000000a5d00000, 0x00000000a5d00000|100%| O|  |TAMS 0x00000000a5d00000, 0x00000000a5c00000| Untracked 
|  93|0x00000000a5d00000, 0x00000000a5e00000, 0x00000000a5e00000|100%| O|  |TAMS 0x00000000a5e00000, 0x00000000a5d00000| Untracked 
|  94|0x00000000a5e00000, 0x00000000a5f00000, 0x00000000a5f00000|100%| O|  |TAMS 0x00000000a5f00000, 0x00000000a5e00000| Untracked 
|  95|0x00000000a5f00000, 0x00000000a6000000, 0x00000000a6000000|100%| O|  |TAMS 0x00000000a6000000, 0x00000000a5f00000| Untracked 
|  96|0x00000000a6000000, 0x00000000a6100000, 0x00000000a6100000|100%| O|  |TAMS 0x00000000a6100000, 0x00000000a6000000| Untracked 
|  97|0x00000000a6100000, 0x00000000a6200000, 0x00000000a6200000|100%| O|  |TAMS 0x00000000a6200000, 0x00000000a6100000| Untracked 
|  98|0x00000000a6200000, 0x00000000a6300000, 0x00000000a6300000|100%| O|  |TAMS 0x00000000a6300000, 0x00000000a6200000| Untracked 
|  99|0x00000000a6300000, 0x00000000a6400000, 0x00000000a6400000|100%| O|  |TAMS 0x00000000a6400000, 0x00000000a6300000| Untracked 
| 100|0x00000000a6400000, 0x00000000a6500000, 0x00000000a6500000|100%| O|  |TAMS 0x00000000a6500000, 0x00000000a6400000| Untracked 
| 101|0x00000000a6500000, 0x00000000a6600000, 0x00000000a6600000|100%| O|  |TAMS 0x00000000a6600000, 0x00000000a6500000| Untracked 
| 102|0x00000000a6600000, 0x00000000a6700000, 0x00000000a6700000|100%| O|  |TAMS 0x00000000a6700000, 0x00000000a6600000| Untracked 
| 103|0x00000000a6700000, 0x00000000a6800000, 0x00000000a6800000|100%| O|  |TAMS 0x00000000a6800000, 0x00000000a6700000| Untracked 
| 104|0x00000000a6800000, 0x00000000a6900000, 0x00000000a6900000|100%| O|  |TAMS 0x00000000a6900000, 0x00000000a6800000| Untracked 
| 105|0x00000000a6900000, 0x00000000a6a00000, 0x00000000a6a00000|100%| O|  |TAMS 0x00000000a6a00000, 0x00000000a6900000| Untracked 
| 106|0x00000000a6a00000, 0x00000000a6b00000, 0x00000000a6b00000|100%| O|  |TAMS 0x00000000a6b00000, 0x00000000a6a00000| Untracked 
| 107|0x00000000a6b00000, 0x00000000a6c00000, 0x00000000a6c00000|100%| O|  |TAMS 0x00000000a6c00000, 0x00000000a6b00000| Untracked 
| 108|0x00000000a6c00000, 0x00000000a6d00000, 0x00000000a6d00000|100%| O|  |TAMS 0x00000000a6d00000, 0x00000000a6c00000| Untracked 
| 109|0x00000000a6d00000, 0x00000000a6e00000, 0x00000000a6e00000|100%| O|  |TAMS 0x00000000a6e00000, 0x00000000a6d00000| Untracked 
| 110|0x00000000a6e00000, 0x00000000a6f00000, 0x00000000a6f00000|100%| O|  |TAMS 0x00000000a6f00000, 0x00000000a6e00000| Untracked 
| 111|0x00000000a6f00000, 0x00000000a7000000, 0x00000000a7000000|100%| O|  |TAMS 0x00000000a7000000, 0x00000000a6f00000| Untracked 
| 112|0x00000000a7000000, 0x00000000a7100000, 0x00000000a7100000|100%| O|  |TAMS 0x00000000a7000000, 0x00000000a7000000| Untracked 
| 113|0x00000000a7100000, 0x00000000a7200000, 0x00000000a7200000|100%| O|  |TAMS 0x00000000a7200000, 0x00000000a7100000| Untracked 
| 114|0x00000000a7200000, 0x00000000a7300000, 0x00000000a7300000|100%| O|  |TAMS 0x00000000a7300000, 0x00000000a7200000| Untracked 
| 115|0x00000000a7300000, 0x00000000a7400000, 0x00000000a7400000|100%| O|  |TAMS 0x00000000a7400000, 0x00000000a7300000| Untracked 
| 116|0x00000000a7400000, 0x00000000a7500000, 0x00000000a7500000|100%| O|  |TAMS 0x00000000a7500000, 0x00000000a7400000| Untracked 
| 117|0x00000000a7500000, 0x00000000a7600000, 0x00000000a7600000|100%| O|  |TAMS 0x00000000a7600000, 0x00000000a7500000| Untracked 
| 118|0x00000000a7600000, 0x00000000a7700000, 0x00000000a7700000|100%| O|  |TAMS 0x00000000a7700000, 0x00000000a7600000| Untracked 
| 119|0x00000000a7700000, 0x00000000a7800000, 0x00000000a7800000|100%| O|  |TAMS 0x00000000a7800000, 0x00000000a7700000| Untracked 
| 120|0x00000000a7800000, 0x00000000a7900000, 0x00000000a7900000|100%| O|  |TAMS 0x00000000a7800000, 0x00000000a7800000| Untracked 
| 121|0x00000000a7900000, 0x00000000a7a00000, 0x00000000a7a00000|100%| O|  |TAMS 0x00000000a7900000, 0x00000000a7900000| Untracked 
| 122|0x00000000a7a00000, 0x00000000a7b00000, 0x00000000a7b00000|100%| O|  |TAMS 0x00000000a7a00000, 0x00000000a7a00000| Untracked 
| 123|0x00000000a7b00000, 0x00000000a7c00000, 0x00000000a7c00000|100%| O|  |TAMS 0x00000000a7b00000, 0x00000000a7b00000| Untracked 
| 124|0x00000000a7c00000, 0x00000000a7d00000, 0x00000000a7d00000|100%| O|  |TAMS 0x00000000a7c00000, 0x00000000a7c00000| Untracked 
| 125|0x00000000a7d00000, 0x00000000a7e00000, 0x00000000a7e00000|100%| O|  |TAMS 0x00000000a7d00000, 0x00000000a7d00000| Untracked 
| 126|0x00000000a7e00000, 0x00000000a7f00000, 0x00000000a7f00000|100%| O|  |TAMS 0x00000000a7e00000, 0x00000000a7e00000| Untracked 
| 127|0x00000000a7f00000, 0x00000000a8000000, 0x00000000a8000000|100%| O|  |TAMS 0x00000000a7f00000, 0x00000000a7f00000| Untracked 
| 128|0x00000000a8000000, 0x00000000a8100000, 0x00000000a8100000|100%| O|  |TAMS 0x00000000a8000000, 0x00000000a8000000| Untracked 
| 129|0x00000000a8100000, 0x00000000a8200000, 0x00000000a8200000|100%| O|  |TAMS 0x00000000a8100000, 0x00000000a8100000| Untracked 
| 130|0x00000000a8200000, 0x00000000a8300000, 0x00000000a8300000|100%| O|  |TAMS 0x00000000a8200000, 0x00000000a8200000| Untracked 
| 131|0x00000000a8300000, 0x00000000a8400000, 0x00000000a8400000|100%| O|  |TAMS 0x00000000a8300000, 0x00000000a8300000| Untracked 
| 132|0x00000000a8400000, 0x00000000a8500000, 0x00000000a8500000|100%| O|  |TAMS 0x00000000a8400000, 0x00000000a8400000| Untracked 
| 133|0x00000000a8500000, 0x00000000a8600000, 0x00000000a8600000|100%| O|  |TAMS 0x00000000a8500000, 0x00000000a8500000| Untracked 
| 134|0x00000000a8600000, 0x00000000a8700000, 0x00000000a8700000|100%| O|  |TAMS 0x00000000a8600000, 0x00000000a8600000| Untracked 
| 135|0x00000000a8700000, 0x00000000a8800000, 0x00000000a8800000|100%| O|  |TAMS 0x00000000a8700000, 0x00000000a8700000| Untracked 
| 136|0x00000000a8800000, 0x00000000a8900000, 0x00000000a8900000|100%| O|  |TAMS 0x00000000a8800000, 0x00000000a8800000| Untracked 
| 137|0x00000000a8900000, 0x00000000a8a00000, 0x00000000a8a00000|100%| O|  |TAMS 0x00000000a8900000, 0x00000000a8900000| Untracked 
| 138|0x00000000a8a00000, 0x00000000a8b00000, 0x00000000a8b00000|100%| O|  |TAMS 0x00000000a8a00000, 0x00000000a8a00000| Untracked 
| 139|0x00000000a8b00000, 0x00000000a8c00000, 0x00000000a8c00000|100%| O|  |TAMS 0x00000000a8b00000, 0x00000000a8b00000| Untracked 
| 140|0x00000000a8c00000, 0x00000000a8d00000, 0x00000000a8d00000|100%| O|  |TAMS 0x00000000a8c00000, 0x00000000a8c00000| Untracked 
| 141|0x00000000a8d00000, 0x00000000a8e00000, 0x00000000a8e00000|100%| O|  |TAMS 0x00000000a8d00000, 0x00000000a8d00000| Untracked 
| 142|0x00000000a8e00000, 0x00000000a8f00000, 0x00000000a8f00000|100%| O|  |TAMS 0x00000000a8e00000, 0x00000000a8e00000| Untracked 
| 143|0x00000000a8f00000, 0x00000000a9000000, 0x00000000a9000000|100%| O|  |TAMS 0x00000000a8f00000, 0x00000000a8f00000| Untracked 
| 144|0x00000000a9000000, 0x00000000a9100000, 0x00000000a9100000|100%|HS|  |TAMS 0x00000000a9000000, 0x00000000a9000000| Complete 
| 145|0x00000000a9100000, 0x00000000a9200000, 0x00000000a9200000|100%|HS|  |TAMS 0x00000000a9100000, 0x00000000a9100000| Complete 
| 146|0x00000000a9200000, 0x00000000a9300000, 0x00000000a9300000|100%|HS|  |TAMS 0x00000000a9200000, 0x00000000a9200000| Complete 
| 147|0x00000000a9300000, 0x00000000a9400000, 0x00000000a9400000|100%|HS|  |TAMS 0x00000000a9300000, 0x00000000a9300000| Complete 
| 148|0x00000000a9400000, 0x00000000a9500000, 0x00000000a9500000|100%|HS|  |TAMS 0x00000000a9400000, 0x00000000a9400000| Complete 
| 149|0x00000000a9500000, 0x00000000a9600000, 0x00000000a9600000|100%| O|  |TAMS 0x00000000a9500000, 0x00000000a9500000| Untracked 
| 150|0x00000000a9600000, 0x00000000a9700000, 0x00000000a9700000|100%| O|  |TAMS 0x00000000a9600000, 0x00000000a9600000| Untracked 
| 151|0x00000000a9700000, 0x00000000a9800000, 0x00000000a9800000|100%|HS|  |TAMS 0x00000000a9700000, 0x00000000a9700000| Complete 
| 152|0x00000000a9800000, 0x00000000a9900000, 0x00000000a9900000|100%| O|  |TAMS 0x00000000a9800000, 0x00000000a9800000| Untracked 
| 153|0x00000000a9900000, 0x00000000a9a00000, 0x00000000a9a00000|100%| O|  |TAMS 0x00000000a9900000, 0x00000000a9900000| Untracked 
| 154|0x00000000a9a00000, 0x00000000a9b00000, 0x00000000a9b00000|100%| O|  |TAMS 0x00000000a9a00000, 0x00000000a9a00000| Untracked 
| 155|0x00000000a9b00000, 0x00000000a9c00000, 0x00000000a9c00000|100%| O|  |TAMS 0x00000000a9b00000, 0x00000000a9b00000| Untracked 
| 156|0x00000000a9c00000, 0x00000000a9d00000, 0x00000000a9d00000|100%| O|  |TAMS 0x00000000a9c00000, 0x00000000a9c00000| Untracked 
| 157|0x00000000a9d00000, 0x00000000a9e00000, 0x00000000a9e00000|100%| O|  |TAMS 0x00000000a9d00000, 0x00000000a9d00000| Untracked 
| 158|0x00000000a9e00000, 0x00000000a9f00000, 0x00000000a9f00000|100%| O|  |TAMS 0x00000000a9e00000, 0x00000000a9e00000| Untracked 
| 159|0x00000000a9f00000, 0x00000000aa000000, 0x00000000aa000000|100%| O|  |TAMS 0x00000000a9f00000, 0x00000000a9f00000| Untracked 
| 160|0x00000000aa000000, 0x00000000aa100000, 0x00000000aa100000|100%|HS|  |TAMS 0x00000000aa000000, 0x00000000aa000000| Complete 
| 161|0x00000000aa100000, 0x00000000aa200000, 0x00000000aa200000|100%| O|  |TAMS 0x00000000aa100000, 0x00000000aa100000| Untracked 
| 162|0x00000000aa200000, 0x00000000aa300000, 0x00000000aa300000|100%| O|  |TAMS 0x00000000aa200000, 0x00000000aa200000| Untracked 
| 163|0x00000000aa300000, 0x00000000aa400000, 0x00000000aa400000|100%| O|  |TAMS 0x00000000aa300000, 0x00000000aa300000| Untracked 
| 164|0x00000000aa400000, 0x00000000aa500000, 0x00000000aa500000|100%| O|  |TAMS 0x00000000aa400000, 0x00000000aa400000| Untracked 
| 165|0x00000000aa500000, 0x00000000aa600000, 0x00000000aa600000|100%| O|  |TAMS 0x00000000aa500000, 0x00000000aa500000| Untracked 
| 166|0x00000000aa600000, 0x00000000aa700000, 0x00000000aa700000|100%| O|  |TAMS 0x00000000aa600000, 0x00000000aa600000| Untracked 
| 167|0x00000000aa700000, 0x00000000aa800000, 0x00000000aa800000|100%| O|  |TAMS 0x00000000aa700000, 0x00000000aa700000| Untracked 
| 168|0x00000000aa800000, 0x00000000aa900000, 0x00000000aa900000|100%| O|  |TAMS 0x00000000aa800000, 0x00000000aa800000| Untracked 
| 169|0x00000000aa900000, 0x00000000aaa00000, 0x00000000aaa00000|100%| O|  |TAMS 0x00000000aa900000, 0x00000000aa900000| Untracked 
| 170|0x00000000aaa00000, 0x00000000aab00000, 0x00000000aab00000|100%| O|  |TAMS 0x00000000aaa00000, 0x00000000aaa00000| Untracked 
| 171|0x00000000aab00000, 0x00000000aac00000, 0x00000000aac00000|100%| O|  |TAMS 0x00000000aab00000, 0x00000000aab00000| Untracked 
| 172|0x00000000aac00000, 0x00000000aad00000, 0x00000000aad00000|100%| O|  |TAMS 0x00000000aac00000, 0x00000000aac00000| Untracked 
| 173|0x00000000aad00000, 0x00000000aae00000, 0x00000000aae00000|100%| O|  |TAMS 0x00000000aad00000, 0x00000000aad00000| Untracked 
| 174|0x00000000aae00000, 0x00000000aaf00000, 0x00000000aaf00000|100%| O|  |TAMS 0x00000000aae00000, 0x00000000aae00000| Untracked 
| 175|0x00000000aaf00000, 0x00000000ab000000, 0x00000000ab000000|100%| O|  |TAMS 0x00000000aaf00000, 0x00000000aaf00000| Untracked 
| 176|0x00000000ab000000, 0x00000000ab100000, 0x00000000ab100000|100%| O|  |TAMS 0x00000000ab000000, 0x00000000ab000000| Untracked 
| 177|0x00000000ab100000, 0x00000000ab200000, 0x00000000ab200000|100%| O|  |TAMS 0x00000000ab100000, 0x00000000ab100000| Untracked 
| 178|0x00000000ab200000, 0x00000000ab300000, 0x00000000ab300000|100%| O|  |TAMS 0x00000000ab200000, 0x00000000ab200000| Untracked 
| 179|0x00000000ab300000, 0x00000000ab400000, 0x00000000ab400000|100%| O|  |TAMS 0x00000000ab300000, 0x00000000ab300000| Untracked 
| 180|0x00000000ab400000, 0x00000000ab500000, 0x00000000ab500000|100%| O|  |TAMS 0x00000000ab400000, 0x00000000ab400000| Untracked 
| 181|0x00000000ab500000, 0x00000000ab600000, 0x00000000ab600000|100%| O|  |TAMS 0x00000000ab500000, 0x00000000ab500000| Untracked 
| 182|0x00000000ab600000, 0x00000000ab700000, 0x00000000ab700000|100%| O|  |TAMS 0x00000000ab600000, 0x00000000ab600000| Untracked 
| 183|0x00000000ab700000, 0x00000000ab800000, 0x00000000ab800000|100%| O|  |TAMS 0x00000000ab700000, 0x00000000ab700000| Untracked 
| 184|0x00000000ab800000, 0x00000000ab900000, 0x00000000ab900000|100%| O|  |TAMS 0x00000000ab800000, 0x00000000ab800000| Untracked 
| 185|0x00000000ab900000, 0x00000000aba00000, 0x00000000aba00000|100%| O|  |TAMS 0x00000000ab900000, 0x00000000ab900000| Untracked 
| 186|0x00000000aba00000, 0x00000000abb00000, 0x00000000abb00000|100%| O|  |TAMS 0x00000000aba00000, 0x00000000aba00000| Untracked 
| 187|0x00000000abb00000, 0x00000000abc00000, 0x00000000abc00000|100%| O|  |TAMS 0x00000000abb00000, 0x00000000abb00000| Untracked 
| 188|0x00000000abc00000, 0x00000000abd00000, 0x00000000abd00000|100%| O|  |TAMS 0x00000000abc00000, 0x00000000abc00000| Untracked 
| 189|0x00000000abd00000, 0x00000000abe00000, 0x00000000abe00000|100%| O|  |TAMS 0x00000000abd00000, 0x00000000abd00000| Untracked 
| 190|0x00000000abe00000, 0x00000000abf00000, 0x00000000abf00000|100%| O|  |TAMS 0x00000000abe00000, 0x00000000abe00000| Untracked 
| 191|0x00000000abf00000, 0x00000000ac000000, 0x00000000ac000000|100%| O|  |TAMS 0x00000000abf00000, 0x00000000abf00000| Untracked 
| 192|0x00000000ac000000, 0x00000000ac100000, 0x00000000ac100000|100%| O|  |TAMS 0x00000000ac000000, 0x00000000ac000000| Untracked 
| 193|0x00000000ac100000, 0x00000000ac200000, 0x00000000ac200000|100%| O|  |TAMS 0x00000000ac100000, 0x00000000ac100000| Untracked 
| 194|0x00000000ac200000, 0x00000000ac300000, 0x00000000ac300000|100%| O|  |TAMS 0x00000000ac200000, 0x00000000ac200000| Untracked 
| 195|0x00000000ac300000, 0x00000000ac400000, 0x00000000ac400000|100%|HS|  |TAMS 0x00000000ac300000, 0x00000000ac300000| Complete 
| 196|0x00000000ac400000, 0x00000000ac500000, 0x00000000ac500000|100%|HC|  |TAMS 0x00000000ac400000, 0x00000000ac400000| Complete 
| 197|0x00000000ac500000, 0x00000000ac600000, 0x00000000ac600000|100%|HC|  |TAMS 0x00000000ac500000, 0x00000000ac500000| Complete 
| 198|0x00000000ac600000, 0x00000000ac700000, 0x00000000ac700000|100%|HC|  |TAMS 0x00000000ac600000, 0x00000000ac600000| Complete 
| 199|0x00000000ac700000, 0x00000000ac800000, 0x00000000ac800000|100%|HC|  |TAMS 0x00000000ac700000, 0x00000000ac700000| Complete 
| 200|0x00000000ac800000, 0x00000000ac900000, 0x00000000ac900000|100%|HC|  |TAMS 0x00000000ac800000, 0x00000000ac800000| Complete 
| 201|0x00000000ac900000, 0x00000000aca00000, 0x00000000aca00000|100%| O|  |TAMS 0x00000000ac900000, 0x00000000ac900000| Untracked 
| 202|0x00000000aca00000, 0x00000000acb00000, 0x00000000acb00000|100%| O|  |TAMS 0x00000000aca00000, 0x00000000aca00000| Untracked 
| 203|0x00000000acb00000, 0x00000000acc00000, 0x00000000acc00000|100%| O|  |TAMS 0x00000000acb00000, 0x00000000acb00000| Untracked 
| 204|0x00000000acc00000, 0x00000000acd00000, 0x00000000acd00000|100%| O|  |TAMS 0x00000000acc00000, 0x00000000acc00000| Untracked 
| 205|0x00000000acd00000, 0x00000000ace00000, 0x00000000ace00000|100%| O|  |TAMS 0x00000000acd00000, 0x00000000acd00000| Untracked 
| 206|0x00000000ace00000, 0x00000000acf00000, 0x00000000acf00000|100%| O|  |TAMS 0x00000000ace00000, 0x00000000ace00000| Untracked 
| 207|0x00000000acf00000, 0x00000000ad000000, 0x00000000ad000000|100%| O|  |TAMS 0x00000000acf00000, 0x00000000acf00000| Untracked 
| 208|0x00000000ad000000, 0x00000000ad100000, 0x00000000ad100000|100%| O|  |TAMS 0x00000000ad000000, 0x00000000ad000000| Untracked 
| 209|0x00000000ad100000, 0x00000000ad200000, 0x00000000ad200000|100%| O|  |TAMS 0x00000000ad100000, 0x00000000ad100000| Untracked 
| 210|0x00000000ad200000, 0x00000000ad300000, 0x00000000ad300000|100%| O|  |TAMS 0x00000000ad200000, 0x00000000ad200000| Untracked 
| 211|0x00000000ad300000, 0x00000000ad400000, 0x00000000ad400000|100%| O|  |TAMS 0x00000000ad300000, 0x00000000ad300000| Untracked 
| 212|0x00000000ad400000, 0x00000000ad500000, 0x00000000ad500000|100%| O|  |TAMS 0x00000000ad400000, 0x00000000ad400000| Untracked 
| 213|0x00000000ad500000, 0x00000000ad600000, 0x00000000ad600000|100%| O|  |TAMS 0x00000000ad500000, 0x00000000ad500000| Untracked 
| 214|0x00000000ad600000, 0x00000000ad700000, 0x00000000ad700000|100%| O|  |TAMS 0x00000000ad600000, 0x00000000ad600000| Untracked 
| 215|0x00000000ad700000, 0x00000000ad800000, 0x00000000ad800000|100%| O|  |TAMS 0x00000000ad700000, 0x00000000ad700000| Untracked 
| 216|0x00000000ad800000, 0x00000000ad900000, 0x00000000ad900000|100%| O|  |TAMS 0x00000000ad800000, 0x00000000ad800000| Untracked 
| 217|0x00000000ad900000, 0x00000000ada00000, 0x00000000ada00000|100%| O|  |TAMS 0x00000000ad900000, 0x00000000ad900000| Untracked 
| 218|0x00000000ada00000, 0x00000000adb00000, 0x00000000adb00000|100%| O|  |TAMS 0x00000000ada00000, 0x00000000ada00000| Untracked 
| 219|0x00000000adb00000, 0x00000000adc00000, 0x00000000adc00000|100%| O|  |TAMS 0x00000000adb00000, 0x00000000adb00000| Untracked 
| 220|0x00000000adc00000, 0x00000000add00000, 0x00000000add00000|100%| O|  |TAMS 0x00000000adc00000, 0x00000000adc00000| Untracked 
| 221|0x00000000add00000, 0x00000000ade00000, 0x00000000ade00000|100%| O|  |TAMS 0x00000000add00000, 0x00000000add00000| Untracked 
| 222|0x00000000ade00000, 0x00000000adf00000, 0x00000000adf00000|100%| O|  |TAMS 0x00000000ade00000, 0x00000000ade00000| Untracked 
| 223|0x00000000adf00000, 0x00000000ae000000, 0x00000000ae000000|100%| O|  |TAMS 0x00000000adf00000, 0x00000000adf00000| Untracked 
| 224|0x00000000ae000000, 0x00000000ae100000, 0x00000000ae100000|100%| O|  |TAMS 0x00000000ae000000, 0x00000000ae000000| Untracked 
| 225|0x00000000ae100000, 0x00000000ae200000, 0x00000000ae200000|100%| O|  |TAMS 0x00000000ae100000, 0x00000000ae100000| Untracked 
| 226|0x00000000ae200000, 0x00000000ae300000, 0x00000000ae300000|100%| O|  |TAMS 0x00000000ae200000, 0x00000000ae200000| Untracked 
| 227|0x00000000ae300000, 0x00000000ae400000, 0x00000000ae400000|100%| O|  |TAMS 0x00000000ae300000, 0x00000000ae300000| Untracked 
| 228|0x00000000ae400000, 0x00000000ae500000, 0x00000000ae500000|100%| O|  |TAMS 0x00000000ae400000, 0x00000000ae400000| Untracked 
| 229|0x00000000ae500000, 0x00000000ae600000, 0x00000000ae600000|100%| O|  |TAMS 0x00000000ae500000, 0x00000000ae500000| Untracked 
| 230|0x00000000ae600000, 0x00000000ae700000, 0x00000000ae700000|100%| O|  |TAMS 0x00000000ae600000, 0x00000000ae600000| Untracked 
| 231|0x00000000ae700000, 0x00000000ae800000, 0x00000000ae800000|100%| O|  |TAMS 0x00000000ae700000, 0x00000000ae700000| Untracked 
| 232|0x00000000ae800000, 0x00000000ae900000, 0x00000000ae900000|100%| O|  |TAMS 0x00000000ae800000, 0x00000000ae800000| Untracked 
| 233|0x00000000ae900000, 0x00000000aea00000, 0x00000000aea00000|100%| O|  |TAMS 0x00000000ae900000, 0x00000000ae900000| Untracked 
| 234|0x00000000aea00000, 0x00000000aeb00000, 0x00000000aeb00000|100%| O|  |TAMS 0x00000000aea00000, 0x00000000aea00000| Untracked 
| 235|0x00000000aeb00000, 0x00000000aec00000, 0x00000000aec00000|100%| O|  |TAMS 0x00000000aeb00000, 0x00000000aeb00000| Untracked 
| 236|0x00000000aec00000, 0x00000000aed00000, 0x00000000aed00000|100%| O|  |TAMS 0x00000000aec00000, 0x00000000aec00000| Untracked 
| 237|0x00000000aed00000, 0x00000000aee00000, 0x00000000aee00000|100%| O|  |TAMS 0x00000000aed00000, 0x00000000aed00000| Untracked 
| 238|0x00000000aee00000, 0x00000000aef00000, 0x00000000aef00000|100%| O|  |TAMS 0x00000000aee00000, 0x00000000aee00000| Untracked 
| 239|0x00000000aef00000, 0x00000000af000000, 0x00000000af000000|100%| O|  |TAMS 0x00000000aef00000, 0x00000000aef00000| Untracked 
| 240|0x00000000af000000, 0x00000000af100000, 0x00000000af100000|100%|HS|  |TAMS 0x00000000af000000, 0x00000000af000000| Complete 
| 241|0x00000000af100000, 0x00000000af200000, 0x00000000af200000|100%|HS|  |TAMS 0x00000000af100000, 0x00000000af100000| Complete 
| 242|0x00000000af200000, 0x00000000af300000, 0x00000000af300000|100%|HS|  |TAMS 0x00000000af200000, 0x00000000af200000| Complete 
| 243|0x00000000af300000, 0x00000000af400000, 0x00000000af400000|100%|HS|  |TAMS 0x00000000af300000, 0x00000000af300000| Complete 
| 244|0x00000000af400000, 0x00000000af500000, 0x00000000af500000|100%|HC|  |TAMS 0x00000000af400000, 0x00000000af400000| Complete 
| 245|0x00000000af500000, 0x00000000af600000, 0x00000000af600000|100%| O|  |TAMS 0x00000000af500000, 0x00000000af500000| Untracked 
| 246|0x00000000af600000, 0x00000000af700000, 0x00000000af700000|100%| O|  |TAMS 0x00000000af600000, 0x00000000af600000| Untracked 
| 247|0x00000000af700000, 0x00000000af800000, 0x00000000af800000|100%| O|  |TAMS 0x00000000af700000, 0x00000000af700000| Untracked 
| 248|0x00000000af800000, 0x00000000af900000, 0x00000000af900000|100%| O|  |TAMS 0x00000000af800000, 0x00000000af800000| Untracked 
| 249|0x00000000af900000, 0x00000000afa00000, 0x00000000afa00000|100%| O|  |TAMS 0x00000000af900000, 0x00000000af900000| Untracked 
| 250|0x00000000afa00000, 0x00000000afb00000, 0x00000000afb00000|100%| O|  |TAMS 0x00000000afa00000, 0x00000000afa00000| Untracked 
| 251|0x00000000afb00000, 0x00000000afc00000, 0x00000000afc00000|100%| O|  |TAMS 0x00000000afb00000, 0x00000000afb00000| Untracked 
| 252|0x00000000afc00000, 0x00000000afd00000, 0x00000000afd00000|100%| O|  |TAMS 0x00000000afc00000, 0x00000000afc00000| Untracked 
| 253|0x00000000afd00000, 0x00000000afe00000, 0x00000000afe00000|100%| O|  |TAMS 0x00000000afd00000, 0x00000000afd00000| Untracked 
| 254|0x00000000afe00000, 0x00000000aff00000, 0x00000000aff00000|100%| O|  |TAMS 0x00000000afe00000, 0x00000000afe00000| Untracked 
| 255|0x00000000aff00000, 0x00000000b0000000, 0x00000000b0000000|100%| O|  |TAMS 0x00000000aff00000, 0x00000000aff00000| Untracked 
| 256|0x00000000b0000000, 0x00000000b0100000, 0x00000000b0100000|100%| O|  |TAMS 0x00000000b0000000, 0x00000000b0000000| Untracked 
| 257|0x00000000b0100000, 0x00000000b0200000, 0x00000000b0200000|100%| O|  |TAMS 0x00000000b0100000, 0x00000000b0100000| Untracked 
| 258|0x00000000b0200000, 0x00000000b0300000, 0x00000000b0300000|100%| O|  |TAMS 0x00000000b0200000, 0x00000000b0200000| Untracked 
| 259|0x00000000b0300000, 0x00000000b0400000, 0x00000000b0400000|100%| O|  |TAMS 0x00000000b0300000, 0x00000000b0300000| Untracked 
| 260|0x00000000b0400000, 0x00000000b0500000, 0x00000000b0500000|100%| O|  |TAMS 0x00000000b0400000, 0x00000000b0400000| Untracked 
| 261|0x00000000b0500000, 0x00000000b0600000, 0x00000000b0600000|100%| O|  |TAMS 0x00000000b0500000, 0x00000000b0500000| Untracked 
| 262|0x00000000b0600000, 0x00000000b0700000, 0x00000000b0700000|100%| O|  |TAMS 0x00000000b0600000, 0x00000000b0600000| Untracked 
| 263|0x00000000b0700000, 0x00000000b0800000, 0x00000000b0800000|100%| O|  |TAMS 0x00000000b0700000, 0x00000000b0700000| Untracked 
| 264|0x00000000b0800000, 0x00000000b0900000, 0x00000000b0900000|100%| O|  |TAMS 0x00000000b0800000, 0x00000000b0800000| Untracked 
| 265|0x00000000b0900000, 0x00000000b0a00000, 0x00000000b0a00000|100%| O|  |TAMS 0x00000000b0900000, 0x00000000b0900000| Untracked 
| 266|0x00000000b0a00000, 0x00000000b0b00000, 0x00000000b0b00000|100%| O|  |TAMS 0x00000000b0a00000, 0x00000000b0a00000| Untracked 
| 267|0x00000000b0b00000, 0x00000000b0c00000, 0x00000000b0c00000|100%| O|  |TAMS 0x00000000b0b00000, 0x00000000b0b00000| Untracked 
| 268|0x00000000b0c00000, 0x00000000b0d00000, 0x00000000b0d00000|100%| O|  |TAMS 0x00000000b0c00000, 0x00000000b0c00000| Untracked 
| 269|0x00000000b0d00000, 0x00000000b0e00000, 0x00000000b0e00000|100%|HS|  |TAMS 0x00000000b0d00000, 0x00000000b0d00000| Complete 
| 270|0x00000000b0e00000, 0x00000000b0f00000, 0x00000000b0f00000|100%|HS|  |TAMS 0x00000000b0e00000, 0x00000000b0e00000| Complete 
| 271|0x00000000b0f00000, 0x00000000b1000000, 0x00000000b1000000|100%|HS|  |TAMS 0x00000000b0f00000, 0x00000000b0f00000| Complete 
| 272|0x00000000b1000000, 0x00000000b1100000, 0x00000000b1100000|100%|HS|  |TAMS 0x00000000b1000000, 0x00000000b1000000| Complete 
| 273|0x00000000b1100000, 0x00000000b1200000, 0x00000000b1200000|100%|HS|  |TAMS 0x00000000b1100000, 0x00000000b1100000| Complete 
| 274|0x00000000b1200000, 0x00000000b1300000, 0x00000000b1300000|100%| O|  |TAMS 0x00000000b1200000, 0x00000000b1200000| Untracked 
| 275|0x00000000b1300000, 0x00000000b1400000, 0x00000000b1400000|100%| O|  |TAMS 0x00000000b1300000, 0x00000000b1300000| Untracked 
| 276|0x00000000b1400000, 0x00000000b1500000, 0x00000000b1500000|100%| O|  |TAMS 0x00000000b1400000, 0x00000000b1400000| Untracked 
| 277|0x00000000b1500000, 0x00000000b1600000, 0x00000000b1600000|100%| O|  |TAMS 0x00000000b1500000, 0x00000000b1500000| Untracked 
| 278|0x00000000b1600000, 0x00000000b1700000, 0x00000000b1700000|100%| O|  |TAMS 0x00000000b1600000, 0x00000000b1600000| Untracked 
| 279|0x00000000b1700000, 0x00000000b1780000, 0x00000000b1800000| 50%| O|  |TAMS 0x00000000b1700000, 0x00000000b1700000| Untracked 
| 280|0x00000000b1800000, 0x00000000b1800000, 0x00000000b1900000|  0%| F|  |TAMS 0x00000000b1800000, 0x00000000b1800000| Untracked 
| 281|0x00000000b1900000, 0x00000000b1900000, 0x00000000b1a00000|  0%| F|  |TAMS 0x00000000b1900000, 0x00000000b1900000| Untracked 
| 282|0x00000000b1a00000, 0x00000000b1a00000, 0x00000000b1b00000|  0%| F|  |TAMS 0x00000000b1a00000, 0x00000000b1a00000| Untracked 
| 283|0x00000000b1b00000, 0x00000000b1b00000, 0x00000000b1c00000|  0%| F|  |TAMS 0x00000000b1b00000, 0x00000000b1b00000| Untracked 
| 284|0x00000000b1c00000, 0x00000000b1c00000, 0x00000000b1d00000|  0%| F|  |TAMS 0x00000000b1c00000, 0x00000000b1c00000| Untracked 
| 285|0x00000000b1d00000, 0x00000000b1d00000, 0x00000000b1e00000|  0%| F|  |TAMS 0x00000000b1d00000, 0x00000000b1d00000| Untracked 
| 286|0x00000000b1e00000, 0x00000000b1e00000, 0x00000000b1f00000|  0%| F|  |TAMS 0x00000000b1e00000, 0x00000000b1e00000| Untracked 
| 287|0x00000000b1f00000, 0x00000000b1f00000, 0x00000000b2000000|  0%| F|  |TAMS 0x00000000b1f00000, 0x00000000b1f00000| Untracked 
| 288|0x00000000b2000000, 0x00000000b2000000, 0x00000000b2100000|  0%| F|  |TAMS 0x00000000b2000000, 0x00000000b2000000| Untracked 
| 289|0x00000000b2100000, 0x00000000b2100000, 0x00000000b2200000|  0%| F|  |TAMS 0x00000000b2100000, 0x00000000b2100000| Untracked 
| 290|0x00000000b2200000, 0x00000000b2200000, 0x00000000b2300000|  0%| F|  |TAMS 0x00000000b2200000, 0x00000000b2200000| Untracked 
| 291|0x00000000b2300000, 0x00000000b2300000, 0x00000000b2400000|  0%| F|  |TAMS 0x00000000b2300000, 0x00000000b2300000| Untracked 
| 292|0x00000000b2400000, 0x00000000b2400000, 0x00000000b2500000|  0%| F|  |TAMS 0x00000000b2400000, 0x00000000b2400000| Untracked 
| 293|0x00000000b2500000, 0x00000000b2500000, 0x00000000b2600000|  0%| F|  |TAMS 0x00000000b2500000, 0x00000000b2500000| Untracked 
| 294|0x00000000b2600000, 0x00000000b2600000, 0x00000000b2700000|  0%| F|  |TAMS 0x00000000b2600000, 0x00000000b2600000| Untracked 
| 295|0x00000000b2700000, 0x00000000b2700000, 0x00000000b2800000|  0%| F|  |TAMS 0x00000000b2700000, 0x00000000b2700000| Untracked 
| 296|0x00000000b2800000, 0x00000000b2800000, 0x00000000b2900000|  0%| F|  |TAMS 0x00000000b2800000, 0x00000000b2800000| Untracked 
| 297|0x00000000b2900000, 0x00000000b2900000, 0x00000000b2a00000|  0%| F|  |TAMS 0x00000000b2900000, 0x00000000b2900000| Untracked 
| 298|0x00000000b2a00000, 0x00000000b2a00000, 0x00000000b2b00000|  0%| F|  |TAMS 0x00000000b2a00000, 0x00000000b2a00000| Untracked 
| 299|0x00000000b2b00000, 0x00000000b2b00000, 0x00000000b2c00000|  0%| F|  |TAMS 0x00000000b2b00000, 0x00000000b2b00000| Untracked 
| 300|0x00000000b2c00000, 0x00000000b2c00000, 0x00000000b2d00000|  0%| F|  |TAMS 0x00000000b2c00000, 0x00000000b2c00000| Untracked 
| 301|0x00000000b2d00000, 0x00000000b2d00000, 0x00000000b2e00000|  0%| F|  |TAMS 0x00000000b2d00000, 0x00000000b2d00000| Untracked 
| 302|0x00000000b2e00000, 0x00000000b2e00000, 0x00000000b2f00000|  0%| F|  |TAMS 0x00000000b2e00000, 0x00000000b2e00000| Untracked 
| 303|0x00000000b2f00000, 0x00000000b2f00000, 0x00000000b3000000|  0%| F|  |TAMS 0x00000000b2f00000, 0x00000000b2f00000| Untracked 
| 304|0x00000000b3000000, 0x00000000b3000000, 0x00000000b3100000|  0%| F|  |TAMS 0x00000000b3000000, 0x00000000b3000000| Untracked 
| 305|0x00000000b3100000, 0x00000000b3100000, 0x00000000b3200000|  0%| F|  |TAMS 0x00000000b3100000, 0x00000000b3100000| Untracked 
| 306|0x00000000b3200000, 0x00000000b3200000, 0x00000000b3300000|  0%| F|  |TAMS 0x00000000b3200000, 0x00000000b3200000| Untracked 
| 307|0x00000000b3300000, 0x00000000b3300000, 0x00000000b3400000|  0%| F|  |TAMS 0x00000000b3300000, 0x00000000b3300000| Untracked 
| 308|0x00000000b3400000, 0x00000000b3400000, 0x00000000b3500000|  0%| F|  |TAMS 0x00000000b3400000, 0x00000000b3400000| Untracked 
| 309|0x00000000b3500000, 0x00000000b3500000, 0x00000000b3600000|  0%| F|  |TAMS 0x00000000b3500000, 0x00000000b3500000| Untracked 
| 310|0x00000000b3600000, 0x00000000b3600000, 0x00000000b3700000|  0%| F|  |TAMS 0x00000000b3600000, 0x00000000b3600000| Untracked 
| 311|0x00000000b3700000, 0x00000000b3700000, 0x00000000b3800000|  0%| F|  |TAMS 0x00000000b3700000, 0x00000000b3700000| Untracked 
| 312|0x00000000b3800000, 0x00000000b3800000, 0x00000000b3900000|  0%| F|  |TAMS 0x00000000b3800000, 0x00000000b3800000| Untracked 
| 313|0x00000000b3900000, 0x00000000b3900000, 0x00000000b3a00000|  0%| F|  |TAMS 0x00000000b3900000, 0x00000000b3900000| Untracked 
| 314|0x00000000b3a00000, 0x00000000b3a00000, 0x00000000b3b00000|  0%| F|  |TAMS 0x00000000b3a00000, 0x00000000b3a00000| Untracked 
| 315|0x00000000b3b00000, 0x00000000b3b00000, 0x00000000b3c00000|  0%| F|  |TAMS 0x00000000b3b00000, 0x00000000b3b00000| Untracked 
| 316|0x00000000b3c00000, 0x00000000b3c00000, 0x00000000b3d00000|  0%| F|  |TAMS 0x00000000b3c00000, 0x00000000b3c00000| Untracked 
| 317|0x00000000b3d00000, 0x00000000b3d00000, 0x00000000b3e00000|  0%| F|  |TAMS 0x00000000b3d00000, 0x00000000b3d00000| Untracked 
| 318|0x00000000b3e00000, 0x00000000b3e00000, 0x00000000b3f00000|  0%| F|  |TAMS 0x00000000b3e00000, 0x00000000b3e00000| Untracked 
| 319|0x00000000b3f00000, 0x00000000b3f00000, 0x00000000b4000000|  0%| F|  |TAMS 0x00000000b3f00000, 0x00000000b3f00000| Untracked 
| 320|0x00000000b4000000, 0x00000000b4000000, 0x00000000b4100000|  0%| F|  |TAMS 0x00000000b4000000, 0x00000000b4000000| Untracked 
| 321|0x00000000b4100000, 0x00000000b4100000, 0x00000000b4200000|  0%| F|  |TAMS 0x00000000b4100000, 0x00000000b4100000| Untracked 
| 322|0x00000000b4200000, 0x00000000b4200000, 0x00000000b4300000|  0%| F|  |TAMS 0x00000000b4200000, 0x00000000b4200000| Untracked 
| 323|0x00000000b4300000, 0x00000000b4300000, 0x00000000b4400000|  0%| F|  |TAMS 0x00000000b4300000, 0x00000000b4300000| Untracked 
| 324|0x00000000b4400000, 0x00000000b4400000, 0x00000000b4500000|  0%| F|  |TAMS 0x00000000b4400000, 0x00000000b4400000| Untracked 
| 325|0x00000000b4500000, 0x00000000b4500000, 0x00000000b4600000|  0%| F|  |TAMS 0x00000000b4500000, 0x00000000b4500000| Untracked 
| 326|0x00000000b4600000, 0x00000000b4600000, 0x00000000b4700000|  0%| F|  |TAMS 0x00000000b4600000, 0x00000000b4600000| Untracked 
| 327|0x00000000b4700000, 0x00000000b4700000, 0x00000000b4800000|  0%| F|  |TAMS 0x00000000b4700000, 0x00000000b4700000| Untracked 
| 328|0x00000000b4800000, 0x00000000b4800000, 0x00000000b4900000|  0%| F|  |TAMS 0x00000000b4800000, 0x00000000b4800000| Untracked 
| 329|0x00000000b4900000, 0x00000000b4900000, 0x00000000b4a00000|  0%| F|  |TAMS 0x00000000b4900000, 0x00000000b4900000| Untracked 
| 330|0x00000000b4a00000, 0x00000000b4b00000, 0x00000000b4b00000|100%| S|CS|TAMS 0x00000000b4a00000, 0x00000000b4a00000| Complete 
| 331|0x00000000b4b00000, 0x00000000b4c00000, 0x00000000b4c00000|100%| S|CS|TAMS 0x00000000b4b00000, 0x00000000b4b00000| Complete 
| 332|0x00000000b4c00000, 0x00000000b4d00000, 0x00000000b4d00000|100%| S|CS|TAMS 0x00000000b4c00000, 0x00000000b4c00000| Complete 
| 333|0x00000000b4d00000, 0x00000000b4d00000, 0x00000000b4e00000|  0%| F|  |TAMS 0x00000000b4d00000, 0x00000000b4d00000| Untracked 
| 334|0x00000000b4e00000, 0x00000000b4e00000, 0x00000000b4f00000|  0%| F|  |TAMS 0x00000000b4e00000, 0x00000000b4e00000| Untracked 
| 335|0x00000000b4f00000, 0x00000000b4f00000, 0x00000000b5000000|  0%| F|  |TAMS 0x00000000b4f00000, 0x00000000b4f00000| Untracked 
| 336|0x00000000b5000000, 0x00000000b5000000, 0x00000000b5100000|  0%| F|  |TAMS 0x00000000b5000000, 0x00000000b5000000| Untracked 
| 337|0x00000000b5100000, 0x00000000b5100000, 0x00000000b5200000|  0%| F|  |TAMS 0x00000000b5100000, 0x00000000b5100000| Untracked 
| 338|0x00000000b5200000, 0x00000000b5200000, 0x00000000b5300000|  0%| F|  |TAMS 0x00000000b5200000, 0x00000000b5200000| Untracked 
| 339|0x00000000b5300000, 0x00000000b5400000, 0x00000000b5400000|100%| S|CS|TAMS 0x00000000b5300000, 0x00000000b5300000| Complete 
| 340|0x00000000b5400000, 0x00000000b5500000, 0x00000000b5500000|100%| S|CS|TAMS 0x00000000b5400000, 0x00000000b5400000| Complete 
| 341|0x00000000b5500000, 0x00000000b5600000, 0x00000000b5600000|100%| S|CS|TAMS 0x00000000b5500000, 0x00000000b5500000| Complete 
| 342|0x00000000b5600000, 0x00000000b5700000, 0x00000000b5700000|100%| S|CS|TAMS 0x00000000b5600000, 0x00000000b5600000| Complete 
| 343|0x00000000b5700000, 0x00000000b5700000, 0x00000000b5800000|  0%| F|  |TAMS 0x00000000b5700000, 0x00000000b5700000| Untracked 
| 344|0x00000000b5800000, 0x00000000b5800000, 0x00000000b5900000|  0%| F|  |TAMS 0x00000000b5800000, 0x00000000b5800000| Untracked 
| 345|0x00000000b5900000, 0x00000000b5900000, 0x00000000b5a00000|  0%| F|  |TAMS 0x00000000b5900000, 0x00000000b5900000| Untracked 
| 346|0x00000000b5a00000, 0x00000000b5a00000, 0x00000000b5b00000|  0%| F|  |TAMS 0x00000000b5a00000, 0x00000000b5a00000| Untracked 
| 347|0x00000000b5b00000, 0x00000000b5b00000, 0x00000000b5c00000|  0%| F|  |TAMS 0x00000000b5b00000, 0x00000000b5b00000| Untracked 
| 348|0x00000000b5c00000, 0x00000000b5c00000, 0x00000000b5d00000|  0%| F|  |TAMS 0x00000000b5c00000, 0x00000000b5c00000| Untracked 
| 349|0x00000000b5d00000, 0x00000000b5d00000, 0x00000000b5e00000|  0%| F|  |TAMS 0x00000000b5d00000, 0x00000000b5d00000| Untracked 
| 350|0x00000000b5e00000, 0x00000000b5e00000, 0x00000000b5f00000|  0%| F|  |TAMS 0x00000000b5e00000, 0x00000000b5e00000| Untracked 
| 351|0x00000000b5f00000, 0x00000000b5f00000, 0x00000000b6000000|  0%| F|  |TAMS 0x00000000b5f00000, 0x00000000b5f00000| Untracked 
| 352|0x00000000b6000000, 0x00000000b6000000, 0x00000000b6100000|  0%| F|  |TAMS 0x00000000b6000000, 0x00000000b6000000| Untracked 
| 353|0x00000000b6100000, 0x00000000b6100000, 0x00000000b6200000|  0%| F|  |TAMS 0x00000000b6100000, 0x00000000b6100000| Untracked 
| 354|0x00000000b6200000, 0x00000000b6200000, 0x00000000b6300000|  0%| F|  |TAMS 0x00000000b6200000, 0x00000000b6200000| Untracked 
| 355|0x00000000b6300000, 0x00000000b6300000, 0x00000000b6400000|  0%| F|  |TAMS 0x00000000b6300000, 0x00000000b6300000| Untracked 
| 356|0x00000000b6400000, 0x00000000b6400000, 0x00000000b6500000|  0%| F|  |TAMS 0x00000000b6400000, 0x00000000b6400000| Untracked 
| 357|0x00000000b6500000, 0x00000000b6500000, 0x00000000b6600000|  0%| F|  |TAMS 0x00000000b6500000, 0x00000000b6500000| Untracked 
| 358|0x00000000b6600000, 0x00000000b6600000, 0x00000000b6700000|  0%| F|  |TAMS 0x00000000b6600000, 0x00000000b6600000| Untracked 
| 359|0x00000000b6700000, 0x00000000b6700000, 0x00000000b6800000|  0%| F|  |TAMS 0x00000000b6700000, 0x00000000b6700000| Untracked 
| 360|0x00000000b6800000, 0x00000000b6800000, 0x00000000b6900000|  0%| F|  |TAMS 0x00000000b6800000, 0x00000000b6800000| Untracked 
| 361|0x00000000b6900000, 0x00000000b6900000, 0x00000000b6a00000|  0%| F|  |TAMS 0x00000000b6900000, 0x00000000b6900000| Untracked 
| 362|0x00000000b6a00000, 0x00000000b6a00000, 0x00000000b6b00000|  0%| F|  |TAMS 0x00000000b6a00000, 0x00000000b6a00000| Untracked 
| 363|0x00000000b6b00000, 0x00000000b6b00000, 0x00000000b6c00000|  0%| F|  |TAMS 0x00000000b6b00000, 0x00000000b6b00000| Untracked 
| 364|0x00000000b6c00000, 0x00000000b6c00000, 0x00000000b6d00000|  0%| F|  |TAMS 0x00000000b6c00000, 0x00000000b6c00000| Untracked 
| 365|0x00000000b6d00000, 0x00000000b6d00000, 0x00000000b6e00000|  0%| F|  |TAMS 0x00000000b6d00000, 0x00000000b6d00000| Untracked 
| 366|0x00000000b6e00000, 0x00000000b6e00000, 0x00000000b6f00000|  0%| F|  |TAMS 0x00000000b6e00000, 0x00000000b6e00000| Untracked 
| 367|0x00000000b6f00000, 0x00000000b6f00000, 0x00000000b7000000|  0%| F|  |TAMS 0x00000000b6f00000, 0x00000000b6f00000| Untracked 
| 368|0x00000000b7000000, 0x00000000b7000000, 0x00000000b7100000|  0%| F|  |TAMS 0x00000000b7000000, 0x00000000b7000000| Untracked 
| 369|0x00000000b7100000, 0x00000000b7100000, 0x00000000b7200000|  0%| F|  |TAMS 0x00000000b7100000, 0x00000000b7100000| Untracked 
| 370|0x00000000b7200000, 0x00000000b7200000, 0x00000000b7300000|  0%| F|  |TAMS 0x00000000b7200000, 0x00000000b7200000| Untracked 
| 371|0x00000000b7300000, 0x00000000b7300000, 0x00000000b7400000|  0%| F|  |TAMS 0x00000000b7300000, 0x00000000b7300000| Untracked 
| 372|0x00000000b7400000, 0x00000000b7400000, 0x00000000b7500000|  0%| F|  |TAMS 0x00000000b7400000, 0x00000000b7400000| Untracked 
| 373|0x00000000b7500000, 0x00000000b7500000, 0x00000000b7600000|  0%| F|  |TAMS 0x00000000b7500000, 0x00000000b7500000| Untracked 
| 374|0x00000000b7600000, 0x00000000b7600000, 0x00000000b7700000|  0%| F|  |TAMS 0x00000000b7600000, 0x00000000b7600000| Untracked 
| 375|0x00000000b7700000, 0x00000000b7700000, 0x00000000b7800000|  0%| F|  |TAMS 0x00000000b7700000, 0x00000000b7700000| Untracked 
| 376|0x00000000b7800000, 0x00000000b7800000, 0x00000000b7900000|  0%| F|  |TAMS 0x00000000b7800000, 0x00000000b7800000| Untracked 
| 377|0x00000000b7900000, 0x00000000b7900000, 0x00000000b7a00000|  0%| F|  |TAMS 0x00000000b7900000, 0x00000000b7900000| Untracked 
| 378|0x00000000b7a00000, 0x00000000b7a00000, 0x00000000b7b00000|  0%| F|  |TAMS 0x00000000b7a00000, 0x00000000b7a00000| Untracked 
| 379|0x00000000b7b00000, 0x00000000b7b00000, 0x00000000b7c00000|  0%| F|  |TAMS 0x00000000b7b00000, 0x00000000b7b00000| Untracked 
| 380|0x00000000b7c00000, 0x00000000b7c00000, 0x00000000b7d00000|  0%| F|  |TAMS 0x00000000b7c00000, 0x00000000b7c00000| Untracked 
| 381|0x00000000b7d00000, 0x00000000b7d00000, 0x00000000b7e00000|  0%| F|  |TAMS 0x00000000b7d00000, 0x00000000b7d00000| Untracked 
| 382|0x00000000b7e00000, 0x00000000b7e00000, 0x00000000b7f00000|  0%| F|  |TAMS 0x00000000b7e00000, 0x00000000b7e00000| Untracked 
| 383|0x00000000b7f00000, 0x00000000b7f00000, 0x00000000b8000000|  0%| F|  |TAMS 0x00000000b7f00000, 0x00000000b7f00000| Untracked 
| 384|0x00000000b8000000, 0x00000000b8000000, 0x00000000b8100000|  0%| F|  |TAMS 0x00000000b8000000, 0x00000000b8000000| Untracked 
| 385|0x00000000b8100000, 0x00000000b8100000, 0x00000000b8200000|  0%| F|  |TAMS 0x00000000b8100000, 0x00000000b8100000| Untracked 
| 386|0x00000000b8200000, 0x00000000b8200000, 0x00000000b8300000|  0%| F|  |TAMS 0x00000000b8200000, 0x00000000b8200000| Untracked 
| 387|0x00000000b8300000, 0x00000000b8300000, 0x00000000b8400000|  0%| F|  |TAMS 0x00000000b8300000, 0x00000000b8300000| Untracked 

Card table byte_map: [0x000001f3184d0000,0x000001f3187d0000] _byte_map_base: 0x000001f317fd0000

Marking Bits (Prev, Next): (CMBitMap*) 0x000001f306054440, (CMBitMap*) 0x000001f306054480
 Prev Bits: [0x000001f318ad0000, 0x000001f31a2d0000)
 Next Bits: [0x000001f31a2d0000, 0x000001f31bad0000)

Polling page: 0x000001f303e20000

Metaspace:

Usage:
  Non-class:     87.38 MB used.
      Class:     13.39 MB used.
       Both:    100.78 MB used.

Virtual space:
  Non-class space:       96.00 MB reserved,      87.75 MB ( 91%) committed,  12 nodes.
      Class space:        1.00 GB reserved,      13.69 MB (  1%) committed,  1 nodes.
             Both:        1.09 GB reserved,     101.44 MB (  9%) committed. 

Chunk freelists:
   Non-Class:  3.87 MB
       Class:  2.27 MB
        Both:  6.14 MB

MaxMetaspaceSize: unlimited
CompressedClassSpaceSize: 1.00 GB
Initial GC threshold: 21.00 MB
Current GC threshold: 158.75 MB
CDS: off
MetaspaceReclaimPolicy: balanced
 - commit_granule_bytes: 65536.
 - commit_granule_words: 8192.
 - virtual_space_node_default_size: 1048576.
 - enlarge_chunks_in_place: 1.
 - new_chunks_are_fully_committed: 0.
 - uncommit_free_chunks: 1.
 - use_allocation_guard: 0.
 - handle_deallocations: 1.


Internal statistics:

num_allocs_failed_limit: 8.
num_arena_births: 898.
num_arena_deaths: 0.
num_vsnodes_births: 13.
num_vsnodes_deaths: 0.
num_space_committed: 1623.
num_space_uncommitted: 0.
num_chunks_returned_to_freelist: 8.
num_chunks_taken_from_freelist: 4728.
num_chunk_merges: 3.
num_chunk_splits: 3131.
num_chunks_enlarged: 2120.
num_purges: 0.
num_inconsistent_stats: 0.

CodeHeap 'non-profiled nmethods': size=120064Kb used=8841Kb max_used=8841Kb free=111222Kb
 bounds [0x000001f310f90000, 0x000001f311840000, 0x000001f3184d0000]
CodeHeap 'profiled nmethods': size=120000Kb used=32878Kb max_used=32878Kb free=87121Kb
 bounds [0x000001f3094d0000, 0x000001f30b4f0000, 0x000001f310a00000]
CodeHeap 'non-nmethods': size=5696Kb used=2401Kb max_used=2471Kb free=3294Kb
 bounds [0x000001f310a00000, 0x000001f310c90000, 0x000001f310f90000]
 total_blobs=16684 nmethods=15745 adapters=850
 compilation: enabled
              stopped_count=0, restarted_count=0
 full_count=0

Compilation events (20 events):
Event: 87.768 Thread 0x000001f31e835970 nmethod 18877 0x000001f31181bb90 code [0x000001f31181d680, 0x000001f311825b90]
Event: 87.769 Thread 0x000001f31e835970 18997       4       java.util.TimSort::sort (229 bytes)
Event: 87.873 Thread 0x000001f31e835970 nmethod 18997 0x000001f31182c190 code [0x000001f31182c400, 0x000001f31182f8b8]
Event: 87.873 Thread 0x000001f31e835970 19007       4       java.util.TimSort::mergeLo (659 bytes)
Event: 87.924 Thread 0x000001f31e835970 nmethod 19007 0x000001f311831090 code [0x000001f311831280, 0x000001f311832c98]
Event: 87.924 Thread 0x000001f31e835970 18876 %     4       com.android.tools.r8.dex.j::a @ 313 (1042 bytes)
Event: 88.100 Thread 0x000001f31e837a20 19016       2       com.android.tools.r8.graph.U$d$$Lambda$1720/0x0000000100da7978::applyAsInt (8 bytes)
Event: 88.100 Thread 0x000001f31e837a20 nmethod 19016 0x000001f30b4df190 code [0x000001f30b4df320, 0x000001f30b4df458]
Event: 88.100 Thread 0x000001f31e837a20 19017       2       com.android.tools.r8.graph.U$d$$Lambda$1721/0x0000000100da7bb8::apply (8 bytes)
Event: 88.100 Thread 0x000001f31e837a20 nmethod 19017 0x000001f30b4df590 code [0x000001f30b4df720, 0x000001f30b4df858]
Event: 88.100 Thread 0x000001f31e837a20 19018       2       com.android.tools.r8.graph.U$d$$Lambda$1722/0x0000000100da2000::apply (8 bytes)
Event: 88.100 Thread 0x000001f31e837a20 nmethod 19018 0x000001f30b4df990 code [0x000001f30b4dfb20, 0x000001f30b4dfc58]
Event: 88.109 Thread 0x000001f31e837a20 19020 %     3       com.android.tools.r8.graph.Z0::a @ 11 (211 bytes)
Event: 88.111 Thread 0x000001f31e837a20 nmethod 19020% 0x000001f30b4dfd90 code [0x000001f30b4e00e0, 0x000001f30b4e1a18]
Event: 88.111 Thread 0x000001f31e837a20 19021       3       com.android.tools.r8.graph.Z0::a (211 bytes)
Event: 88.113 Thread 0x000001f31e837a20 nmethod 19021 0x000001f30b4e2310 code [0x000001f30b4e2660, 0x000001f30b4e3eb8]
Event: 88.159 Thread 0x000001f31e837a20 19023 %     3       com.android.tools.r8.graph.A::<init> @ 72 (114 bytes)
Event: 88.162 Thread 0x000001f31e837a20 nmethod 19023% 0x000001f30b4e4710 code [0x000001f30b4e4ba0, 0x000001f30b4e73f8]
Event: 88.163 Thread 0x000001f31e837a20 19024       3       com.android.tools.r8.graph.A::<init> (114 bytes)
Event: 88.166 Thread 0x000001f31e837a20 nmethod 19024 0x000001f30b4e8110 code [0x000001f30b4e8580, 0x000001f30b4ead58]

GC Heap History (20 events):
Event: 72.001 GC heap after
{Heap after GC invocations=61 (full 0):
 garbage-first heap   total 397312K, used 158182K [0x00000000a0000000, 0x0000000100000000)
  region size 1024K, 15 young (15360K), 15 survivors (15360K)
 Metaspace       used 100209K, committed 100800K, reserved 1138688K
  class space    used 13434K, committed 13696K, reserved 1048576K
}
Event: 73.670 GC heap before
{Heap before GC invocations=61 (full 0):
 garbage-first heap   total 397312K, used 348646K [0x00000000a0000000, 0x0000000100000000)
  region size 1024K, 189 young (193536K), 15 survivors (15360K)
 Metaspace       used 100246K, committed 100800K, reserved 1138688K
  class space    used 13435K, committed 13696K, reserved 1048576K
}
Event: 73.704 GC heap after
{Heap after GC invocations=62 (full 0):
 garbage-first heap   total 397312K, used 161721K [0x00000000a0000000, 0x0000000100000000)
  region size 1024K, 15 young (15360K), 15 survivors (15360K)
 Metaspace       used 100246K, committed 100800K, reserved 1138688K
  class space    used 13435K, committed 13696K, reserved 1048576K
}
Event: 75.234 GC heap before
{Heap before GC invocations=62 (full 0):
 garbage-first heap   total 397312K, used 341945K [0x00000000a0000000, 0x0000000100000000)
  region size 1024K, 182 young (186368K), 15 survivors (15360K)
 Metaspace       used 100285K, committed 100800K, reserved 1138688K
  class space    used 13436K, committed 13696K, reserved 1048576K
}
Event: 75.267 GC heap after
{Heap after GC invocations=63 (full 0):
 garbage-first heap   total 397312K, used 164512K [0x00000000a0000000, 0x0000000100000000)
  region size 1024K, 14 young (14336K), 14 survivors (14336K)
 Metaspace       used 100285K, committed 100800K, reserved 1138688K
  class space    used 13436K, committed 13696K, reserved 1048576K
}
Event: 76.575 GC heap before
{Heap before GC invocations=63 (full 0):
 garbage-first heap   total 397312K, used 328352K [0x00000000a0000000, 0x0000000100000000)
  region size 1024K, 175 young (179200K), 14 survivors (14336K)
 Metaspace       used 100286K, committed 100864K, reserved 1138688K
  class space    used 13436K, committed 13696K, reserved 1048576K
}
Event: 76.595 GC heap after
{Heap after GC invocations=64 (full 0):
 garbage-first heap   total 397312K, used 159298K [0x00000000a0000000, 0x0000000100000000)
  region size 1024K, 4 young (4096K), 4 survivors (4096K)
 Metaspace       used 100286K, committed 100864K, reserved 1138688K
  class space    used 13436K, committed 13696K, reserved 1048576K
}
Event: 78.201 GC heap before
{Heap before GC invocations=64 (full 0):
 garbage-first heap   total 397312K, used 332354K [0x00000000a0000000, 0x0000000100000000)
  region size 1024K, 172 young (176128K), 4 survivors (4096K)
 Metaspace       used 100319K, committed 100928K, reserved 1138688K
  class space    used 13437K, committed 13696K, reserved 1048576K
}
Event: 78.231 GC heap after
{Heap after GC invocations=65 (full 0):
 garbage-first heap   total 397312K, used 167490K [0x00000000a0000000, 0x0000000100000000)
  region size 1024K, 12 young (12288K), 12 survivors (12288K)
 Metaspace       used 100319K, committed 100928K, reserved 1138688K
  class space    used 13437K, committed 13696K, reserved 1048576K
}
Event: 80.948 GC heap before
{Heap before GC invocations=65 (full 0):
 garbage-first heap   total 397312K, used 341570K [0x00000000a0000000, 0x0000000100000000)
  region size 1024K, 171 young (175104K), 12 survivors (12288K)
 Metaspace       used 102402K, committed 103040K, reserved 1138688K
  class space    used 13644K, committed 13952K, reserved 1048576K
}
Event: 81.070 GC heap after
{Heap after GC invocations=66 (full 0):
 garbage-first heap   total 397312K, used 208725K [0x00000000a0000000, 0x0000000100000000)
  region size 1024K, 22 young (22528K), 22 survivors (22528K)
 Metaspace       used 102402K, committed 103040K, reserved 1138688K
  class space    used 13644K, committed 13952K, reserved 1048576K
}
Event: 82.469 GC heap before
{Heap before GC invocations=66 (full 0):
 garbage-first heap   total 397312K, used 324437K [0x00000000a0000000, 0x0000000100000000)
  region size 1024K, 122 young (124928K), 22 survivors (22528K)
 Metaspace       used 102490K, committed 103104K, reserved 1138688K
  class space    used 13648K, committed 13952K, reserved 1048576K
}
Event: 82.579 GC heap after
{Heap after GC invocations=67 (full 0):
 garbage-first heap   total 397312K, used 236800K [0x00000000a0000000, 0x0000000100000000)
  region size 1024K, 14 young (14336K), 14 survivors (14336K)
 Metaspace       used 102490K, committed 103104K, reserved 1138688K
  class space    used 13648K, committed 13952K, reserved 1048576K
}
Event: 85.943 GC heap before
{Heap before GC invocations=67 (full 0):
 garbage-first heap   total 397312K, used 344320K [0x00000000a0000000, 0x0000000100000000)
  region size 1024K, 97 young (99328K), 14 survivors (14336K)
 Metaspace       used 103078K, committed 103744K, reserved 1146880K
  class space    used 13705K, committed 14016K, reserved 1048576K
}
Event: 86.003 GC heap after
{Heap after GC invocations=68 (full 0):
 garbage-first heap   total 397312K, used 244224K [0x00000000a0000000, 0x0000000100000000)
  region size 1024K, 12 young (12288K), 12 survivors (12288K)
 Metaspace       used 103078K, committed 103744K, reserved 1146880K
  class space    used 13705K, committed 14016K, reserved 1048576K
}
Event: 86.611 GC heap before
{Heap before GC invocations=68 (full 0):
 garbage-first heap   total 397312K, used 321024K [0x00000000a0000000, 0x0000000100000000)
  region size 1024K, 88 young (90112K), 12 survivors (12288K)
 Metaspace       used 103189K, committed 103872K, reserved 1146880K
  class space    used 13714K, committed 14016K, reserved 1048576K
}
Event: 86.739 GC heap after
{Heap after GC invocations=69 (full 0):
 garbage-first heap   total 397312K, used 269312K [0x00000000a0000000, 0x0000000100000000)
  region size 1024K, 11 young (11264K), 11 survivors (11264K)
 Metaspace       used 103189K, committed 103872K, reserved 1146880K
  class space    used 13714K, committed 14016K, reserved 1048576K
}
Event: 87.460 GC heap before
{Heap before GC invocations=69 (full 0):
 garbage-first heap   total 397312K, used 323584K [0x00000000a0000000, 0x0000000100000000)
  region size 1024K, 60 young (61440K), 11 survivors (11264K)
 Metaspace       used 103192K, committed 103872K, reserved 1146880K
  class space    used 13714K, committed 14016K, reserved 1048576K
}
Event: 87.574 GC heap after
{Heap after GC invocations=70 (full 0):
 garbage-first heap   total 397312K, used 280576K [0x00000000a0000000, 0x0000000100000000)
  region size 1024K, 6 young (6144K), 6 survivors (6144K)
 Metaspace       used 103192K, committed 103872K, reserved 1146880K
  class space    used 13714K, committed 14016K, reserved 1048576K
}
Event: 88.207 GC heap before
{Heap before GC invocations=70 (full 0):
 garbage-first heap   total 397312K, used 330752K [0x00000000a0000000, 0x0000000100000000)
  region size 1024K, 51 young (52224K), 6 survivors (6144K)
 Metaspace       used 103194K, committed 103872K, reserved 1146880K
  class space    used 13714K, committed 14016K, reserved 1048576K
}

Dll operation events (2 events):
Event: 0.064 Loaded shared library D:\Program Files\Android\Android Studio\jbr\bin\java.dll
Event: 1.499 Loaded shared library D:\Program Files\Android\Android Studio\jbr\bin\verify.dll

Deoptimization events (20 events):
Event: 87.878 Thread 0x000001f3217f0220 DEOPT PACKING pc=0x000001f30b4da694 sp=0x000000e1891fe750
Event: 87.878 Thread 0x000001f3217f0220 DEOPT UNPACKING pc=0x000001f310a57124 sp=0x000000e1891fdc38 mode 0
Event: 87.881 Thread 0x000001f3217f0220 DEOPT PACKING pc=0x000001f30b4da694 sp=0x000000e1891fe750
Event: 87.881 Thread 0x000001f3217f0220 DEOPT UNPACKING pc=0x000001f310a57124 sp=0x000000e1891fdc38 mode 0
Event: 87.884 Thread 0x000001f3217f0220 DEOPT PACKING pc=0x000001f30b4da694 sp=0x000000e1891fe750
Event: 87.884 Thread 0x000001f3217f0220 DEOPT UNPACKING pc=0x000001f310a57124 sp=0x000000e1891fdc38 mode 0
Event: 87.902 Thread 0x000001f3217f0220 DEOPT PACKING pc=0x000001f30b4da694 sp=0x000000e1891fe750
Event: 87.902 Thread 0x000001f3217f0220 DEOPT UNPACKING pc=0x000001f310a57124 sp=0x000000e1891fdc38 mode 0
Event: 87.908 Thread 0x000001f3217f0220 DEOPT PACKING pc=0x000001f30b4da694 sp=0x000000e1891fe750
Event: 87.908 Thread 0x000001f3217f0220 DEOPT UNPACKING pc=0x000001f310a57124 sp=0x000000e1891fdc38 mode 0
Event: 87.910 Thread 0x000001f3217f0220 DEOPT PACKING pc=0x000001f30b4da694 sp=0x000000e1891fe750
Event: 87.910 Thread 0x000001f3217f0220 DEOPT UNPACKING pc=0x000001f310a57124 sp=0x000000e1891fdc38 mode 0
Event: 87.913 Thread 0x000001f3217f0220 DEOPT PACKING pc=0x000001f30b4da694 sp=0x000000e1891fe750
Event: 87.913 Thread 0x000001f3217f0220 DEOPT UNPACKING pc=0x000001f310a57124 sp=0x000000e1891fdc38 mode 0
Event: 87.921 Thread 0x000001f3217f0220 DEOPT PACKING pc=0x000001f30b4da694 sp=0x000000e1891fe750
Event: 87.921 Thread 0x000001f3217f0220 DEOPT UNPACKING pc=0x000001f310a57124 sp=0x000000e1891fdc38 mode 0
Event: 88.113 Thread 0x000001f3217f0220 DEOPT PACKING pc=0x000001f30b063732 sp=0x000000e1891fe9c0
Event: 88.113 Thread 0x000001f3217f0220 DEOPT UNPACKING pc=0x000001f310a57124 sp=0x000000e1891fdf00 mode 0
Event: 88.162 Thread 0x000001f3217f0220 DEOPT PACKING pc=0x000001f30b07b2cc sp=0x000000e1891fe9c0
Event: 88.162 Thread 0x000001f3217f0220 DEOPT UNPACKING pc=0x000001f310a57124 sp=0x000000e1891fdfa8 mode 0

Classes unloaded (0 events):
No events

Classes redefined (0 events):
No events

Internal exceptions (20 events):
Event: 79.378 Thread 0x000001f3217f53f0 Exception <a 'java/lang/NoSuchMethodError'{0x00000000b4755c08}: 'long java.lang.invoke.DirectMethodHandle$Holder.invokeStatic(java.lang.Object, java.lang.Object, java.lang.Object)'> (0x00000000b4755c08) 
thrown [s\src\hotspot\share\interpreter\linkResolver.cpp, line 771]
Event: 83.146 Thread 0x000001f3217efd50 Implicit null exception at 0x000001f3111ff303 to 0x000001f3111ff4bc
Event: 83.148 Thread 0x000001f3217efd50 Exception <a 'sun/nio/fs/WindowsException'{0x00000000b6419ec8}> (0x00000000b6419ec8) 
thrown [s\src\hotspot\share\prims\jni.cpp, line 517]
Event: 83.233 Thread 0x000001f31f495bf0 Exception <a 'java/lang/NoSuchMethodError'{0x00000000b61b3058}: static [Ljava/lang/Object;.<clinit>()V> (0x00000000b61b3058) 
thrown [s\src\hotspot\share\prims\jni.cpp, line 1108]
Event: 84.413 Thread 0x000001f3217f06f0 Exception <a 'sun/nio/fs/WindowsException'{0x00000000b53d7440}> (0x00000000b53d7440) 
thrown [s\src\hotspot\share\prims\jni.cpp, line 517]
Event: 84.442 Thread 0x000001f3217f06f0 Exception <a 'sun/nio/fs/WindowsException'{0x00000000b52032a0}> (0x00000000b52032a0) 
thrown [s\src\hotspot\share\prims\jni.cpp, line 517]
Event: 84.443 Thread 0x000001f3217f06f0 Exception <a 'sun/nio/fs/WindowsException'{0x00000000b5203660}> (0x00000000b5203660) 
thrown [s\src\hotspot\share\prims\jni.cpp, line 517]
Event: 85.110 Thread 0x000001f3217f06f0 Exception <a 'java/lang/NoSuchMethodError'{0x00000000b4eace00}: 'java.lang.Object java.lang.invoke.Invokers$Holder.invoke_MT(java.lang.Object, java.lang.Object, java.lang.Object)'> (0x00000000b4eace00) 
thrown [s\src\hotspot\share\interpreter\linkResolver.cpp, line 771]
Event: 85.161 Thread 0x000001f3217f0bc0 Exception <a 'sun/nio/fs/WindowsException'{0x00000000b4efdf28}> (0x00000000b4efdf28) 
thrown [s\src\hotspot\share\prims\jni.cpp, line 517]
Event: 86.017 Thread 0x000001f3213d26d0 Exception <a 'sun/nio/fs/WindowsException'{0x00000000b830b678}> (0x00000000b830b678) 
thrown [s\src\hotspot\share\prims\jni.cpp, line 517]
Event: 86.017 Thread 0x000001f3213d26d0 Exception <a 'sun/nio/fs/WindowsException'{0x00000000b830c540}> (0x00000000b830c540) 
thrown [s\src\hotspot\share\prims\jni.cpp, line 517]
Event: 86.020 Thread 0x000001f3213d26d0 Exception <a 'sun/nio/fs/WindowsException'{0x00000000b830c988}> (0x00000000b830c988) 
thrown [s\src\hotspot\share\prims\jni.cpp, line 517]
Event: 86.020 Thread 0x000001f3213d26d0 Exception <a 'sun/nio/fs/WindowsException'{0x00000000b830d850}> (0x00000000b830d850) 
thrown [s\src\hotspot\share\prims\jni.cpp, line 517]
Event: 86.021 Thread 0x000001f3213d26d0 Exception <a 'sun/nio/fs/WindowsException'{0x00000000b830db58}> (0x00000000b830db58) 
thrown [s\src\hotspot\share\prims\jni.cpp, line 517]
Event: 86.021 Thread 0x000001f3213d26d0 Exception <a 'sun/nio/fs/WindowsException'{0x00000000b830e9f0}> (0x00000000b830e9f0) 
thrown [s\src\hotspot\share\prims\jni.cpp, line 517]
Event: 86.060 Thread 0x000001f3213d26d0 Exception <a 'java/lang/NoSuchMethodError'{0x00000000b7802f78}: static Lcom/android/builder/internal/aapt/AaptOptions;.<clinit>()V> (0x00000000b7802f78) 
thrown [s\src\hotspot\share\prims\jni.cpp, line 1108]
Event: 86.063 Thread 0x000001f3213d26d0 Exception <a 'java/lang/NoSuchMethodError'{0x00000000b782ace8}: static Ljava/lang/Object;.<clinit>()V> (0x00000000b782ace8) 
thrown [s\src\hotspot\share\prims\jni.cpp, line 1108]
Event: 86.064 Thread 0x000001f3213d26d0 Exception <a 'java/lang/NoSuchMethodError'{0x00000000b7841b30}: static Lcom/android/build/api/variant/impl/VariantOutputImpl$SerializedForm;.<clinit>()V> (0x00000000b7841b30) 
thrown [s\src\hotspot\share\prims\jni.cpp, line 1108]
Event: 86.068 Thread 0x000001f3213d26d0 Exception <a 'java/lang/NoSuchMethodError'{0x00000000b7859a38}: static Lcom/android/build/api/variant/impl/VariantOutputConfigurationImpl;.<clinit>()V> (0x00000000b7859a38) 
thrown [s\src\hotspot\share\prims\jni.cpp, line 1108]
Event: 86.570 Thread 0x000001f3217f0bc0 Implicit null exception at 0x000001f31174ca54 to 0x000001f31174cb08

VM Operations (20 events):
Event: 82.181 Executing VM operation: Cleanup done
Event: 82.469 Executing VM operation: G1CollectForAllocation
Event: 82.584 Executing VM operation: G1CollectForAllocation done
Event: 83.887 Executing VM operation: ICBufferFull
Event: 83.888 Executing VM operation: ICBufferFull done
Event: 85.106 Executing VM operation: HandshakeAllThreads
Event: 85.106 Executing VM operation: HandshakeAllThreads done
Event: 85.106 Executing VM operation: Cleanup
Event: 85.106 Executing VM operation: Cleanup done
Event: 85.942 Executing VM operation: G1CollectForAllocation
Event: 86.015 Executing VM operation: G1CollectForAllocation done
Event: 86.060 Executing VM operation: HandshakeAllThreads
Event: 86.077 Executing VM operation: HandshakeAllThreads done
Event: 86.107 Executing VM operation: ICBufferFull
Event: 86.111 Executing VM operation: ICBufferFull done
Event: 86.611 Executing VM operation: G1CollectForAllocation
Event: 86.769 Executing VM operation: G1CollectForAllocation done
Event: 87.460 Executing VM operation: G1CollectForAllocation
Event: 87.575 Executing VM operation: G1CollectForAllocation done
Event: 88.207 Executing VM operation: G1CollectForAllocation

Events (20 events):
Event: 83.306 loading class java/util/Spliterators$AbstractSpliterator
Event: 83.306 loading class java/util/Spliterators$AbstractSpliterator done
Event: 83.306 loading class java/util/zip/ZipFile$EntrySpliterator done
Event: 83.998 Thread 0x000001f3217f0bc0 Thread added: 0x000001f3217f0bc0
Event: 85.109 loading class java/nio/channels/FileChannel$MapMode
Event: 85.109 loading class java/nio/channels/FileChannel$MapMode done
Event: 85.109 loading class jdk/internal/misc/ExtendedMapMode
Event: 85.109 loading class jdk/internal/misc/ExtendedMapMode done
Event: 85.110 loading class sun/nio/ch/FileChannelImpl$DefaultUnmapper
Event: 85.110 loading class sun/nio/ch/FileChannelImpl$Unmapper
Event: 85.111 loading class jdk/internal/access/foreign/UnmapperProxy
Event: 85.111 loading class jdk/internal/access/foreign/UnmapperProxy done
Event: 85.111 loading class sun/nio/ch/FileChannelImpl$Unmapper done
Event: 85.111 loading class sun/nio/ch/FileChannelImpl$DefaultUnmapper done
Event: 85.111 loading class sun/nio/ch/Util$4
Event: 85.111 loading class sun/nio/ch/Util$4 done
Event: 86.082 Thread 0x000001f31e84be00 flushing nmethod 0x000001f31169f390
Event: 86.117 Thread 0x000001f3217f1090 Thread added: 0x000001f3217f1090
Event: 86.118 Thread 0x000001f3217f0220 Thread added: 0x000001f3217f0220
Event: 87.281 Thread 0x000001f3217f06f0 Thread exited: 0x000001f3217f06f0


Dynamic libraries:
0x00007ff7e4910000 - 0x00007ff7e491a000 	D:\Program Files\Android\Android Studio\jbr\bin\java.exe
0x00007ffc5faf0000 - 0x00007ffc5fd04000 	C:\Windows\SYSTEM32\ntdll.dll
0x00007ffc5ee50000 - 0x00007ffc5ef14000 	C:\Windows\System32\KERNEL32.DLL
0x00007ffc5d340000 - 0x00007ffc5d6e4000 	C:\Windows\System32\KERNELBASE.dll
0x00007ffc5cea0000 - 0x00007ffc5cfb1000 	C:\Windows\System32\ucrtbase.dll
0x00007ffc402e0000 - 0x00007ffc402f7000 	D:\Program Files\Android\Android Studio\jbr\bin\jli.dll
0x00007ffc5f350000 - 0x00007ffc5f4fe000 	C:\Windows\System32\USER32.dll
0x00007ffc5d850000 - 0x00007ffc5d876000 	C:\Windows\System32\win32u.dll
0x00007ffc5fa80000 - 0x00007ffc5faa9000 	C:\Windows\System32\GDI32.dll
0x00007ffc5d030000 - 0x00007ffc5d148000 	C:\Windows\System32\gdi32full.dll
0x00007ffc5d6f0000 - 0x00007ffc5d78a000 	C:\Windows\System32\msvcp_win.dll
0x00007ffc4e0a0000 - 0x00007ffc4e333000 	C:\Windows\WinSxS\amd64_microsoft.windows.common-controls_6595b64144ccf1df_6.0.22621.2215_none_270d72677387dfc3\COMCTL32.dll
0x00007ffc5d960000 - 0x00007ffc5da07000 	C:\Windows\System32\msvcrt.dll
0x00007ffc48960000 - 0x00007ffc4897b000 	D:\Program Files\Android\Android Studio\jbr\bin\VCRUNTIME140.dll
0x00007ffc5daa0000 - 0x00007ffc5dad1000 	C:\Windows\System32\IMM32.DLL
0x00007ffc3e8e0000 - 0x00007ffc3e8ec000 	D:\Program Files\Android\Android Studio\jbr\bin\vcruntime140_1.dll
0x00007ffc1d9f0000 - 0x00007ffc1da7d000 	D:\Program Files\Android\Android Studio\jbr\bin\msvcp140.dll
0x00007ffc04cd0000 - 0x00007ffc0593e000 	D:\Program Files\Android\Android Studio\jbr\bin\server\jvm.dll
0x00007ffc5f9b0000 - 0x00007ffc5fa60000 	C:\Windows\System32\ADVAPI32.dll
0x00007ffc5ed50000 - 0x00007ffc5edf6000 	C:\Windows\System32\sechost.dll
0x00007ffc5e8f0000 - 0x00007ffc5ea07000 	C:\Windows\System32\RPCRT4.dll
0x00007ffc5a250000 - 0x00007ffc5a259000 	C:\Windows\SYSTEM32\WSOCK32.dll
0x00007ffc5f220000 - 0x00007ffc5f291000 	C:\Windows\System32\WS2_32.dll
0x00007ffc55f70000 - 0x00007ffc55f7a000 	C:\Windows\SYSTEM32\VERSION.dll
0x00007ffc49270000 - 0x00007ffc492a4000 	C:\Windows\SYSTEM32\WINMM.dll
0x00007ffc5bfe0000 - 0x00007ffc5bff8000 	C:\Windows\SYSTEM32\kernel.appcore.dll
0x00007ffc48950000 - 0x00007ffc4895a000 	D:\Program Files\Android\Android Studio\jbr\bin\jimage.dll
0x00007ffc48f50000 - 0x00007ffc4917e000 	C:\Windows\SYSTEM32\DBGHELP.DLL
0x00007ffc5e4e0000 - 0x00007ffc5e86a000 	C:\Windows\System32\combase.dll
0x00007ffc5d880000 - 0x00007ffc5d957000 	C:\Windows\System32\OLEAUT32.dll
0x00007ffc42fa0000 - 0x00007ffc42fd2000 	C:\Windows\SYSTEM32\dbgcore.DLL
0x00007ffc5d150000 - 0x00007ffc5d1ca000 	C:\Windows\System32\bcryptPrimitives.dll
0x00007ffc449a0000 - 0x00007ffc449c5000 	D:\Program Files\Android\Android Studio\jbr\bin\java.dll
0x00007ffc44950000 - 0x00007ffc44968000 	D:\Program Files\Android\Android Studio\jbr\bin\zip.dll
0x00007ffc5dcb0000 - 0x00007ffc5e4d3000 	C:\Windows\System32\SHELL32.dll
0x00007ffc5ae30000 - 0x00007ffc5b71a000 	C:\Windows\SYSTEM32\windows.storage.dll
0x00007ffc5acf0000 - 0x00007ffc5ae2e000 	C:\Windows\SYSTEM32\wintypes.dll
0x00007ffc5ec40000 - 0x00007ffc5ed33000 	C:\Windows\System32\SHCORE.dll
0x00007ffc5f1c0000 - 0x00007ffc5f21e000 	C:\Windows\System32\shlwapi.dll
0x00007ffc5cdd0000 - 0x00007ffc5cdf6000 	C:\Windows\SYSTEM32\profapi.dll
0x00007ffc43690000 - 0x00007ffc436a9000 	D:\Program Files\Android\Android Studio\jbr\bin\net.dll
0x00007ffc54c60000 - 0x00007ffc54d97000 	C:\Windows\SYSTEM32\WINHTTP.dll
0x00007ffc5c460000 - 0x00007ffc5c4c9000 	C:\Windows\system32\mswsock.dll
0x00007ffc40300000 - 0x00007ffc40316000 	D:\Program Files\Android\Android Studio\jbr\bin\nio.dll
0x00007ffc46ca0000 - 0x00007ffc46cb0000 	D:\Program Files\Android\Android Studio\jbr\bin\verify.dll
0x00007ffc3ac90000 - 0x00007ffc3acb7000 	C:\Users\LiuJu\.gradle\native\e1d6ef7f7dcc3fd88c89a11ec53ec762bb8ba0a96d01ffa2cd45eb1d1d8dd5c5\windows-amd64\native-platform.dll
0x00007ffc17630000 - 0x00007ffc17774000 	C:\Users\LiuJu\.gradle\native\5664cfc778a61ccfe75a443a1ab52a65af34e5dc3c78e0209fed803814484fcb\windows-amd64\native-platform-file-events.dll
0x00007ffc44990000 - 0x00007ffc44999000 	D:\Program Files\Android\Android Studio\jbr\bin\management.dll
0x00007ffc44930000 - 0x00007ffc4493b000 	D:\Program Files\Android\Android Studio\jbr\bin\management_ext.dll
0x00007ffc5dae0000 - 0x00007ffc5dae8000 	C:\Windows\System32\PSAPI.DLL
0x00007ffc5c6b0000 - 0x00007ffc5c6cb000 	C:\Windows\SYSTEM32\CRYPTSP.dll
0x00007ffc5bf50000 - 0x00007ffc5bf85000 	C:\Windows\system32\rsaenh.dll
0x00007ffc5c550000 - 0x00007ffc5c57c000 	C:\Windows\SYSTEM32\USERENV.dll
0x00007ffc5c850000 - 0x00007ffc5c878000 	C:\Windows\SYSTEM32\bcrypt.dll
0x00007ffc5c6d0000 - 0x00007ffc5c6dc000 	C:\Windows\SYSTEM32\CRYPTBASE.dll
0x00007ffc5ba40000 - 0x00007ffc5ba6d000 	C:\Windows\SYSTEM32\IPHLPAPI.DLL
0x00007ffc5ec30000 - 0x00007ffc5ec39000 	C:\Windows\System32\NSI.dll
0x00007ffc54e30000 - 0x00007ffc54e49000 	C:\Windows\SYSTEM32\dhcpcsvc6.DLL
0x00007ffc54ba0000 - 0x00007ffc54bbf000 	C:\Windows\SYSTEM32\dhcpcsvc.DLL
0x00007ffc5ba70000 - 0x00007ffc5bb62000 	C:\Windows\SYSTEM32\DNSAPI.dll
0x00007ffc43a90000 - 0x00007ffc43a98000 	C:\Windows\system32\wshunix.dll

dbghelp: loaded successfully - version: 4.0.5 - missing functions: none
symbol engine: initialized successfully - sym options: 0x614 - pdb path: .;D:\Program Files\Android\Android Studio\jbr\bin;C:\Windows\SYSTEM32;C:\Windows\WinSxS\amd64_microsoft.windows.common-controls_6595b64144ccf1df_6.0.22621.2215_none_270d72677387dfc3;D:\Program Files\Android\Android Studio\jbr\bin\server;C:\Users\LiuJu\.gradle\native\e1d6ef7f7dcc3fd88c89a11ec53ec762bb8ba0a96d01ffa2cd45eb1d1d8dd5c5\windows-amd64;C:\Users\LiuJu\.gradle\native\5664cfc778a61ccfe75a443a1ab52a65af34e5dc3c78e0209fed803814484fcb\windows-amd64

VM Arguments:
jvm_args: --add-opens=java.base/java.util=ALL-UNNAMED --add-opens=java.base/java.lang=ALL-UNNAMED --add-opens=java.base/java.lang.invoke=ALL-UNNAMED --add-opens=java.base/java.util=ALL-UNNAMED --add-opens=java.prefs/java.util.prefs=ALL-UNNAMED --add-opens=java.prefs/java.util.prefs=ALL-UNNAMED --add-opens=java.base/java.nio.charset=ALL-UNNAMED --add-opens=java.base/java.net=ALL-UNNAMED --add-opens=java.base/java.util.concurrent.atomic=ALL-UNNAMED -Xmx1536m -Dfile.encoding=GBK -Duser.country=CN -Duser.language=zh -Duser.variant 
java_command: org.gradle.launcher.daemon.bootstrap.GradleDaemon 7.3.3
java_class_path (initial): C:\Users\LiuJu\.gradle\wrapper\dists\gradle-7.3.3-bin\6a41zxkdtcxs8rphpq6y0069z\gradle-7.3.3\lib\gradle-launcher-7.3.3.jar
Launcher Type: SUN_STANDARD

[Global flags]
     intx CICompilerCount                          = 2                                         {product} {ergonomic}
     uint ConcGCThreads                            = 1                                         {product} {ergonomic}
     uint G1ConcRefinementThreads                  = 2                                         {product} {ergonomic}
   size_t G1HeapRegionSize                         = 1048576                                   {product} {ergonomic}
    uintx GCDrainStackTargetSize                   = 64                                        {product} {ergonomic}
   size_t InitialHeapSize                          = 134217728                                 {product} {ergonomic}
   size_t MarkStackSize                            = 4194304                                   {product} {ergonomic}
   size_t MaxHeapSize                              = 1610612736                                {product} {command line}
   size_t MaxNewSize                               = 965738496                                 {product} {ergonomic}
   size_t MinHeapDeltaBytes                        = 1048576                                   {product} {ergonomic}
   size_t MinHeapSize                              = 8388608                                   {product} {ergonomic}
    uintx NonNMethodCodeHeapSize                   = 5826188                                {pd product} {ergonomic}
    uintx NonProfiledCodeHeapSize                  = 122916026                              {pd product} {ergonomic}
    uintx ProfiledCodeHeapSize                     = 122916026                              {pd product} {ergonomic}
    uintx ReservedCodeCacheSize                    = 251658240                              {pd product} {ergonomic}
     bool SegmentedCodeCache                       = true                                      {product} {ergonomic}
   size_t SoftMaxHeapSize                          = 1610612736                             {manageable} {ergonomic}
     bool UseCompressedClassPointers               = true                           {product lp64_product} {ergonomic}
     bool UseCompressedOops                        = true                           {product lp64_product} {ergonomic}
     bool UseG1GC                                  = true                                      {product} {ergonomic}
     bool UseLargePagesIndividualAllocation        = false                                  {pd product} {ergonomic}

Logging:
Log output configuration:
 #0: stdout all=warning uptime,level,tags
 #1: stderr all=off uptime,level,tags

Environment Variables:
PATH=C:\Windows\system32;C:\Windows;C:\Windows\System32\Wbem;C:\Windows\System32\WindowsPowerShell\v1.0\;D:\Program Files\Bandizip\;C:\Program Files\dotnet\;C:\Program Files (x86)\NVIDIA Corporation\PhysX\Common;C:\Program Files\NVIDIA Corporation\NVIDIA NvDLISR;D:\Program Files\Git\cmd;C:\Users\LiuJu\AppData\Local\Microsoft\WindowsApps;
USERNAME=LiuJust
OS=Windows_NT
PROCESSOR_IDENTIFIER=Intel64 Family 6 Model 60 Stepping 3, GenuineIntel
TMP=C:\Users\LiuJu\AppData\Local\Temp
TEMP=C:\Users\LiuJu\AppData\Local\Temp


JNI global refs:
JNI global refs: 26, weak refs: 30

JNI global refs memory usage: 843, weak refs: 1473


---------------  S Y S T E M  ---------------

OS:
 Windows 11 , 64 bit Build 22621 (10.0.22621.2215)
OS uptime: 0 days 4:40 hours

CPU: total 2 (initial active 2) (2 cores per cpu, 1 threads per core) family 6 model 60 stepping 3 microcode 0x28, cx8, cmov, fxsr, mmx, sse, sse2, sse3, ssse3, sse4.1, sse4.2, popcnt, lzcnt, tsc, tscinvbit, erms, clmul, clflush

Memory: 4k page, system-wide physical 8108M (459M free)
TotalPageFile size 8108M (AvailPageFile size 140M)
current process WorkingSet (physical memory assigned to process): 689M, peak: 699M
current process commit charge ("private bytes"): 713M, peak: 915M

vm_info: OpenJDK 64-Bit Server VM (17.0.6+0-b2043.56-10027231) for windows-amd64 JRE (17.0.6+0-b2043.56-10027231), built on Apr 28 2023 00:43:19 by "androidbuild" with MS VC++ 16.10 / 16.11 (VS2019)

END.
